<?xml version="1.0" encoding="UTF-8"?>
<testsuites name="Permata VA noPay 2" time="333.784" tests="1" failures="0" errors="0">
   <testsuite name="Permata VA noPay 2" tests="1" failures="0" errors="0" time="333.784" skipped="0" timestamp="2022-05-24 14:48:04" hostname="E2PAY - LAPTOP-9GU3I3BG" id="Test Suites/Permata VA noPay 2">
      <properties>
[...]
</properties>
      <testcase name="Test Cases/simulator - pass PERMATA noPay - Copy" time="332.801" classname="Test Cases/simulator - pass PERMATA noPay - Copy" status="PASSED">
         <system-out><![CDATA[2022-05-24 14:48:05 - [TEST_CASE][PASSED] - Test Cases/simulator - pass PERMATA noPay - Copy: Test Cases/simulator - pass PERMATA noPay - Copy

2022-05-24 14:48:08 - [TEST_STEP][PASSED] - openBrowser(""): Browser is opened with url: ''

2022-05-24 14:48:10 - [MESSAGE][INFO] - Starting 'Chrome' driver

2022-05-24 14:48:10 - [MESSAGE][INFO] - Action delay is set to 0 milliseconds

2022-05-24 14:48:17 - [MESSAGE][PASSED] - Browser is opened with url: ''

2022-05-24 14:48:17 - [TEST_STEP][PASSED] - for ([i = 1, i <= 10, (i++)]): Taking screenshot successfully

2022-05-24 14:48:17 - [TEST_STEP][PASSED] - navigateToUrl("www.google.com"): Navigate to 'http://www.google.com' successfully

2022-05-24 14:48:22 - [MESSAGE][PASSED] - Navigate to 'http://www.google.com' successfully

2022-05-24 14:48:22 - [TEST_STEP][PASSED] - delay(1): Delayed 1 second(s)

2022-05-24 14:48:23 - [MESSAGE][PASSED] - Delayed 1 second(s)

2022-05-24 14:48:23 - [TEST_STEP][PASSED] - temp_amount = amount + i: null

2022-05-24 14:48:23 - [TEST_STEP][PASSED] - temp = all + temp_amount + "00": null

2022-05-24 14:48:23 - [TEST_STEP][PASSED] - setText(findTestObject("Page_Google/search"), temp): Text 'EPT0000222200100' is set on object 'Object Repository/Page_Google/search'

2022-05-24 14:48:25 - [MESSAGE][PASSED] - Text 'EPT0000222200100' is set on object 'Object Repository/Page_Google/search'

2022-05-24 14:48:25 - [TEST_STEP][PASSED] - sendKeys(findTestObject("Page_Google/search"), Keys.chord(CONTROL, "a")): Keys 'CONTROL + a' sent to object: 'Object Repository/Page_Google/search'

2022-05-24 14:48:26 - [MESSAGE][PASSED] - Keys 'CONTROL + a' sent to object: 'Object Repository/Page_Google/search'

2022-05-24 14:48:26 - [TEST_STEP][PASSED] - sendKeys(findTestObject("Page_Google/search"), Keys.chord(CONTROL, "c")): Keys 'CONTROL + c' sent to object: 'Object Repository/Page_Google/search'

2022-05-24 14:48:26 - [MESSAGE][PASSED] - Keys 'CONTROL + c' sent to object: 'Object Repository/Page_Google/search'

2022-05-24 14:48:26 - [TEST_STEP][PASSED] - navigateToUrl("https://simulatortest.e2pay.co.id/simulator/"): Navigate to 'https://simulatortest.e2pay.co.id/simulator/' successfully

2022-05-24 14:48:36 - [MESSAGE][PASSED] - Navigate to 'https://simulatortest.e2pay.co.id/simulator/' successfully

2022-05-24 14:48:36 - [TEST_STEP][PASSED] - delay(2): Delayed 2 second(s)

2022-05-24 14:48:38 - [MESSAGE][PASSED] - Delayed 2 second(s)

2022-05-24 14:48:38 - [TEST_STEP][PASSED] - click(findTestObject("simulator post/input_merhant code")): Object: 'Object Repository/simulator post/input_merhant code' is clicked on

2022-05-24 14:48:39 - [MESSAGE][PASSED] - Object: 'Object Repository/simulator post/input_merhant code' is clicked on

2022-05-24 14:48:39 - [TEST_STEP][PASSED] - sendKeys(findTestObject("simulator post/input_merhant code"), Keys.chord(CONTROL, "a")): Keys 'CONTROL + a' sent to object: 'Object Repository/simulator post/input_merhant code'

2022-05-24 14:48:40 - [MESSAGE][PASSED] - Keys 'CONTROL + a' sent to object: 'Object Repository/simulator post/input_merhant code'

2022-05-24 14:48:40 - [TEST_STEP][PASSED] - sendKeys(findTestObject("simulator post/input_merhant code"), Keys.chord(DELETE)): Keys 'DELETE + ' sent to object: 'Object Repository/simulator post/input_merhant code'

2022-05-24 14:48:40 - [MESSAGE][PASSED] - Keys 'DELETE + ' sent to object: 'Object Repository/simulator post/input_merhant code'

2022-05-24 14:48:40 - [TEST_STEP][PASSED] - sendKeys(findTestObject("simulator post/input_merhant code"), Keys.chord(CONTROL, "v")): Keys 'CONTROL + v' sent to object: 'Object Repository/simulator post/input_merhant code'

2022-05-24 14:48:41 - [MESSAGE][PASSED] - Keys 'CONTROL + v' sent to object: 'Object Repository/simulator post/input_merhant code'

2022-05-24 14:48:41 - [TEST_STEP][PASSED] - sendKeys(findTestObject("simulator post/input_merhant code"), Keys.chord(SHIFT, ARROW_LEFT, ARROW_LEFT, ARROW_LEFT, ARROW_LEFT, ARROW_LEFT, ARROW_LEFT, ARROW_LEFT, ARROW_LEFT)): Keys 'SHIFT + LEFT + LEFT + LEFT + LEFT + LEFT + LEFT + LEFT + LEFT + ' sent to object: 'Object Repository/simulator post/input_merhant code'

2022-05-24 14:48:42 - [MESSAGE][PASSED] - Keys 'SHIFT + LEFT + LEFT + LEFT + LEFT + LEFT + LEFT + LEFT + LEFT + ' sent to object: 'Object Repository/simulator post/input_merhant code'

2022-05-24 14:48:42 - [TEST_STEP][PASSED] - sendKeys(findTestObject("simulator post/input_merhant code"), Keys.chord(CONTROL, "x")): Keys 'CONTROL + x' sent to object: 'Object Repository/simulator post/input_merhant code'

2022-05-24 14:48:42 - [MESSAGE][PASSED] - Keys 'CONTROL + x' sent to object: 'Object Repository/simulator post/input_merhant code'

2022-05-24 14:48:42 - [TEST_STEP][PASSED] - click(findTestObject("simulator post/input_paymentID")): Object: 'Object Repository/simulator post/input_paymentID' is clicked on

2022-05-24 14:48:43 - [MESSAGE][PASSED] - Object: 'Object Repository/simulator post/input_paymentID' is clicked on

2022-05-24 14:48:43 - [TEST_STEP][PASSED] - sendKeys(findTestObject("simulator post/input_paymentID"), Keys.chord(CONTROL, "a")): Keys 'CONTROL + a' sent to object: 'Object Repository/simulator post/input_paymentID'

2022-05-24 14:48:44 - [MESSAGE][PASSED] - Keys 'CONTROL + a' sent to object: 'Object Repository/simulator post/input_paymentID'

2022-05-24 14:48:44 - [TEST_STEP][PASSED] - sendKeys(findTestObject("simulator post/input_paymentID"), Keys.chord(DELETE)): Keys 'DELETE + ' sent to object: 'Object Repository/simulator post/input_paymentID'

2022-05-24 14:48:45 - [MESSAGE][PASSED] - Keys 'DELETE + ' sent to object: 'Object Repository/simulator post/input_paymentID'

2022-05-24 14:48:45 - [TEST_STEP][PASSED] - sendKeys(findTestObject("simulator post/input_paymentID"), Keys.chord(CONTROL, "v")): Keys 'CONTROL + v' sent to object: 'Object Repository/simulator post/input_paymentID'

2022-05-24 14:48:45 - [MESSAGE][PASSED] - Keys 'CONTROL + v' sent to object: 'Object Repository/simulator post/input_paymentID'

2022-05-24 14:48:45 - [TEST_STEP][PASSED] - sendKeys(findTestObject("simulator post/input_paymentID"), Keys.chord(SHIFT, ARROW_LEFT, ARROW_LEFT, ARROW_LEFT, ARROW_LEFT, ARROW_LEFT, ARROW_LEFT)): Keys 'SHIFT + LEFT + LEFT + LEFT + LEFT + LEFT + LEFT + ' sent to object: 'Object Repository/simulator post/input_paymentID'

2022-05-24 14:48:46 - [MESSAGE][PASSED] - Keys 'SHIFT + LEFT + LEFT + LEFT + LEFT + LEFT + LEFT + ' sent to object: 'Object Repository/simulator post/input_paymentID'

2022-05-24 14:48:46 - [TEST_STEP][PASSED] - sendKeys(findTestObject("simulator post/input_paymentID"), Keys.chord(CONTROL, "x")): Keys 'CONTROL + x' sent to object: 'Object Repository/simulator post/input_paymentID'

2022-05-24 14:48:47 - [MESSAGE][PASSED] - Keys 'CONTROL + x' sent to object: 'Object Repository/simulator post/input_paymentID'

2022-05-24 14:48:47 - [TEST_STEP][PASSED] - click(findTestObject("simulator post/input_amount")): Object: 'Object Repository/simulator post/input_amount' is clicked on

2022-05-24 14:48:48 - [MESSAGE][PASSED] - Object: 'Object Repository/simulator post/input_amount' is clicked on

2022-05-24 14:48:48 - [TEST_STEP][PASSED] - sendKeys(findTestObject("simulator post/input_amount"), Keys.chord(CONTROL, "a")): Keys 'CONTROL + a' sent to object: 'Object Repository/simulator post/input_amount'

2022-05-24 14:48:48 - [MESSAGE][PASSED] - Keys 'CONTROL + a' sent to object: 'Object Repository/simulator post/input_amount'

2022-05-24 14:48:48 - [TEST_STEP][PASSED] - sendKeys(findTestObject("simulator post/input_amount"), Keys.chord(DELETE)): Keys 'DELETE + ' sent to object: 'Object Repository/simulator post/input_amount'

2022-05-24 14:48:49 - [MESSAGE][PASSED] - Keys 'DELETE + ' sent to object: 'Object Repository/simulator post/input_amount'

2022-05-24 14:48:49 - [TEST_STEP][PASSED] - sendKeys(findTestObject("simulator post/input_amount"), Keys.chord(CONTROL, "v")): Keys 'CONTROL + v' sent to object: 'Object Repository/simulator post/input_amount'

2022-05-24 14:48:50 - [MESSAGE][PASSED] - Keys 'CONTROL + v' sent to object: 'Object Repository/simulator post/input_amount'

2022-05-24 14:48:50 - [TEST_STEP][PASSED] - value_amount = getText(findTestObject("simulator post/input_amount")): Text of object 'Object Repository/simulator post/input_amount' is: 'Amount'

2022-05-24 14:48:50 - [MESSAGE][PASSED] - Text of object 'Object Repository/simulator post/input_amount' is: 'Amount'

2022-05-24 14:48:50 - [TEST_STEP][PASSED] - delay(1): Delayed 1 second(s)

2022-05-24 14:48:51 - [MESSAGE][PASSED] - Delayed 1 second(s)

2022-05-24 14:48:51 - [TEST_STEP][PASSED] - println(value_amount): null

2022-05-24 14:48:51 - [TEST_STEP][PASSED] - takeFullPageScreenshot(): Taking screenshot successfully

2022-05-24 14:49:02 - [MESSAGE][INFO] - 0 hidden object(s)

2022-05-24 14:49:03 - [MESSAGE][PASSED] - Taking screenshot successfully
[[ATTACHMENT|C:\\Users\\E2PAY\\git\\simulatorTestHp\\Reports\\20220524_144749\\Permata VA noPay 2\\20220524_144751\\1653378531817.png]]

2022-05-24 14:49:03 - [TEST_STEP][PASSED] - click(findTestObject("simulator post/btn_proses payment")): Object: 'Object Repository/simulator post/btn_proses payment' is clicked on

2022-05-24 14:49:03 - [MESSAGE][PASSED] - Object: 'Object Repository/simulator post/btn_proses payment' is clicked on

2022-05-24 14:49:03 - [TEST_STEP][PASSED] - delay(1): Delayed 1 second(s)

2022-05-24 14:49:04 - [MESSAGE][PASSED] - Delayed 1 second(s)

2022-05-24 14:49:04 - [TEST_STEP][PASSED] - va = getText(findTestObject("page_tagihan BCA/div_700701701000000319")): Text of object 'Object Repository/page_tagihan BCA/div_700701701000000319' is: '8452170000122616'

2022-05-24 14:49:08 - [MESSAGE][PASSED] - Text of object 'Object Repository/page_tagihan BCA/div_700701701000000319' is: '8452170000122616'

2022-05-24 14:49:08 - [TEST_STEP][PASSED] - value_bayar = getText(findTestObject("page_tagihan BCA/span_Rp 300.000,00")): Text of object 'Object Repository/page_tagihan BCA/span_Rp 300.000,00' is: 'Rp 2.001,00'

2022-05-24 14:49:09 - [MESSAGE][PASSED] - Text of object 'Object Repository/page_tagihan BCA/span_Rp 300.000,00' is: 'Rp 2.001,00'

2022-05-24 14:49:09 - [TEST_STEP][PASSED] - delay(1): Delayed 1 second(s)

2022-05-24 14:49:10 - [MESSAGE][PASSED] - Delayed 1 second(s)

2022-05-24 14:49:10 - [TEST_STEP][PASSED] - takeFullPageScreenshot(): Taking screenshot successfully

2022-05-24 14:49:15 - [MESSAGE][INFO] - 0 hidden object(s)

2022-05-24 14:49:15 - [MESSAGE][PASSED] - Taking screenshot successfully
[[ATTACHMENT|C:\\Users\\E2PAY\\git\\simulatorTestHp\\Reports\\20220524_144749\\Permata VA noPay 2\\20220524_144751\\1653378550375.png]]

2022-05-24 14:49:15 - [TEST_STEP][PASSED] - navigateToUrl("www.google.com"): Navigate to 'http://www.google.com' successfully

2022-05-24 14:49:16 - [MESSAGE][PASSED] - Navigate to 'http://www.google.com' successfully

2022-05-24 14:49:16 - [TEST_STEP][PASSED] - delay(1): Delayed 1 second(s)

2022-05-24 14:49:17 - [MESSAGE][PASSED] - Delayed 1 second(s)

2022-05-24 14:49:17 - [TEST_STEP][PASSED] - temp_amount = amount + i: null

2022-05-24 14:49:17 - [TEST_STEP][PASSED] - temp = all + temp_amount + "00": null

2022-05-24 14:49:17 - [TEST_STEP][PASSED] - setText(findTestObject("Page_Google/search"), temp): Text 'EPT0000222200200' is set on object 'Object Repository/Page_Google/search'

2022-05-24 14:49:18 - [MESSAGE][PASSED] - Text 'EPT0000222200200' is set on object 'Object Repository/Page_Google/search'

2022-05-24 14:49:18 - [TEST_STEP][PASSED] - sendKeys(findTestObject("Page_Google/search"), Keys.chord(CONTROL, "a")): Keys 'CONTROL + a' sent to object: 'Object Repository/Page_Google/search'

2022-05-24 14:49:19 - [MESSAGE][PASSED] - Keys 'CONTROL + a' sent to object: 'Object Repository/Page_Google/search'

2022-05-24 14:49:19 - [TEST_STEP][PASSED] - sendKeys(findTestObject("Page_Google/search"), Keys.chord(CONTROL, "c")): Keys 'CONTROL + c' sent to object: 'Object Repository/Page_Google/search'

2022-05-24 14:49:19 - [MESSAGE][PASSED] - Keys 'CONTROL + c' sent to object: 'Object Repository/Page_Google/search'

2022-05-24 14:49:19 - [TEST_STEP][PASSED] - navigateToUrl("https://simulatortest.e2pay.co.id/simulator/"): Navigate to 'https://simulatortest.e2pay.co.id/simulator/' successfully

2022-05-24 14:49:24 - [MESSAGE][PASSED] - Navigate to 'https://simulatortest.e2pay.co.id/simulator/' successfully

2022-05-24 14:49:24 - [TEST_STEP][PASSED] - delay(2): Delayed 2 second(s)

2022-05-24 14:49:26 - [MESSAGE][PASSED] - Delayed 2 second(s)

2022-05-24 14:49:26 - [TEST_STEP][PASSED] - click(findTestObject("simulator post/input_merhant code")): Object: 'Object Repository/simulator post/input_merhant code' is clicked on

2022-05-24 14:49:30 - [MESSAGE][PASSED] - Object: 'Object Repository/simulator post/input_merhant code' is clicked on

2022-05-24 14:49:30 - [TEST_STEP][PASSED] - sendKeys(findTestObject("simulator post/input_merhant code"), Keys.chord(CONTROL, "a")): Keys 'CONTROL + a' sent to object: 'Object Repository/simulator post/input_merhant code'

2022-05-24 14:49:31 - [MESSAGE][PASSED] - Keys 'CONTROL + a' sent to object: 'Object Repository/simulator post/input_merhant code'

2022-05-24 14:49:31 - [TEST_STEP][PASSED] - sendKeys(findTestObject("simulator post/input_merhant code"), Keys.chord(DELETE)): Keys 'DELETE + ' sent to object: 'Object Repository/simulator post/input_merhant code'

2022-05-24 14:49:32 - [MESSAGE][PASSED] - Keys 'DELETE + ' sent to object: 'Object Repository/simulator post/input_merhant code'

2022-05-24 14:49:32 - [TEST_STEP][PASSED] - sendKeys(findTestObject("simulator post/input_merhant code"), Keys.chord(CONTROL, "v")): Keys 'CONTROL + v' sent to object: 'Object Repository/simulator post/input_merhant code'

2022-05-24 14:49:33 - [MESSAGE][PASSED] - Keys 'CONTROL + v' sent to object: 'Object Repository/simulator post/input_merhant code'

2022-05-24 14:49:33 - [TEST_STEP][PASSED] - sendKeys(findTestObject("simulator post/input_merhant code"), Keys.chord(SHIFT, ARROW_LEFT, ARROW_LEFT, ARROW_LEFT, ARROW_LEFT, ARROW_LEFT, ARROW_LEFT, ARROW_LEFT, ARROW_LEFT)): Keys 'SHIFT + LEFT + LEFT + LEFT + LEFT + LEFT + LEFT + LEFT + LEFT + ' sent to object: 'Object Repository/simulator post/input_merhant code'

2022-05-24 14:49:33 - [MESSAGE][PASSED] - Keys 'SHIFT + LEFT + LEFT + LEFT + LEFT + LEFT + LEFT + LEFT + LEFT + ' sent to object: 'Object Repository/simulator post/input_merhant code'

2022-05-24 14:49:33 - [TEST_STEP][PASSED] - sendKeys(findTestObject("simulator post/input_merhant code"), Keys.chord(CONTROL, "x")): Keys 'CONTROL + x' sent to object: 'Object Repository/simulator post/input_merhant code'

2022-05-24 14:49:34 - [MESSAGE][PASSED] - Keys 'CONTROL + x' sent to object: 'Object Repository/simulator post/input_merhant code'

2022-05-24 14:49:34 - [TEST_STEP][PASSED] - click(findTestObject("simulator post/input_paymentID")): Object: 'Object Repository/simulator post/input_paymentID' is clicked on

2022-05-24 14:49:35 - [MESSAGE][PASSED] - Object: 'Object Repository/simulator post/input_paymentID' is clicked on

2022-05-24 14:49:35 - [TEST_STEP][PASSED] - sendKeys(findTestObject("simulator post/input_paymentID"), Keys.chord(CONTROL, "a")): Keys 'CONTROL + a' sent to object: 'Object Repository/simulator post/input_paymentID'

2022-05-24 14:49:36 - [MESSAGE][PASSED] - Keys 'CONTROL + a' sent to object: 'Object Repository/simulator post/input_paymentID'

2022-05-24 14:49:36 - [TEST_STEP][PASSED] - sendKeys(findTestObject("simulator post/input_paymentID"), Keys.chord(DELETE)): Keys 'DELETE + ' sent to object: 'Object Repository/simulator post/input_paymentID'

2022-05-24 14:49:36 - [MESSAGE][PASSED] - Keys 'DELETE + ' sent to object: 'Object Repository/simulator post/input_paymentID'

2022-05-24 14:49:36 - [TEST_STEP][PASSED] - sendKeys(findTestObject("simulator post/input_paymentID"), Keys.chord(CONTROL, "v")): Keys 'CONTROL + v' sent to object: 'Object Repository/simulator post/input_paymentID'

2022-05-24 14:49:37 - [MESSAGE][PASSED] - Keys 'CONTROL + v' sent to object: 'Object Repository/simulator post/input_paymentID'

2022-05-24 14:49:37 - [TEST_STEP][PASSED] - sendKeys(findTestObject("simulator post/input_paymentID"), Keys.chord(SHIFT, ARROW_LEFT, ARROW_LEFT, ARROW_LEFT, ARROW_LEFT, ARROW_LEFT, ARROW_LEFT)): Keys 'SHIFT + LEFT + LEFT + LEFT + LEFT + LEFT + LEFT + ' sent to object: 'Object Repository/simulator post/input_paymentID'

2022-05-24 14:49:38 - [MESSAGE][PASSED] - Keys 'SHIFT + LEFT + LEFT + LEFT + LEFT + LEFT + LEFT + ' sent to object: 'Object Repository/simulator post/input_paymentID'

2022-05-24 14:49:38 - [TEST_STEP][PASSED] - sendKeys(findTestObject("simulator post/input_paymentID"), Keys.chord(CONTROL, "x")): Keys 'CONTROL + x' sent to object: 'Object Repository/simulator post/input_paymentID'

2022-05-24 14:49:39 - [MESSAGE][PASSED] - Keys 'CONTROL + x' sent to object: 'Object Repository/simulator post/input_paymentID'

2022-05-24 14:49:39 - [TEST_STEP][PASSED] - click(findTestObject("simulator post/input_amount")): Object: 'Object Repository/simulator post/input_amount' is clicked on

2022-05-24 14:49:39 - [MESSAGE][PASSED] - Object: 'Object Repository/simulator post/input_amount' is clicked on

2022-05-24 14:49:39 - [TEST_STEP][PASSED] - sendKeys(findTestObject("simulator post/input_amount"), Keys.chord(CONTROL, "a")): Keys 'CONTROL + a' sent to object: 'Object Repository/simulator post/input_amount'

2022-05-24 14:49:40 - [MESSAGE][PASSED] - Keys 'CONTROL + a' sent to object: 'Object Repository/simulator post/input_amount'

2022-05-24 14:49:40 - [TEST_STEP][PASSED] - sendKeys(findTestObject("simulator post/input_amount"), Keys.chord(DELETE)): Keys 'DELETE + ' sent to object: 'Object Repository/simulator post/input_amount'

2022-05-24 14:49:41 - [MESSAGE][PASSED] - Keys 'DELETE + ' sent to object: 'Object Repository/simulator post/input_amount'

2022-05-24 14:49:41 - [TEST_STEP][PASSED] - sendKeys(findTestObject("simulator post/input_amount"), Keys.chord(CONTROL, "v")): Keys 'CONTROL + v' sent to object: 'Object Repository/simulator post/input_amount'

2022-05-24 14:49:41 - [MESSAGE][PASSED] - Keys 'CONTROL + v' sent to object: 'Object Repository/simulator post/input_amount'

2022-05-24 14:49:41 - [TEST_STEP][PASSED] - value_amount = getText(findTestObject("simulator post/input_amount")): Text of object 'Object Repository/simulator post/input_amount' is: 'Amount'

2022-05-24 14:49:42 - [MESSAGE][PASSED] - Text of object 'Object Repository/simulator post/input_amount' is: 'Amount'

2022-05-24 14:49:42 - [TEST_STEP][PASSED] - delay(1): Delayed 1 second(s)

2022-05-24 14:49:43 - [MESSAGE][PASSED] - Delayed 1 second(s)

2022-05-24 14:49:43 - [TEST_STEP][PASSED] - println(value_amount): null

2022-05-24 14:49:43 - [TEST_STEP][PASSED] - takeFullPageScreenshot(): Taking screenshot successfully

2022-05-24 14:49:44 - [MESSAGE][INFO] - 0 hidden object(s)

2022-05-24 14:49:44 - [MESSAGE][PASSED] - Taking screenshot successfully
[[ATTACHMENT|C:\\Users\\E2PAY\\git\\simulatorTestHp\\Reports\\20220524_144749\\Permata VA noPay 2\\20220524_144751\\1653378583340.png]]

2022-05-24 14:49:44 - [TEST_STEP][PASSED] - click(findTestObject("simulator post/btn_proses payment")): Object: 'Object Repository/simulator post/btn_proses payment' is clicked on

2022-05-24 14:49:44 - [MESSAGE][PASSED] - Object: 'Object Repository/simulator post/btn_proses payment' is clicked on

2022-05-24 14:49:44 - [TEST_STEP][PASSED] - delay(1): Delayed 1 second(s)

2022-05-24 14:49:45 - [MESSAGE][PASSED] - Delayed 1 second(s)

2022-05-24 14:49:45 - [TEST_STEP][PASSED] - va = getText(findTestObject("page_tagihan BCA/div_700701701000000319")): Text of object 'Object Repository/page_tagihan BCA/div_700701701000000319' is: '8452170000122618'

2022-05-24 14:49:47 - [MESSAGE][PASSED] - Text of object 'Object Repository/page_tagihan BCA/div_700701701000000319' is: '8452170000122618'

2022-05-24 14:49:47 - [TEST_STEP][PASSED] - value_bayar = getText(findTestObject("page_tagihan BCA/span_Rp 300.000,00")): Text of object 'Object Repository/page_tagihan BCA/span_Rp 300.000,00' is: 'Rp 2.002,00'

2022-05-24 14:49:47 - [MESSAGE][PASSED] - Text of object 'Object Repository/page_tagihan BCA/span_Rp 300.000,00' is: 'Rp 2.002,00'

2022-05-24 14:49:47 - [TEST_STEP][PASSED] - delay(1): Delayed 1 second(s)

2022-05-24 14:49:48 - [MESSAGE][PASSED] - Delayed 1 second(s)

2022-05-24 14:49:48 - [TEST_STEP][PASSED] - takeFullPageScreenshot(): Taking screenshot successfully

2022-05-24 14:49:49 - [MESSAGE][INFO] - 0 hidden object(s)

2022-05-24 14:49:49 - [MESSAGE][PASSED] - Taking screenshot successfully
[[ATTACHMENT|C:\\Users\\E2PAY\\git\\simulatorTestHp\\Reports\\20220524_144749\\Permata VA noPay 2\\20220524_144751\\1653378588842.png]]

2022-05-24 14:49:49 - [TEST_STEP][PASSED] - navigateToUrl("www.google.com"): Navigate to 'http://www.google.com' successfully

2022-05-24 14:49:50 - [MESSAGE][PASSED] - Navigate to 'http://www.google.com' successfully

2022-05-24 14:49:50 - [TEST_STEP][PASSED] - delay(1): Delayed 1 second(s)

2022-05-24 14:49:51 - [MESSAGE][PASSED] - Delayed 1 second(s)

2022-05-24 14:49:51 - [TEST_STEP][PASSED] - temp_amount = amount + i: null

2022-05-24 14:49:51 - [TEST_STEP][PASSED] - temp = all + temp_amount + "00": null

2022-05-24 14:49:51 - [TEST_STEP][PASSED] - setText(findTestObject("Page_Google/search"), temp): Text 'EPT0000222200300' is set on object 'Object Repository/Page_Google/search'

2022-05-24 14:49:52 - [MESSAGE][PASSED] - Text 'EPT0000222200300' is set on object 'Object Repository/Page_Google/search'

2022-05-24 14:49:52 - [TEST_STEP][PASSED] - sendKeys(findTestObject("Page_Google/search"), Keys.chord(CONTROL, "a")): Keys 'CONTROL + a' sent to object: 'Object Repository/Page_Google/search'

2022-05-24 14:49:53 - [MESSAGE][PASSED] - Keys 'CONTROL + a' sent to object: 'Object Repository/Page_Google/search'

2022-05-24 14:49:53 - [TEST_STEP][PASSED] - sendKeys(findTestObject("Page_Google/search"), Keys.chord(CONTROL, "c")): Keys 'CONTROL + c' sent to object: 'Object Repository/Page_Google/search'

2022-05-24 14:49:54 - [MESSAGE][PASSED] - Keys 'CONTROL + c' sent to object: 'Object Repository/Page_Google/search'

2022-05-24 14:49:54 - [TEST_STEP][PASSED] - navigateToUrl("https://simulatortest.e2pay.co.id/simulator/"): Navigate to 'https://simulatortest.e2pay.co.id/simulator/' successfully

2022-05-24 14:49:54 - [MESSAGE][PASSED] - Navigate to 'https://simulatortest.e2pay.co.id/simulator/' successfully

2022-05-24 14:49:54 - [TEST_STEP][PASSED] - delay(2): Delayed 2 second(s)

2022-05-24 14:49:56 - [MESSAGE][PASSED] - Delayed 2 second(s)

2022-05-24 14:49:56 - [TEST_STEP][PASSED] - click(findTestObject("simulator post/input_merhant code")): Object: 'Object Repository/simulator post/input_merhant code' is clicked on

2022-05-24 14:49:57 - [MESSAGE][PASSED] - Object: 'Object Repository/simulator post/input_merhant code' is clicked on

2022-05-24 14:49:57 - [TEST_STEP][PASSED] - sendKeys(findTestObject("simulator post/input_merhant code"), Keys.chord(CONTROL, "a")): Keys 'CONTROL + a' sent to object: 'Object Repository/simulator post/input_merhant code'

2022-05-24 14:49:58 - [MESSAGE][PASSED] - Keys 'CONTROL + a' sent to object: 'Object Repository/simulator post/input_merhant code'

2022-05-24 14:49:58 - [TEST_STEP][PASSED] - sendKeys(findTestObject("simulator post/input_merhant code"), Keys.chord(DELETE)): Keys 'DELETE + ' sent to object: 'Object Repository/simulator post/input_merhant code'

2022-05-24 14:49:59 - [MESSAGE][PASSED] - Keys 'DELETE + ' sent to object: 'Object Repository/simulator post/input_merhant code'

2022-05-24 14:49:59 - [TEST_STEP][PASSED] - sendKeys(findTestObject("simulator post/input_merhant code"), Keys.chord(CONTROL, "v")): Keys 'CONTROL + v' sent to object: 'Object Repository/simulator post/input_merhant code'

2022-05-24 14:50:00 - [MESSAGE][PASSED] - Keys 'CONTROL + v' sent to object: 'Object Repository/simulator post/input_merhant code'

2022-05-24 14:50:00 - [TEST_STEP][PASSED] - sendKeys(findTestObject("simulator post/input_merhant code"), Keys.chord(SHIFT, ARROW_LEFT, ARROW_LEFT, ARROW_LEFT, ARROW_LEFT, ARROW_LEFT, ARROW_LEFT, ARROW_LEFT, ARROW_LEFT)): Keys 'SHIFT + LEFT + LEFT + LEFT + LEFT + LEFT + LEFT + LEFT + LEFT + ' sent to object: 'Object Repository/simulator post/input_merhant code'

2022-05-24 14:50:00 - [MESSAGE][PASSED] - Keys 'SHIFT + LEFT + LEFT + LEFT + LEFT + LEFT + LEFT + LEFT + LEFT + ' sent to object: 'Object Repository/simulator post/input_merhant code'

2022-05-24 14:50:00 - [TEST_STEP][PASSED] - sendKeys(findTestObject("simulator post/input_merhant code"), Keys.chord(CONTROL, "x")): Keys 'CONTROL + x' sent to object: 'Object Repository/simulator post/input_merhant code'

2022-05-24 14:50:01 - [MESSAGE][PASSED] - Keys 'CONTROL + x' sent to object: 'Object Repository/simulator post/input_merhant code'

2022-05-24 14:50:01 - [TEST_STEP][PASSED] - click(findTestObject("simulator post/input_paymentID")): Object: 'Object Repository/simulator post/input_paymentID' is clicked on

2022-05-24 14:50:02 - [MESSAGE][PASSED] - Object: 'Object Repository/simulator post/input_paymentID' is clicked on

2022-05-24 14:50:02 - [TEST_STEP][PASSED] - sendKeys(findTestObject("simulator post/input_paymentID"), Keys.chord(CONTROL, "a")): Keys 'CONTROL + a' sent to object: 'Object Repository/simulator post/input_paymentID'

2022-05-24 14:50:03 - [MESSAGE][PASSED] - Keys 'CONTROL + a' sent to object: 'Object Repository/simulator post/input_paymentID'

2022-05-24 14:50:03 - [TEST_STEP][PASSED] - sendKeys(findTestObject("simulator post/input_paymentID"), Keys.chord(DELETE)): Keys 'DELETE + ' sent to object: 'Object Repository/simulator post/input_paymentID'

2022-05-24 14:50:04 - [MESSAGE][PASSED] - Keys 'DELETE + ' sent to object: 'Object Repository/simulator post/input_paymentID'

2022-05-24 14:50:04 - [TEST_STEP][PASSED] - sendKeys(findTestObject("simulator post/input_paymentID"), Keys.chord(CONTROL, "v")): Keys 'CONTROL + v' sent to object: 'Object Repository/simulator post/input_paymentID'

2022-05-24 14:50:05 - [MESSAGE][PASSED] - Keys 'CONTROL + v' sent to object: 'Object Repository/simulator post/input_paymentID'

2022-05-24 14:50:05 - [TEST_STEP][PASSED] - sendKeys(findTestObject("simulator post/input_paymentID"), Keys.chord(SHIFT, ARROW_LEFT, ARROW_LEFT, ARROW_LEFT, ARROW_LEFT, ARROW_LEFT, ARROW_LEFT)): Keys 'SHIFT + LEFT + LEFT + LEFT + LEFT + LEFT + LEFT + ' sent to object: 'Object Repository/simulator post/input_paymentID'

2022-05-24 14:50:06 - [MESSAGE][PASSED] - Keys 'SHIFT + LEFT + LEFT + LEFT + LEFT + LEFT + LEFT + ' sent to object: 'Object Repository/simulator post/input_paymentID'

2022-05-24 14:50:06 - [TEST_STEP][PASSED] - sendKeys(findTestObject("simulator post/input_paymentID"), Keys.chord(CONTROL, "x")): Keys 'CONTROL + x' sent to object: 'Object Repository/simulator post/input_paymentID'

2022-05-24 14:50:06 - [MESSAGE][PASSED] - Keys 'CONTROL + x' sent to object: 'Object Repository/simulator post/input_paymentID'

2022-05-24 14:50:06 - [TEST_STEP][PASSED] - click(findTestObject("simulator post/input_amount")): Object: 'Object Repository/simulator post/input_amount' is clicked on

2022-05-24 14:50:07 - [MESSAGE][PASSED] - Object: 'Object Repository/simulator post/input_amount' is clicked on

2022-05-24 14:50:07 - [TEST_STEP][PASSED] - sendKeys(findTestObject("simulator post/input_amount"), Keys.chord(CONTROL, "a")): Keys 'CONTROL + a' sent to object: 'Object Repository/simulator post/input_amount'

2022-05-24 14:50:08 - [MESSAGE][PASSED] - Keys 'CONTROL + a' sent to object: 'Object Repository/simulator post/input_amount'

2022-05-24 14:50:08 - [TEST_STEP][PASSED] - sendKeys(findTestObject("simulator post/input_amount"), Keys.chord(DELETE)): Keys 'DELETE + ' sent to object: 'Object Repository/simulator post/input_amount'

2022-05-24 14:50:09 - [MESSAGE][PASSED] - Keys 'DELETE + ' sent to object: 'Object Repository/simulator post/input_amount'

2022-05-24 14:50:09 - [TEST_STEP][PASSED] - sendKeys(findTestObject("simulator post/input_amount"), Keys.chord(CONTROL, "v")): Keys 'CONTROL + v' sent to object: 'Object Repository/simulator post/input_amount'

2022-05-24 14:50:09 - [MESSAGE][PASSED] - Keys 'CONTROL + v' sent to object: 'Object Repository/simulator post/input_amount'

2022-05-24 14:50:09 - [TEST_STEP][PASSED] - value_amount = getText(findTestObject("simulator post/input_amount")): Text of object 'Object Repository/simulator post/input_amount' is: 'Amount'

2022-05-24 14:50:10 - [MESSAGE][PASSED] - Text of object 'Object Repository/simulator post/input_amount' is: 'Amount'

2022-05-24 14:50:10 - [TEST_STEP][PASSED] - delay(1): Delayed 1 second(s)

2022-05-24 14:50:11 - [MESSAGE][PASSED] - Delayed 1 second(s)

2022-05-24 14:50:11 - [TEST_STEP][PASSED] - println(value_amount): null

2022-05-24 14:50:11 - [TEST_STEP][PASSED] - takeFullPageScreenshot(): Taking screenshot successfully

2022-05-24 14:50:12 - [MESSAGE][INFO] - 0 hidden object(s)

2022-05-24 14:50:12 - [MESSAGE][PASSED] - Taking screenshot successfully
[[ATTACHMENT|C:\\Users\\E2PAY\\git\\simulatorTestHp\\Reports\\20220524_144749\\Permata VA noPay 2\\20220524_144751\\1653378611488.png]]

2022-05-24 14:50:12 - [TEST_STEP][PASSED] - click(findTestObject("simulator post/btn_proses payment")): Object: 'Object Repository/simulator post/btn_proses payment' is clicked on

2022-05-24 14:50:13 - [MESSAGE][PASSED] - Object: 'Object Repository/simulator post/btn_proses payment' is clicked on

2022-05-24 14:50:13 - [TEST_STEP][PASSED] - delay(1): Delayed 1 second(s)

2022-05-24 14:50:14 - [MESSAGE][PASSED] - Delayed 1 second(s)

2022-05-24 14:50:14 - [TEST_STEP][PASSED] - va = getText(findTestObject("page_tagihan BCA/div_700701701000000319")): Text of object 'Object Repository/page_tagihan BCA/div_700701701000000319' is: '8452170000122619'

2022-05-24 14:50:17 - [MESSAGE][PASSED] - Text of object 'Object Repository/page_tagihan BCA/div_700701701000000319' is: '8452170000122619'

2022-05-24 14:50:17 - [TEST_STEP][PASSED] - value_bayar = getText(findTestObject("page_tagihan BCA/span_Rp 300.000,00")): Text of object 'Object Repository/page_tagihan BCA/span_Rp 300.000,00' is: 'Rp 2.003,00'

2022-05-24 14:50:18 - [MESSAGE][PASSED] - Text of object 'Object Repository/page_tagihan BCA/span_Rp 300.000,00' is: 'Rp 2.003,00'

2022-05-24 14:50:18 - [TEST_STEP][PASSED] - delay(1): Delayed 1 second(s)

2022-05-24 14:50:19 - [MESSAGE][PASSED] - Delayed 1 second(s)

2022-05-24 14:50:19 - [TEST_STEP][PASSED] - takeFullPageScreenshot(): Taking screenshot successfully

2022-05-24 14:50:20 - [MESSAGE][INFO] - 0 hidden object(s)

2022-05-24 14:50:20 - [MESSAGE][PASSED] - Taking screenshot successfully
[[ATTACHMENT|C:\\Users\\E2PAY\\git\\simulatorTestHp\\Reports\\20220524_144749\\Permata VA noPay 2\\20220524_144751\\1653378619497.png]]

2022-05-24 14:50:20 - [TEST_STEP][PASSED] - navigateToUrl("www.google.com"): Navigate to 'http://www.google.com' successfully

2022-05-24 14:50:21 - [MESSAGE][PASSED] - Navigate to 'http://www.google.com' successfully

2022-05-24 14:50:21 - [TEST_STEP][PASSED] - delay(1): Delayed 1 second(s)

2022-05-24 14:50:22 - [MESSAGE][PASSED] - Delayed 1 second(s)

2022-05-24 14:50:22 - [TEST_STEP][PASSED] - temp_amount = amount + i: null

2022-05-24 14:50:22 - [TEST_STEP][PASSED] - temp = all + temp_amount + "00": null

2022-05-24 14:50:22 - [TEST_STEP][PASSED] - setText(findTestObject("Page_Google/search"), temp): Text 'EPT0000222200400' is set on object 'Object Repository/Page_Google/search'

2022-05-24 14:50:23 - [MESSAGE][PASSED] - Text 'EPT0000222200400' is set on object 'Object Repository/Page_Google/search'

2022-05-24 14:50:23 - [TEST_STEP][PASSED] - sendKeys(findTestObject("Page_Google/search"), Keys.chord(CONTROL, "a")): Keys 'CONTROL + a' sent to object: 'Object Repository/Page_Google/search'

2022-05-24 14:50:23 - [MESSAGE][PASSED] - Keys 'CONTROL + a' sent to object: 'Object Repository/Page_Google/search'

2022-05-24 14:50:23 - [TEST_STEP][PASSED] - sendKeys(findTestObject("Page_Google/search"), Keys.chord(CONTROL, "c")): Keys 'CONTROL + c' sent to object: 'Object Repository/Page_Google/search'

2022-05-24 14:50:24 - [MESSAGE][PASSED] - Keys 'CONTROL + c' sent to object: 'Object Repository/Page_Google/search'

2022-05-24 14:50:24 - [TEST_STEP][PASSED] - navigateToUrl("https://simulatortest.e2pay.co.id/simulator/"): Navigate to 'https://simulatortest.e2pay.co.id/simulator/' successfully

2022-05-24 14:50:25 - [MESSAGE][PASSED] - Navigate to 'https://simulatortest.e2pay.co.id/simulator/' successfully

2022-05-24 14:50:25 - [TEST_STEP][PASSED] - delay(2): Delayed 2 second(s)

2022-05-24 14:50:27 - [MESSAGE][PASSED] - Delayed 2 second(s)

2022-05-24 14:50:27 - [TEST_STEP][PASSED] - click(findTestObject("simulator post/input_merhant code")): Object: 'Object Repository/simulator post/input_merhant code' is clicked on

2022-05-24 14:50:28 - [MESSAGE][PASSED] - Object: 'Object Repository/simulator post/input_merhant code' is clicked on

2022-05-24 14:50:28 - [TEST_STEP][PASSED] - sendKeys(findTestObject("simulator post/input_merhant code"), Keys.chord(CONTROL, "a")): Keys 'CONTROL + a' sent to object: 'Object Repository/simulator post/input_merhant code'

2022-05-24 14:50:28 - [MESSAGE][PASSED] - Keys 'CONTROL + a' sent to object: 'Object Repository/simulator post/input_merhant code'

2022-05-24 14:50:28 - [TEST_STEP][PASSED] - sendKeys(findTestObject("simulator post/input_merhant code"), Keys.chord(DELETE)): Keys 'DELETE + ' sent to object: 'Object Repository/simulator post/input_merhant code'

2022-05-24 14:50:29 - [MESSAGE][PASSED] - Keys 'DELETE + ' sent to object: 'Object Repository/simulator post/input_merhant code'

2022-05-24 14:50:29 - [TEST_STEP][PASSED] - sendKeys(findTestObject("simulator post/input_merhant code"), Keys.chord(CONTROL, "v")): Keys 'CONTROL + v' sent to object: 'Object Repository/simulator post/input_merhant code'

2022-05-24 14:50:30 - [MESSAGE][PASSED] - Keys 'CONTROL + v' sent to object: 'Object Repository/simulator post/input_merhant code'

2022-05-24 14:50:30 - [TEST_STEP][PASSED] - sendKeys(findTestObject("simulator post/input_merhant code"), Keys.chord(SHIFT, ARROW_LEFT, ARROW_LEFT, ARROW_LEFT, ARROW_LEFT, ARROW_LEFT, ARROW_LEFT, ARROW_LEFT, ARROW_LEFT)): Keys 'SHIFT + LEFT + LEFT + LEFT + LEFT + LEFT + LEFT + LEFT + LEFT + ' sent to object: 'Object Repository/simulator post/input_merhant code'

2022-05-24 14:50:31 - [MESSAGE][PASSED] - Keys 'SHIFT + LEFT + LEFT + LEFT + LEFT + LEFT + LEFT + LEFT + LEFT + ' sent to object: 'Object Repository/simulator post/input_merhant code'

2022-05-24 14:50:31 - [TEST_STEP][PASSED] - sendKeys(findTestObject("simulator post/input_merhant code"), Keys.chord(CONTROL, "x")): Keys 'CONTROL + x' sent to object: 'Object Repository/simulator post/input_merhant code'

2022-05-24 14:50:31 - [MESSAGE][PASSED] - Keys 'CONTROL + x' sent to object: 'Object Repository/simulator post/input_merhant code'

2022-05-24 14:50:31 - [TEST_STEP][PASSED] - click(findTestObject("simulator post/input_paymentID")): Object: 'Object Repository/simulator post/input_paymentID' is clicked on

2022-05-24 14:50:32 - [MESSAGE][PASSED] - Object: 'Object Repository/simulator post/input_paymentID' is clicked on

2022-05-24 14:50:32 - [TEST_STEP][PASSED] - sendKeys(findTestObject("simulator post/input_paymentID"), Keys.chord(CONTROL, "a")): Keys 'CONTROL + a' sent to object: 'Object Repository/simulator post/input_paymentID'

2022-05-24 14:50:33 - [MESSAGE][PASSED] - Keys 'CONTROL + a' sent to object: 'Object Repository/simulator post/input_paymentID'

2022-05-24 14:50:33 - [TEST_STEP][PASSED] - sendKeys(findTestObject("simulator post/input_paymentID"), Keys.chord(DELETE)): Keys 'DELETE + ' sent to object: 'Object Repository/simulator post/input_paymentID'

2022-05-24 14:50:34 - [MESSAGE][PASSED] - Keys 'DELETE + ' sent to object: 'Object Repository/simulator post/input_paymentID'

2022-05-24 14:50:34 - [TEST_STEP][PASSED] - sendKeys(findTestObject("simulator post/input_paymentID"), Keys.chord(CONTROL, "v")): Keys 'CONTROL + v' sent to object: 'Object Repository/simulator post/input_paymentID'

2022-05-24 14:50:35 - [MESSAGE][PASSED] - Keys 'CONTROL + v' sent to object: 'Object Repository/simulator post/input_paymentID'

2022-05-24 14:50:35 - [TEST_STEP][PASSED] - sendKeys(findTestObject("simulator post/input_paymentID"), Keys.chord(SHIFT, ARROW_LEFT, ARROW_LEFT, ARROW_LEFT, ARROW_LEFT, ARROW_LEFT, ARROW_LEFT)): Keys 'SHIFT + LEFT + LEFT + LEFT + LEFT + LEFT + LEFT + ' sent to object: 'Object Repository/simulator post/input_paymentID'

2022-05-24 14:50:36 - [MESSAGE][PASSED] - Keys 'SHIFT + LEFT + LEFT + LEFT + LEFT + LEFT + LEFT + ' sent to object: 'Object Repository/simulator post/input_paymentID'

2022-05-24 14:50:36 - [TEST_STEP][PASSED] - sendKeys(findTestObject("simulator post/input_paymentID"), Keys.chord(CONTROL, "x")): Keys 'CONTROL + x' sent to object: 'Object Repository/simulator post/input_paymentID'

2022-05-24 14:50:36 - [MESSAGE][PASSED] - Keys 'CONTROL + x' sent to object: 'Object Repository/simulator post/input_paymentID'

2022-05-24 14:50:36 - [TEST_STEP][PASSED] - click(findTestObject("simulator post/input_amount")): Object: 'Object Repository/simulator post/input_amount' is clicked on

2022-05-24 14:50:37 - [MESSAGE][PASSED] - Object: 'Object Repository/simulator post/input_amount' is clicked on

2022-05-24 14:50:37 - [TEST_STEP][PASSED] - sendKeys(findTestObject("simulator post/input_amount"), Keys.chord(CONTROL, "a")): Keys 'CONTROL + a' sent to object: 'Object Repository/simulator post/input_amount'

2022-05-24 14:50:38 - [MESSAGE][PASSED] - Keys 'CONTROL + a' sent to object: 'Object Repository/simulator post/input_amount'

2022-05-24 14:50:38 - [TEST_STEP][PASSED] - sendKeys(findTestObject("simulator post/input_amount"), Keys.chord(DELETE)): Keys 'DELETE + ' sent to object: 'Object Repository/simulator post/input_amount'

2022-05-24 14:50:38 - [MESSAGE][PASSED] - Keys 'DELETE + ' sent to object: 'Object Repository/simulator post/input_amount'

2022-05-24 14:50:38 - [TEST_STEP][PASSED] - sendKeys(findTestObject("simulator post/input_amount"), Keys.chord(CONTROL, "v")): Keys 'CONTROL + v' sent to object: 'Object Repository/simulator post/input_amount'

2022-05-24 14:50:39 - [MESSAGE][PASSED] - Keys 'CONTROL + v' sent to object: 'Object Repository/simulator post/input_amount'

2022-05-24 14:50:39 - [TEST_STEP][PASSED] - value_amount = getText(findTestObject("simulator post/input_amount")): Text of object 'Object Repository/simulator post/input_amount' is: 'Amount'

2022-05-24 14:50:40 - [MESSAGE][PASSED] - Text of object 'Object Repository/simulator post/input_amount' is: 'Amount'

2022-05-24 14:50:40 - [TEST_STEP][PASSED] - delay(1): Delayed 1 second(s)

2022-05-24 14:50:41 - [MESSAGE][PASSED] - Delayed 1 second(s)

2022-05-24 14:50:41 - [TEST_STEP][PASSED] - println(value_amount): null

2022-05-24 14:50:41 - [TEST_STEP][PASSED] - takeFullPageScreenshot(): Taking screenshot successfully

2022-05-24 14:50:41 - [MESSAGE][INFO] - 0 hidden object(s)

2022-05-24 14:50:42 - [MESSAGE][PASSED] - Taking screenshot successfully
[[ATTACHMENT|C:\\Users\\E2PAY\\git\\simulatorTestHp\\Reports\\20220524_144749\\Permata VA noPay 2\\20220524_144751\\1653378641143.png]]

2022-05-24 14:50:42 - [TEST_STEP][PASSED] - click(findTestObject("simulator post/btn_proses payment")): Object: 'Object Repository/simulator post/btn_proses payment' is clicked on

2022-05-24 14:50:42 - [MESSAGE][PASSED] - Object: 'Object Repository/simulator post/btn_proses payment' is clicked on

2022-05-24 14:50:42 - [TEST_STEP][PASSED] - delay(1): Delayed 1 second(s)

2022-05-24 14:50:43 - [MESSAGE][PASSED] - Delayed 1 second(s)

2022-05-24 14:50:43 - [TEST_STEP][PASSED] - va = getText(findTestObject("page_tagihan BCA/div_700701701000000319")): Text of object 'Object Repository/page_tagihan BCA/div_700701701000000319' is: '8452170000122620'

2022-05-24 14:50:44 - [MESSAGE][PASSED] - Text of object 'Object Repository/page_tagihan BCA/div_700701701000000319' is: '8452170000122620'

2022-05-24 14:50:44 - [TEST_STEP][PASSED] - value_bayar = getText(findTestObject("page_tagihan BCA/span_Rp 300.000,00")): Text of object 'Object Repository/page_tagihan BCA/span_Rp 300.000,00' is: 'Rp 2.004,00'

2022-05-24 14:50:45 - [MESSAGE][PASSED] - Text of object 'Object Repository/page_tagihan BCA/span_Rp 300.000,00' is: 'Rp 2.004,00'

2022-05-24 14:50:45 - [TEST_STEP][PASSED] - delay(1): Delayed 1 second(s)

2022-05-24 14:50:46 - [MESSAGE][PASSED] - Delayed 1 second(s)

2022-05-24 14:50:46 - [TEST_STEP][PASSED] - takeFullPageScreenshot(): Taking screenshot successfully

2022-05-24 14:50:47 - [MESSAGE][INFO] - 0 hidden object(s)

2022-05-24 14:50:47 - [MESSAGE][PASSED] - Taking screenshot successfully
[[ATTACHMENT|C:\\Users\\E2PAY\\git\\simulatorTestHp\\Reports\\20220524_144749\\Permata VA noPay 2\\20220524_144751\\1653378646707.png]]

2022-05-24 14:50:47 - [TEST_STEP][PASSED] - navigateToUrl("www.google.com"): Navigate to 'http://www.google.com' successfully

2022-05-24 14:50:48 - [MESSAGE][PASSED] - Navigate to 'http://www.google.com' successfully

2022-05-24 14:50:48 - [TEST_STEP][PASSED] - delay(1): Delayed 1 second(s)

2022-05-24 14:50:49 - [MESSAGE][PASSED] - Delayed 1 second(s)

2022-05-24 14:50:49 - [TEST_STEP][PASSED] - temp_amount = amount + i: null

2022-05-24 14:50:49 - [TEST_STEP][PASSED] - temp = all + temp_amount + "00": null

2022-05-24 14:50:49 - [TEST_STEP][PASSED] - setText(findTestObject("Page_Google/search"), temp): Text 'EPT0000222200500' is set on object 'Object Repository/Page_Google/search'

2022-05-24 14:50:50 - [MESSAGE][PASSED] - Text 'EPT0000222200500' is set on object 'Object Repository/Page_Google/search'

2022-05-24 14:50:50 - [TEST_STEP][PASSED] - sendKeys(findTestObject("Page_Google/search"), Keys.chord(CONTROL, "a")): Keys 'CONTROL + a' sent to object: 'Object Repository/Page_Google/search'

2022-05-24 14:50:51 - [MESSAGE][PASSED] - Keys 'CONTROL + a' sent to object: 'Object Repository/Page_Google/search'

2022-05-24 14:50:51 - [TEST_STEP][PASSED] - sendKeys(findTestObject("Page_Google/search"), Keys.chord(CONTROL, "c")): Keys 'CONTROL + c' sent to object: 'Object Repository/Page_Google/search'

2022-05-24 14:50:51 - [MESSAGE][PASSED] - Keys 'CONTROL + c' sent to object: 'Object Repository/Page_Google/search'

2022-05-24 14:50:51 - [TEST_STEP][PASSED] - navigateToUrl("https://simulatortest.e2pay.co.id/simulator/"): Navigate to 'https://simulatortest.e2pay.co.id/simulator/' successfully

2022-05-24 14:50:52 - [MESSAGE][PASSED] - Navigate to 'https://simulatortest.e2pay.co.id/simulator/' successfully

2022-05-24 14:50:52 - [TEST_STEP][PASSED] - delay(2): Delayed 2 second(s)

2022-05-24 14:50:54 - [MESSAGE][PASSED] - Delayed 2 second(s)

2022-05-24 14:50:54 - [TEST_STEP][PASSED] - click(findTestObject("simulator post/input_merhant code")): Object: 'Object Repository/simulator post/input_merhant code' is clicked on

2022-05-24 14:50:55 - [MESSAGE][PASSED] - Object: 'Object Repository/simulator post/input_merhant code' is clicked on

2022-05-24 14:50:55 - [TEST_STEP][PASSED] - sendKeys(findTestObject("simulator post/input_merhant code"), Keys.chord(CONTROL, "a")): Keys 'CONTROL + a' sent to object: 'Object Repository/simulator post/input_merhant code'

2022-05-24 14:50:55 - [MESSAGE][PASSED] - Keys 'CONTROL + a' sent to object: 'Object Repository/simulator post/input_merhant code'

2022-05-24 14:50:55 - [TEST_STEP][PASSED] - sendKeys(findTestObject("simulator post/input_merhant code"), Keys.chord(DELETE)): Keys 'DELETE + ' sent to object: 'Object Repository/simulator post/input_merhant code'

2022-05-24 14:50:56 - [MESSAGE][PASSED] - Keys 'DELETE + ' sent to object: 'Object Repository/simulator post/input_merhant code'

2022-05-24 14:50:56 - [TEST_STEP][PASSED] - sendKeys(findTestObject("simulator post/input_merhant code"), Keys.chord(CONTROL, "v")): Keys 'CONTROL + v' sent to object: 'Object Repository/simulator post/input_merhant code'

2022-05-24 14:50:57 - [MESSAGE][PASSED] - Keys 'CONTROL + v' sent to object: 'Object Repository/simulator post/input_merhant code'

2022-05-24 14:50:57 - [TEST_STEP][PASSED] - sendKeys(findTestObject("simulator post/input_merhant code"), Keys.chord(SHIFT, ARROW_LEFT, ARROW_LEFT, ARROW_LEFT, ARROW_LEFT, ARROW_LEFT, ARROW_LEFT, ARROW_LEFT, ARROW_LEFT)): Keys 'SHIFT + LEFT + LEFT + LEFT + LEFT + LEFT + LEFT + LEFT + LEFT + ' sent to object: 'Object Repository/simulator post/input_merhant code'

2022-05-24 14:50:58 - [MESSAGE][PASSED] - Keys 'SHIFT + LEFT + LEFT + LEFT + LEFT + LEFT + LEFT + LEFT + LEFT + ' sent to object: 'Object Repository/simulator post/input_merhant code'

2022-05-24 14:50:58 - [TEST_STEP][PASSED] - sendKeys(findTestObject("simulator post/input_merhant code"), Keys.chord(CONTROL, "x")): Keys 'CONTROL + x' sent to object: 'Object Repository/simulator post/input_merhant code'

2022-05-24 14:50:58 - [MESSAGE][PASSED] - Keys 'CONTROL + x' sent to object: 'Object Repository/simulator post/input_merhant code'

2022-05-24 14:50:58 - [TEST_STEP][PASSED] - click(findTestObject("simulator post/input_paymentID")): Object: 'Object Repository/simulator post/input_paymentID' is clicked on

2022-05-24 14:50:59 - [MESSAGE][PASSED] - Object: 'Object Repository/simulator post/input_paymentID' is clicked on

2022-05-24 14:50:59 - [TEST_STEP][PASSED] - sendKeys(findTestObject("simulator post/input_paymentID"), Keys.chord(CONTROL, "a")): Keys 'CONTROL + a' sent to object: 'Object Repository/simulator post/input_paymentID'

2022-05-24 14:51:00 - [MESSAGE][PASSED] - Keys 'CONTROL + a' sent to object: 'Object Repository/simulator post/input_paymentID'

2022-05-24 14:51:00 - [TEST_STEP][PASSED] - sendKeys(findTestObject("simulator post/input_paymentID"), Keys.chord(DELETE)): Keys 'DELETE + ' sent to object: 'Object Repository/simulator post/input_paymentID'

2022-05-24 14:51:01 - [MESSAGE][PASSED] - Keys 'DELETE + ' sent to object: 'Object Repository/simulator post/input_paymentID'

2022-05-24 14:51:01 - [TEST_STEP][PASSED] - sendKeys(findTestObject("simulator post/input_paymentID"), Keys.chord(CONTROL, "v")): Keys 'CONTROL + v' sent to object: 'Object Repository/simulator post/input_paymentID'

2022-05-24 14:51:01 - [MESSAGE][PASSED] - Keys 'CONTROL + v' sent to object: 'Object Repository/simulator post/input_paymentID'

2022-05-24 14:51:01 - [TEST_STEP][PASSED] - sendKeys(findTestObject("simulator post/input_paymentID"), Keys.chord(SHIFT, ARROW_LEFT, ARROW_LEFT, ARROW_LEFT, ARROW_LEFT, ARROW_LEFT, ARROW_LEFT)): Keys 'SHIFT + LEFT + LEFT + LEFT + LEFT + LEFT + LEFT + ' sent to object: 'Object Repository/simulator post/input_paymentID'

2022-05-24 14:51:02 - [MESSAGE][PASSED] - Keys 'SHIFT + LEFT + LEFT + LEFT + LEFT + LEFT + LEFT + ' sent to object: 'Object Repository/simulator post/input_paymentID'

2022-05-24 14:51:02 - [TEST_STEP][PASSED] - sendKeys(findTestObject("simulator post/input_paymentID"), Keys.chord(CONTROL, "x")): Keys 'CONTROL + x' sent to object: 'Object Repository/simulator post/input_paymentID'

2022-05-24 14:51:03 - [MESSAGE][PASSED] - Keys 'CONTROL + x' sent to object: 'Object Repository/simulator post/input_paymentID'

2022-05-24 14:51:03 - [TEST_STEP][PASSED] - click(findTestObject("simulator post/input_amount")): Object: 'Object Repository/simulator post/input_amount' is clicked on

2022-05-24 14:51:03 - [MESSAGE][PASSED] - Object: 'Object Repository/simulator post/input_amount' is clicked on

2022-05-24 14:51:03 - [TEST_STEP][PASSED] - sendKeys(findTestObject("simulator post/input_amount"), Keys.chord(CONTROL, "a")): Keys 'CONTROL + a' sent to object: 'Object Repository/simulator post/input_amount'

2022-05-24 14:51:04 - [MESSAGE][PASSED] - Keys 'CONTROL + a' sent to object: 'Object Repository/simulator post/input_amount'

2022-05-24 14:51:04 - [TEST_STEP][PASSED] - sendKeys(findTestObject("simulator post/input_amount"), Keys.chord(DELETE)): Keys 'DELETE + ' sent to object: 'Object Repository/simulator post/input_amount'

2022-05-24 14:51:05 - [MESSAGE][PASSED] - Keys 'DELETE + ' sent to object: 'Object Repository/simulator post/input_amount'

2022-05-24 14:51:05 - [TEST_STEP][PASSED] - sendKeys(findTestObject("simulator post/input_amount"), Keys.chord(CONTROL, "v")): Keys 'CONTROL + v' sent to object: 'Object Repository/simulator post/input_amount'

2022-05-24 14:51:05 - [MESSAGE][PASSED] - Keys 'CONTROL + v' sent to object: 'Object Repository/simulator post/input_amount'

2022-05-24 14:51:05 - [TEST_STEP][PASSED] - value_amount = getText(findTestObject("simulator post/input_amount")): Text of object 'Object Repository/simulator post/input_amount' is: 'Amount'

2022-05-24 14:51:06 - [MESSAGE][PASSED] - Text of object 'Object Repository/simulator post/input_amount' is: 'Amount'

2022-05-24 14:51:06 - [TEST_STEP][PASSED] - delay(1): Delayed 1 second(s)

2022-05-24 14:51:07 - [MESSAGE][PASSED] - Delayed 1 second(s)

2022-05-24 14:51:07 - [TEST_STEP][PASSED] - println(value_amount): null

2022-05-24 14:51:07 - [TEST_STEP][PASSED] - takeFullPageScreenshot(): Taking screenshot successfully

2022-05-24 14:51:08 - [MESSAGE][INFO] - 0 hidden object(s)

2022-05-24 14:51:08 - [MESSAGE][PASSED] - Taking screenshot successfully
[[ATTACHMENT|C:\\Users\\E2PAY\\git\\simulatorTestHp\\Reports\\20220524_144749\\Permata VA noPay 2\\20220524_144751\\1653378667490.png]]

2022-05-24 14:51:08 - [TEST_STEP][PASSED] - click(findTestObject("simulator post/btn_proses payment")): Object: 'Object Repository/simulator post/btn_proses payment' is clicked on

2022-05-24 14:51:09 - [MESSAGE][PASSED] - Object: 'Object Repository/simulator post/btn_proses payment' is clicked on

2022-05-24 14:51:09 - [TEST_STEP][PASSED] - delay(1): Delayed 1 second(s)

2022-05-24 14:51:10 - [MESSAGE][PASSED] - Delayed 1 second(s)

2022-05-24 14:51:10 - [TEST_STEP][PASSED] - va = getText(findTestObject("page_tagihan BCA/div_700701701000000319")): Text of object 'Object Repository/page_tagihan BCA/div_700701701000000319' is: '8452170000122621'

2022-05-24 14:51:11 - [MESSAGE][PASSED] - Text of object 'Object Repository/page_tagihan BCA/div_700701701000000319' is: '8452170000122621'

2022-05-24 14:51:11 - [TEST_STEP][PASSED] - value_bayar = getText(findTestObject("page_tagihan BCA/span_Rp 300.000,00")): Text of object 'Object Repository/page_tagihan BCA/span_Rp 300.000,00' is: 'Rp 2.005,00'

2022-05-24 14:51:12 - [MESSAGE][PASSED] - Text of object 'Object Repository/page_tagihan BCA/span_Rp 300.000,00' is: 'Rp 2.005,00'

2022-05-24 14:51:12 - [TEST_STEP][PASSED] - delay(1): Delayed 1 second(s)

2022-05-24 14:51:13 - [MESSAGE][PASSED] - Delayed 1 second(s)

2022-05-24 14:51:13 - [TEST_STEP][PASSED] - takeFullPageScreenshot(): Taking screenshot successfully

2022-05-24 14:51:13 - [MESSAGE][INFO] - 0 hidden object(s)

2022-05-24 14:51:13 - [MESSAGE][PASSED] - Taking screenshot successfully
[[ATTACHMENT|C:\\Users\\E2PAY\\git\\simulatorTestHp\\Reports\\20220524_144749\\Permata VA noPay 2\\20220524_144751\\1653378673254.png]]

2022-05-24 14:51:13 - [TEST_STEP][PASSED] - navigateToUrl("www.google.com"): Navigate to 'http://www.google.com' successfully

2022-05-24 14:51:14 - [MESSAGE][PASSED] - Navigate to 'http://www.google.com' successfully

2022-05-24 14:51:14 - [TEST_STEP][PASSED] - delay(1): Delayed 1 second(s)

2022-05-24 14:51:15 - [MESSAGE][PASSED] - Delayed 1 second(s)

2022-05-24 14:51:15 - [TEST_STEP][PASSED] - temp_amount = amount + i: null

2022-05-24 14:51:15 - [TEST_STEP][PASSED] - temp = all + temp_amount + "00": null

2022-05-24 14:51:15 - [TEST_STEP][PASSED] - setText(findTestObject("Page_Google/search"), temp): Text 'EPT0000222200600' is set on object 'Object Repository/Page_Google/search'

2022-05-24 14:51:17 - [MESSAGE][PASSED] - Text 'EPT0000222200600' is set on object 'Object Repository/Page_Google/search'

2022-05-24 14:51:17 - [TEST_STEP][PASSED] - sendKeys(findTestObject("Page_Google/search"), Keys.chord(CONTROL, "a")): Keys 'CONTROL + a' sent to object: 'Object Repository/Page_Google/search'

2022-05-24 14:51:17 - [MESSAGE][PASSED] - Keys 'CONTROL + a' sent to object: 'Object Repository/Page_Google/search'

2022-05-24 14:51:17 - [TEST_STEP][PASSED] - sendKeys(findTestObject("Page_Google/search"), Keys.chord(CONTROL, "c")): Keys 'CONTROL + c' sent to object: 'Object Repository/Page_Google/search'

2022-05-24 14:51:18 - [MESSAGE][PASSED] - Keys 'CONTROL + c' sent to object: 'Object Repository/Page_Google/search'

2022-05-24 14:51:18 - [TEST_STEP][PASSED] - navigateToUrl("https://simulatortest.e2pay.co.id/simulator/"): Navigate to 'https://simulatortest.e2pay.co.id/simulator/' successfully

2022-05-24 14:51:19 - [MESSAGE][PASSED] - Navigate to 'https://simulatortest.e2pay.co.id/simulator/' successfully

2022-05-24 14:51:19 - [TEST_STEP][PASSED] - delay(2): Delayed 2 second(s)

2022-05-24 14:51:21 - [MESSAGE][PASSED] - Delayed 2 second(s)

2022-05-24 14:51:21 - [TEST_STEP][PASSED] - click(findTestObject("simulator post/input_merhant code")): Object: 'Object Repository/simulator post/input_merhant code' is clicked on

2022-05-24 14:51:22 - [MESSAGE][PASSED] - Object: 'Object Repository/simulator post/input_merhant code' is clicked on

2022-05-24 14:51:22 - [TEST_STEP][PASSED] - sendKeys(findTestObject("simulator post/input_merhant code"), Keys.chord(CONTROL, "a")): Keys 'CONTROL + a' sent to object: 'Object Repository/simulator post/input_merhant code'

2022-05-24 14:51:22 - [MESSAGE][PASSED] - Keys 'CONTROL + a' sent to object: 'Object Repository/simulator post/input_merhant code'

2022-05-24 14:51:22 - [TEST_STEP][PASSED] - sendKeys(findTestObject("simulator post/input_merhant code"), Keys.chord(DELETE)): Keys 'DELETE + ' sent to object: 'Object Repository/simulator post/input_merhant code'

2022-05-24 14:51:23 - [MESSAGE][PASSED] - Keys 'DELETE + ' sent to object: 'Object Repository/simulator post/input_merhant code'

2022-05-24 14:51:23 - [TEST_STEP][PASSED] - sendKeys(findTestObject("simulator post/input_merhant code"), Keys.chord(CONTROL, "v")): Keys 'CONTROL + v' sent to object: 'Object Repository/simulator post/input_merhant code'

2022-05-24 14:51:24 - [MESSAGE][PASSED] - Keys 'CONTROL + v' sent to object: 'Object Repository/simulator post/input_merhant code'

2022-05-24 14:51:24 - [TEST_STEP][PASSED] - sendKeys(findTestObject("simulator post/input_merhant code"), Keys.chord(SHIFT, ARROW_LEFT, ARROW_LEFT, ARROW_LEFT, ARROW_LEFT, ARROW_LEFT, ARROW_LEFT, ARROW_LEFT, ARROW_LEFT)): Keys 'SHIFT + LEFT + LEFT + LEFT + LEFT + LEFT + LEFT + LEFT + LEFT + ' sent to object: 'Object Repository/simulator post/input_merhant code'

2022-05-24 14:51:25 - [MESSAGE][PASSED] - Keys 'SHIFT + LEFT + LEFT + LEFT + LEFT + LEFT + LEFT + LEFT + LEFT + ' sent to object: 'Object Repository/simulator post/input_merhant code'

2022-05-24 14:51:25 - [TEST_STEP][PASSED] - sendKeys(findTestObject("simulator post/input_merhant code"), Keys.chord(CONTROL, "x")): Keys 'CONTROL + x' sent to object: 'Object Repository/simulator post/input_merhant code'

2022-05-24 14:51:25 - [MESSAGE][PASSED] - Keys 'CONTROL + x' sent to object: 'Object Repository/simulator post/input_merhant code'

2022-05-24 14:51:25 - [TEST_STEP][PASSED] - click(findTestObject("simulator post/input_paymentID")): Object: 'Object Repository/simulator post/input_paymentID' is clicked on

2022-05-24 14:51:26 - [MESSAGE][PASSED] - Object: 'Object Repository/simulator post/input_paymentID' is clicked on

2022-05-24 14:51:26 - [TEST_STEP][PASSED] - sendKeys(findTestObject("simulator post/input_paymentID"), Keys.chord(CONTROL, "a")): Keys 'CONTROL + a' sent to object: 'Object Repository/simulator post/input_paymentID'

2022-05-24 14:51:27 - [MESSAGE][PASSED] - Keys 'CONTROL + a' sent to object: 'Object Repository/simulator post/input_paymentID'

2022-05-24 14:51:27 - [TEST_STEP][PASSED] - sendKeys(findTestObject("simulator post/input_paymentID"), Keys.chord(DELETE)): Keys 'DELETE + ' sent to object: 'Object Repository/simulator post/input_paymentID'

2022-05-24 14:51:28 - [MESSAGE][PASSED] - Keys 'DELETE + ' sent to object: 'Object Repository/simulator post/input_paymentID'

2022-05-24 14:51:28 - [TEST_STEP][PASSED] - sendKeys(findTestObject("simulator post/input_paymentID"), Keys.chord(CONTROL, "v")): Keys 'CONTROL + v' sent to object: 'Object Repository/simulator post/input_paymentID'

2022-05-24 14:51:30 - [MESSAGE][PASSED] - Keys 'CONTROL + v' sent to object: 'Object Repository/simulator post/input_paymentID'

2022-05-24 14:51:30 - [TEST_STEP][PASSED] - sendKeys(findTestObject("simulator post/input_paymentID"), Keys.chord(SHIFT, ARROW_LEFT, ARROW_LEFT, ARROW_LEFT, ARROW_LEFT, ARROW_LEFT, ARROW_LEFT)): Keys 'SHIFT + LEFT + LEFT + LEFT + LEFT + LEFT + LEFT + ' sent to object: 'Object Repository/simulator post/input_paymentID'

2022-05-24 14:51:30 - [MESSAGE][PASSED] - Keys 'SHIFT + LEFT + LEFT + LEFT + LEFT + LEFT + LEFT + ' sent to object: 'Object Repository/simulator post/input_paymentID'

2022-05-24 14:51:30 - [TEST_STEP][PASSED] - sendKeys(findTestObject("simulator post/input_paymentID"), Keys.chord(CONTROL, "x")): Keys 'CONTROL + x' sent to object: 'Object Repository/simulator post/input_paymentID'

2022-05-24 14:51:31 - [MESSAGE][PASSED] - Keys 'CONTROL + x' sent to object: 'Object Repository/simulator post/input_paymentID'

2022-05-24 14:51:31 - [TEST_STEP][PASSED] - click(findTestObject("simulator post/input_amount")): Object: 'Object Repository/simulator post/input_amount' is clicked on

2022-05-24 14:51:32 - [MESSAGE][PASSED] - Object: 'Object Repository/simulator post/input_amount' is clicked on

2022-05-24 14:51:32 - [TEST_STEP][PASSED] - sendKeys(findTestObject("simulator post/input_amount"), Keys.chord(CONTROL, "a")): Keys 'CONTROL + a' sent to object: 'Object Repository/simulator post/input_amount'

2022-05-24 14:51:33 - [MESSAGE][PASSED] - Keys 'CONTROL + a' sent to object: 'Object Repository/simulator post/input_amount'

2022-05-24 14:51:33 - [TEST_STEP][PASSED] - sendKeys(findTestObject("simulator post/input_amount"), Keys.chord(DELETE)): Keys 'DELETE + ' sent to object: 'Object Repository/simulator post/input_amount'

2022-05-24 14:51:34 - [MESSAGE][PASSED] - Keys 'DELETE + ' sent to object: 'Object Repository/simulator post/input_amount'

2022-05-24 14:51:34 - [TEST_STEP][PASSED] - sendKeys(findTestObject("simulator post/input_amount"), Keys.chord(CONTROL, "v")): Keys 'CONTROL + v' sent to object: 'Object Repository/simulator post/input_amount'

2022-05-24 14:51:35 - [MESSAGE][PASSED] - Keys 'CONTROL + v' sent to object: 'Object Repository/simulator post/input_amount'

2022-05-24 14:51:35 - [TEST_STEP][PASSED] - value_amount = getText(findTestObject("simulator post/input_amount")): Text of object 'Object Repository/simulator post/input_amount' is: 'Amount'

2022-05-24 14:51:35 - [MESSAGE][PASSED] - Text of object 'Object Repository/simulator post/input_amount' is: 'Amount'

2022-05-24 14:51:35 - [TEST_STEP][PASSED] - delay(1): Delayed 1 second(s)

2022-05-24 14:51:36 - [MESSAGE][PASSED] - Delayed 1 second(s)

2022-05-24 14:51:36 - [TEST_STEP][PASSED] - println(value_amount): null

2022-05-24 14:51:36 - [TEST_STEP][PASSED] - takeFullPageScreenshot(): Taking screenshot successfully

2022-05-24 14:51:37 - [MESSAGE][INFO] - 0 hidden object(s)

2022-05-24 14:51:37 - [MESSAGE][PASSED] - Taking screenshot successfully
[[ATTACHMENT|C:\\Users\\E2PAY\\git\\simulatorTestHp\\Reports\\20220524_144749\\Permata VA noPay 2\\20220524_144751\\1653378696581.png]]

2022-05-24 14:51:37 - [TEST_STEP][PASSED] - click(findTestObject("simulator post/btn_proses payment")): Object: 'Object Repository/simulator post/btn_proses payment' is clicked on

2022-05-24 14:51:38 - [MESSAGE][PASSED] - Object: 'Object Repository/simulator post/btn_proses payment' is clicked on

2022-05-24 14:51:38 - [TEST_STEP][PASSED] - delay(1): Delayed 1 second(s)

2022-05-24 14:51:39 - [MESSAGE][PASSED] - Delayed 1 second(s)

2022-05-24 14:51:39 - [TEST_STEP][PASSED] - va = getText(findTestObject("page_tagihan BCA/div_700701701000000319")): Text of object 'Object Repository/page_tagihan BCA/div_700701701000000319' is: '8452170000122623'

2022-05-24 14:51:42 - [MESSAGE][PASSED] - Text of object 'Object Repository/page_tagihan BCA/div_700701701000000319' is: '8452170000122623'

2022-05-24 14:51:42 - [TEST_STEP][PASSED] - value_bayar = getText(findTestObject("page_tagihan BCA/span_Rp 300.000,00")): Text of object 'Object Repository/page_tagihan BCA/span_Rp 300.000,00' is: 'Rp 2.006,00'

2022-05-24 14:51:42 - [MESSAGE][PASSED] - Text of object 'Object Repository/page_tagihan BCA/span_Rp 300.000,00' is: 'Rp 2.006,00'

2022-05-24 14:51:42 - [TEST_STEP][PASSED] - delay(1): Delayed 1 second(s)

2022-05-24 14:51:43 - [MESSAGE][PASSED] - Delayed 1 second(s)

2022-05-24 14:51:43 - [TEST_STEP][PASSED] - takeFullPageScreenshot(): Taking screenshot successfully

2022-05-24 14:51:44 - [MESSAGE][INFO] - 0 hidden object(s)

2022-05-24 14:51:44 - [MESSAGE][PASSED] - Taking screenshot successfully
[[ATTACHMENT|C:\\Users\\E2PAY\\git\\simulatorTestHp\\Reports\\20220524_144749\\Permata VA noPay 2\\20220524_144751\\1653378703982.png]]

2022-05-24 14:51:44 - [TEST_STEP][PASSED] - navigateToUrl("www.google.com"): Navigate to 'http://www.google.com' successfully

2022-05-24 14:51:45 - [MESSAGE][PASSED] - Navigate to 'http://www.google.com' successfully

2022-05-24 14:51:45 - [TEST_STEP][PASSED] - delay(1): Delayed 1 second(s)

2022-05-24 14:51:46 - [MESSAGE][PASSED] - Delayed 1 second(s)

2022-05-24 14:51:46 - [TEST_STEP][PASSED] - temp_amount = amount + i: null

2022-05-24 14:51:46 - [TEST_STEP][PASSED] - temp = all + temp_amount + "00": null

2022-05-24 14:51:46 - [TEST_STEP][PASSED] - setText(findTestObject("Page_Google/search"), temp): Text 'EPT0000222200700' is set on object 'Object Repository/Page_Google/search'

2022-05-24 14:51:47 - [MESSAGE][PASSED] - Text 'EPT0000222200700' is set on object 'Object Repository/Page_Google/search'

2022-05-24 14:51:47 - [TEST_STEP][PASSED] - sendKeys(findTestObject("Page_Google/search"), Keys.chord(CONTROL, "a")): Keys 'CONTROL + a' sent to object: 'Object Repository/Page_Google/search'

2022-05-24 14:51:49 - [MESSAGE][PASSED] - Keys 'CONTROL + a' sent to object: 'Object Repository/Page_Google/search'

2022-05-24 14:51:49 - [TEST_STEP][PASSED] - sendKeys(findTestObject("Page_Google/search"), Keys.chord(CONTROL, "c")): Keys 'CONTROL + c' sent to object: 'Object Repository/Page_Google/search'

2022-05-24 14:51:49 - [MESSAGE][PASSED] - Keys 'CONTROL + c' sent to object: 'Object Repository/Page_Google/search'

2022-05-24 14:51:49 - [TEST_STEP][PASSED] - navigateToUrl("https://simulatortest.e2pay.co.id/simulator/"): Navigate to 'https://simulatortest.e2pay.co.id/simulator/' successfully

2022-05-24 14:51:51 - [MESSAGE][PASSED] - Navigate to 'https://simulatortest.e2pay.co.id/simulator/' successfully

2022-05-24 14:51:51 - [TEST_STEP][PASSED] - delay(2): Delayed 2 second(s)

2022-05-24 14:51:53 - [MESSAGE][PASSED] - Delayed 2 second(s)

2022-05-24 14:51:53 - [TEST_STEP][PASSED] - click(findTestObject("simulator post/input_merhant code")): Object: 'Object Repository/simulator post/input_merhant code' is clicked on

2022-05-24 14:51:54 - [MESSAGE][PASSED] - Object: 'Object Repository/simulator post/input_merhant code' is clicked on

2022-05-24 14:51:54 - [TEST_STEP][PASSED] - sendKeys(findTestObject("simulator post/input_merhant code"), Keys.chord(CONTROL, "a")): Keys 'CONTROL + a' sent to object: 'Object Repository/simulator post/input_merhant code'

2022-05-24 14:51:55 - [MESSAGE][PASSED] - Keys 'CONTROL + a' sent to object: 'Object Repository/simulator post/input_merhant code'

2022-05-24 14:51:55 - [TEST_STEP][PASSED] - sendKeys(findTestObject("simulator post/input_merhant code"), Keys.chord(DELETE)): Keys 'DELETE + ' sent to object: 'Object Repository/simulator post/input_merhant code'

2022-05-24 14:51:56 - [MESSAGE][PASSED] - Keys 'DELETE + ' sent to object: 'Object Repository/simulator post/input_merhant code'

2022-05-24 14:51:56 - [TEST_STEP][PASSED] - sendKeys(findTestObject("simulator post/input_merhant code"), Keys.chord(CONTROL, "v")): Keys 'CONTROL + v' sent to object: 'Object Repository/simulator post/input_merhant code'

2022-05-24 14:51:57 - [MESSAGE][PASSED] - Keys 'CONTROL + v' sent to object: 'Object Repository/simulator post/input_merhant code'

2022-05-24 14:51:57 - [TEST_STEP][PASSED] - sendKeys(findTestObject("simulator post/input_merhant code"), Keys.chord(SHIFT, ARROW_LEFT, ARROW_LEFT, ARROW_LEFT, ARROW_LEFT, ARROW_LEFT, ARROW_LEFT, ARROW_LEFT, ARROW_LEFT)): Keys 'SHIFT + LEFT + LEFT + LEFT + LEFT + LEFT + LEFT + LEFT + LEFT + ' sent to object: 'Object Repository/simulator post/input_merhant code'

2022-05-24 14:51:57 - [MESSAGE][PASSED] - Keys 'SHIFT + LEFT + LEFT + LEFT + LEFT + LEFT + LEFT + LEFT + LEFT + ' sent to object: 'Object Repository/simulator post/input_merhant code'

2022-05-24 14:51:57 - [TEST_STEP][PASSED] - sendKeys(findTestObject("simulator post/input_merhant code"), Keys.chord(CONTROL, "x")): Keys 'CONTROL + x' sent to object: 'Object Repository/simulator post/input_merhant code'

2022-05-24 14:51:58 - [MESSAGE][PASSED] - Keys 'CONTROL + x' sent to object: 'Object Repository/simulator post/input_merhant code'

2022-05-24 14:51:58 - [TEST_STEP][PASSED] - click(findTestObject("simulator post/input_paymentID")): Object: 'Object Repository/simulator post/input_paymentID' is clicked on

2022-05-24 14:51:58 - [MESSAGE][PASSED] - Object: 'Object Repository/simulator post/input_paymentID' is clicked on

2022-05-24 14:51:58 - [TEST_STEP][PASSED] - sendKeys(findTestObject("simulator post/input_paymentID"), Keys.chord(CONTROL, "a")): Keys 'CONTROL + a' sent to object: 'Object Repository/simulator post/input_paymentID'

2022-05-24 14:51:59 - [MESSAGE][PASSED] - Keys 'CONTROL + a' sent to object: 'Object Repository/simulator post/input_paymentID'

2022-05-24 14:51:59 - [TEST_STEP][PASSED] - sendKeys(findTestObject("simulator post/input_paymentID"), Keys.chord(DELETE)): Keys 'DELETE + ' sent to object: 'Object Repository/simulator post/input_paymentID'

2022-05-24 14:52:00 - [MESSAGE][PASSED] - Keys 'DELETE + ' sent to object: 'Object Repository/simulator post/input_paymentID'

2022-05-24 14:52:00 - [TEST_STEP][PASSED] - sendKeys(findTestObject("simulator post/input_paymentID"), Keys.chord(CONTROL, "v")): Keys 'CONTROL + v' sent to object: 'Object Repository/simulator post/input_paymentID'

2022-05-24 14:52:01 - [MESSAGE][PASSED] - Keys 'CONTROL + v' sent to object: 'Object Repository/simulator post/input_paymentID'

2022-05-24 14:52:01 - [TEST_STEP][PASSED] - sendKeys(findTestObject("simulator post/input_paymentID"), Keys.chord(SHIFT, ARROW_LEFT, ARROW_LEFT, ARROW_LEFT, ARROW_LEFT, ARROW_LEFT, ARROW_LEFT)): Keys 'SHIFT + LEFT + LEFT + LEFT + LEFT + LEFT + LEFT + ' sent to object: 'Object Repository/simulator post/input_paymentID'

2022-05-24 14:52:02 - [MESSAGE][PASSED] - Keys 'SHIFT + LEFT + LEFT + LEFT + LEFT + LEFT + LEFT + ' sent to object: 'Object Repository/simulator post/input_paymentID'

2022-05-24 14:52:02 - [TEST_STEP][PASSED] - sendKeys(findTestObject("simulator post/input_paymentID"), Keys.chord(CONTROL, "x")): Keys 'CONTROL + x' sent to object: 'Object Repository/simulator post/input_paymentID'

2022-05-24 14:52:02 - [MESSAGE][PASSED] - Keys 'CONTROL + x' sent to object: 'Object Repository/simulator post/input_paymentID'

2022-05-24 14:52:02 - [TEST_STEP][PASSED] - click(findTestObject("simulator post/input_amount")): Object: 'Object Repository/simulator post/input_amount' is clicked on

2022-05-24 14:52:03 - [MESSAGE][PASSED] - Object: 'Object Repository/simulator post/input_amount' is clicked on

2022-05-24 14:52:03 - [TEST_STEP][PASSED] - sendKeys(findTestObject("simulator post/input_amount"), Keys.chord(CONTROL, "a")): Keys 'CONTROL + a' sent to object: 'Object Repository/simulator post/input_amount'

2022-05-24 14:52:04 - [MESSAGE][PASSED] - Keys 'CONTROL + a' sent to object: 'Object Repository/simulator post/input_amount'

2022-05-24 14:52:04 - [TEST_STEP][PASSED] - sendKeys(findTestObject("simulator post/input_amount"), Keys.chord(DELETE)): Keys 'DELETE + ' sent to object: 'Object Repository/simulator post/input_amount'

2022-05-24 14:52:05 - [MESSAGE][PASSED] - Keys 'DELETE + ' sent to object: 'Object Repository/simulator post/input_amount'

2022-05-24 14:52:05 - [TEST_STEP][PASSED] - sendKeys(findTestObject("simulator post/input_amount"), Keys.chord(CONTROL, "v")): Keys 'CONTROL + v' sent to object: 'Object Repository/simulator post/input_amount'

2022-05-24 14:52:05 - [MESSAGE][PASSED] - Keys 'CONTROL + v' sent to object: 'Object Repository/simulator post/input_amount'

2022-05-24 14:52:05 - [TEST_STEP][PASSED] - value_amount = getText(findTestObject("simulator post/input_amount")): Text of object 'Object Repository/simulator post/input_amount' is: 'Amount'

2022-05-24 14:52:06 - [MESSAGE][PASSED] - Text of object 'Object Repository/simulator post/input_amount' is: 'Amount'

2022-05-24 14:52:06 - [TEST_STEP][PASSED] - delay(1): Delayed 1 second(s)

2022-05-24 14:52:07 - [MESSAGE][PASSED] - Delayed 1 second(s)

2022-05-24 14:52:07 - [TEST_STEP][PASSED] - println(value_amount): null

2022-05-24 14:52:07 - [TEST_STEP][PASSED] - takeFullPageScreenshot(): Taking screenshot successfully

2022-05-24 14:52:08 - [MESSAGE][INFO] - 0 hidden object(s)

2022-05-24 14:52:08 - [MESSAGE][PASSED] - Taking screenshot successfully
[[ATTACHMENT|C:\\Users\\E2PAY\\git\\simulatorTestHp\\Reports\\20220524_144749\\Permata VA noPay 2\\20220524_144751\\1653378727302.png]]

2022-05-24 14:52:08 - [TEST_STEP][PASSED] - click(findTestObject("simulator post/btn_proses payment")): Object: 'Object Repository/simulator post/btn_proses payment' is clicked on

2022-05-24 14:52:09 - [MESSAGE][PASSED] - Object: 'Object Repository/simulator post/btn_proses payment' is clicked on

2022-05-24 14:52:09 - [TEST_STEP][PASSED] - delay(1): Delayed 1 second(s)

2022-05-24 14:52:10 - [MESSAGE][PASSED] - Delayed 1 second(s)

2022-05-24 14:52:10 - [TEST_STEP][PASSED] - va = getText(findTestObject("page_tagihan BCA/div_700701701000000319")): Text of object 'Object Repository/page_tagihan BCA/div_700701701000000319' is: '8452170000122624'

2022-05-24 14:52:11 - [MESSAGE][PASSED] - Text of object 'Object Repository/page_tagihan BCA/div_700701701000000319' is: '8452170000122624'

2022-05-24 14:52:11 - [TEST_STEP][PASSED] - value_bayar = getText(findTestObject("page_tagihan BCA/span_Rp 300.000,00")): Text of object 'Object Repository/page_tagihan BCA/span_Rp 300.000,00' is: 'Rp 2.007,00'

2022-05-24 14:52:12 - [MESSAGE][PASSED] - Text of object 'Object Repository/page_tagihan BCA/span_Rp 300.000,00' is: 'Rp 2.007,00'

2022-05-24 14:52:12 - [TEST_STEP][PASSED] - delay(1): Delayed 1 second(s)

2022-05-24 14:52:13 - [MESSAGE][PASSED] - Delayed 1 second(s)

2022-05-24 14:52:13 - [TEST_STEP][PASSED] - takeFullPageScreenshot(): Taking screenshot successfully

2022-05-24 14:52:13 - [MESSAGE][INFO] - 0 hidden object(s)

2022-05-24 14:52:13 - [MESSAGE][PASSED] - Taking screenshot successfully
[[ATTACHMENT|C:\\Users\\E2PAY\\git\\simulatorTestHp\\Reports\\20220524_144749\\Permata VA noPay 2\\20220524_144751\\1653378733175.png]]

2022-05-24 14:52:13 - [TEST_STEP][PASSED] - navigateToUrl("www.google.com"): Navigate to 'http://www.google.com' successfully

2022-05-24 14:52:14 - [MESSAGE][PASSED] - Navigate to 'http://www.google.com' successfully

2022-05-24 14:52:14 - [TEST_STEP][PASSED] - delay(1): Delayed 1 second(s)

2022-05-24 14:52:15 - [MESSAGE][PASSED] - Delayed 1 second(s)

2022-05-24 14:52:15 - [TEST_STEP][PASSED] - temp_amount = amount + i: null

2022-05-24 14:52:15 - [TEST_STEP][PASSED] - temp = all + temp_amount + "00": null

2022-05-24 14:52:15 - [TEST_STEP][PASSED] - setText(findTestObject("Page_Google/search"), temp): Text 'EPT0000222200800' is set on object 'Object Repository/Page_Google/search'

2022-05-24 14:52:16 - [MESSAGE][PASSED] - Text 'EPT0000222200800' is set on object 'Object Repository/Page_Google/search'

2022-05-24 14:52:16 - [TEST_STEP][PASSED] - sendKeys(findTestObject("Page_Google/search"), Keys.chord(CONTROL, "a")): Keys 'CONTROL + a' sent to object: 'Object Repository/Page_Google/search'

2022-05-24 14:52:17 - [MESSAGE][PASSED] - Keys 'CONTROL + a' sent to object: 'Object Repository/Page_Google/search'

2022-05-24 14:52:17 - [TEST_STEP][PASSED] - sendKeys(findTestObject("Page_Google/search"), Keys.chord(CONTROL, "c")): Keys 'CONTROL + c' sent to object: 'Object Repository/Page_Google/search'

2022-05-24 14:52:18 - [MESSAGE][PASSED] - Keys 'CONTROL + c' sent to object: 'Object Repository/Page_Google/search'

2022-05-24 14:52:18 - [TEST_STEP][PASSED] - navigateToUrl("https://simulatortest.e2pay.co.id/simulator/"): Navigate to 'https://simulatortest.e2pay.co.id/simulator/' successfully

2022-05-24 14:52:18 - [MESSAGE][PASSED] - Navigate to 'https://simulatortest.e2pay.co.id/simulator/' successfully

2022-05-24 14:52:18 - [TEST_STEP][PASSED] - delay(2): Delayed 2 second(s)

2022-05-24 14:52:20 - [MESSAGE][PASSED] - Delayed 2 second(s)

2022-05-24 14:52:20 - [TEST_STEP][PASSED] - click(findTestObject("simulator post/input_merhant code")): Object: 'Object Repository/simulator post/input_merhant code' is clicked on

2022-05-24 14:52:21 - [MESSAGE][PASSED] - Object: 'Object Repository/simulator post/input_merhant code' is clicked on

2022-05-24 14:52:21 - [TEST_STEP][PASSED] - sendKeys(findTestObject("simulator post/input_merhant code"), Keys.chord(CONTROL, "a")): Keys 'CONTROL + a' sent to object: 'Object Repository/simulator post/input_merhant code'

2022-05-24 14:52:22 - [MESSAGE][PASSED] - Keys 'CONTROL + a' sent to object: 'Object Repository/simulator post/input_merhant code'

2022-05-24 14:52:22 - [TEST_STEP][PASSED] - sendKeys(findTestObject("simulator post/input_merhant code"), Keys.chord(DELETE)): Keys 'DELETE + ' sent to object: 'Object Repository/simulator post/input_merhant code'

2022-05-24 14:52:23 - [MESSAGE][PASSED] - Keys 'DELETE + ' sent to object: 'Object Repository/simulator post/input_merhant code'

2022-05-24 14:52:23 - [TEST_STEP][PASSED] - sendKeys(findTestObject("simulator post/input_merhant code"), Keys.chord(CONTROL, "v")): Keys 'CONTROL + v' sent to object: 'Object Repository/simulator post/input_merhant code'

2022-05-24 14:52:24 - [MESSAGE][PASSED] - Keys 'CONTROL + v' sent to object: 'Object Repository/simulator post/input_merhant code'

2022-05-24 14:52:24 - [TEST_STEP][PASSED] - sendKeys(findTestObject("simulator post/input_merhant code"), Keys.chord(SHIFT, ARROW_LEFT, ARROW_LEFT, ARROW_LEFT, ARROW_LEFT, ARROW_LEFT, ARROW_LEFT, ARROW_LEFT, ARROW_LEFT)): Keys 'SHIFT + LEFT + LEFT + LEFT + LEFT + LEFT + LEFT + LEFT + LEFT + ' sent to object: 'Object Repository/simulator post/input_merhant code'

2022-05-24 14:52:24 - [MESSAGE][PASSED] - Keys 'SHIFT + LEFT + LEFT + LEFT + LEFT + LEFT + LEFT + LEFT + LEFT + ' sent to object: 'Object Repository/simulator post/input_merhant code'

2022-05-24 14:52:24 - [TEST_STEP][PASSED] - sendKeys(findTestObject("simulator post/input_merhant code"), Keys.chord(CONTROL, "x")): Keys 'CONTROL + x' sent to object: 'Object Repository/simulator post/input_merhant code'

2022-05-24 14:52:25 - [MESSAGE][PASSED] - Keys 'CONTROL + x' sent to object: 'Object Repository/simulator post/input_merhant code'

2022-05-24 14:52:25 - [TEST_STEP][PASSED] - click(findTestObject("simulator post/input_paymentID")): Object: 'Object Repository/simulator post/input_paymentID' is clicked on

2022-05-24 14:52:25 - [MESSAGE][PASSED] - Object: 'Object Repository/simulator post/input_paymentID' is clicked on

2022-05-24 14:52:25 - [TEST_STEP][PASSED] - sendKeys(findTestObject("simulator post/input_paymentID"), Keys.chord(CONTROL, "a")): Keys 'CONTROL + a' sent to object: 'Object Repository/simulator post/input_paymentID'

2022-05-24 14:52:27 - [MESSAGE][PASSED] - Keys 'CONTROL + a' sent to object: 'Object Repository/simulator post/input_paymentID'

2022-05-24 14:52:27 - [TEST_STEP][PASSED] - sendKeys(findTestObject("simulator post/input_paymentID"), Keys.chord(DELETE)): Keys 'DELETE + ' sent to object: 'Object Repository/simulator post/input_paymentID'

2022-05-24 14:52:27 - [MESSAGE][PASSED] - Keys 'DELETE + ' sent to object: 'Object Repository/simulator post/input_paymentID'

2022-05-24 14:52:27 - [TEST_STEP][PASSED] - sendKeys(findTestObject("simulator post/input_paymentID"), Keys.chord(CONTROL, "v")): Keys 'CONTROL + v' sent to object: 'Object Repository/simulator post/input_paymentID'

2022-05-24 14:52:29 - [MESSAGE][PASSED] - Keys 'CONTROL + v' sent to object: 'Object Repository/simulator post/input_paymentID'

2022-05-24 14:52:29 - [TEST_STEP][PASSED] - sendKeys(findTestObject("simulator post/input_paymentID"), Keys.chord(SHIFT, ARROW_LEFT, ARROW_LEFT, ARROW_LEFT, ARROW_LEFT, ARROW_LEFT, ARROW_LEFT)): Keys 'SHIFT + LEFT + LEFT + LEFT + LEFT + LEFT + LEFT + ' sent to object: 'Object Repository/simulator post/input_paymentID'

2022-05-24 14:52:29 - [MESSAGE][PASSED] - Keys 'SHIFT + LEFT + LEFT + LEFT + LEFT + LEFT + LEFT + ' sent to object: 'Object Repository/simulator post/input_paymentID'

2022-05-24 14:52:29 - [TEST_STEP][PASSED] - sendKeys(findTestObject("simulator post/input_paymentID"), Keys.chord(CONTROL, "x")): Keys 'CONTROL + x' sent to object: 'Object Repository/simulator post/input_paymentID'

2022-05-24 14:52:30 - [MESSAGE][PASSED] - Keys 'CONTROL + x' sent to object: 'Object Repository/simulator post/input_paymentID'

2022-05-24 14:52:30 - [TEST_STEP][PASSED] - click(findTestObject("simulator post/input_amount")): Object: 'Object Repository/simulator post/input_amount' is clicked on

2022-05-24 14:52:31 - [MESSAGE][PASSED] - Object: 'Object Repository/simulator post/input_amount' is clicked on

2022-05-24 14:52:31 - [TEST_STEP][PASSED] - sendKeys(findTestObject("simulator post/input_amount"), Keys.chord(CONTROL, "a")): Keys 'CONTROL + a' sent to object: 'Object Repository/simulator post/input_amount'

2022-05-24 14:52:31 - [MESSAGE][PASSED] - Keys 'CONTROL + a' sent to object: 'Object Repository/simulator post/input_amount'

2022-05-24 14:52:31 - [TEST_STEP][PASSED] - sendKeys(findTestObject("simulator post/input_amount"), Keys.chord(DELETE)): Keys 'DELETE + ' sent to object: 'Object Repository/simulator post/input_amount'

2022-05-24 14:52:32 - [MESSAGE][PASSED] - Keys 'DELETE + ' sent to object: 'Object Repository/simulator post/input_amount'

2022-05-24 14:52:32 - [TEST_STEP][PASSED] - sendKeys(findTestObject("simulator post/input_amount"), Keys.chord(CONTROL, "v")): Keys 'CONTROL + v' sent to object: 'Object Repository/simulator post/input_amount'

2022-05-24 14:52:33 - [MESSAGE][PASSED] - Keys 'CONTROL + v' sent to object: 'Object Repository/simulator post/input_amount'

2022-05-24 14:52:33 - [TEST_STEP][PASSED] - value_amount = getText(findTestObject("simulator post/input_amount")): Text of object 'Object Repository/simulator post/input_amount' is: 'Amount'

2022-05-24 14:52:33 - [MESSAGE][PASSED] - Text of object 'Object Repository/simulator post/input_amount' is: 'Amount'

2022-05-24 14:52:33 - [TEST_STEP][PASSED] - delay(1): Delayed 1 second(s)

2022-05-24 14:52:34 - [MESSAGE][PASSED] - Delayed 1 second(s)

2022-05-24 14:52:34 - [TEST_STEP][PASSED] - println(value_amount): null

[...]

2022-05-24 14:52:45 - [MESSAGE][PASSED] - Text 'EPT0000222200900' is set on object 'Object Repository/Page_Google/search'

2022-05-24 14:52:45 - [TEST_STEP][PASSED] - sendKeys(findTestObject("Page_Google/search"), Keys.chord(CONTROL, "a")): Keys 'CONTROL + a' sent to object: 'Object Repository/Page_Google/search'

2022-05-24 14:52:46 - [MESSAGE][PASSED] - Keys 'CONTROL + a' sent to object: 'Object Repository/Page_Google/search'

2022-05-24 14:52:46 - [TEST_STEP][PASSED] - sendKeys(findTestObject("Page_Google/search"), Keys.chord(CONTROL, "c")): Keys 'CONTROL + c' sent to object: 'Object Repository/Page_Google/search'

2022-05-24 14:52:46 - [MESSAGE][PASSED] - Keys 'CONTROL + c' sent to object: 'Object Repository/Page_Google/search'

2022-05-24 14:52:46 - [TEST_STEP][PASSED] - navigateToUrl("https://simulatortest.e2pay.co.id/simulator/"): Navigate to 'https://simulatortest.e2pay.co.id/simulator/' successfully

2022-05-24 14:52:47 - [MESSAGE][PASSED] - Navigate to 'https://simulatortest.e2pay.co.id/simulator/' successfully

2022-05-24 14:52:47 - [TEST_STEP][PASSED] - delay(2): Delayed 2 second(s)

2022-05-24 14:52:49 - [MESSAGE][PASSED] - Delayed 2 second(s)

2022-05-24 14:52:49 - [TEST_STEP][PASSED] - click(findTestObject("simulator post/input_merhant code")): Object: 'Object Repository/simulator post/input_merhant code' is clicked on

2022-05-24 14:52:50 - [MESSAGE][PASSED] - Object: 'Object Repository/simulator post/input_merhant code' is clicked on

2022-05-24 14:52:50 - [TEST_STEP][PASSED] - sendKeys(findTestObject("simulator post/input_merhant code"), Keys.chord(CONTROL, "a")): Keys 'CONTROL + a' sent to object: 'Object Repository/simulator post/input_merhant code'

2022-05-24 14:52:51 - [MESSAGE][PASSED] - Keys 'CONTROL + a' sent to object: 'Object Repository/simulator post/input_merhant code'

2022-05-24 14:52:51 - [TEST_STEP][PASSED] - sendKeys(findTestObject("simulator post/input_merhant code"), Keys.chord(DELETE)): Keys 'DELETE + ' sent to object: 'Object Repository/simulator post/input_merhant code'

2022-05-24 14:52:52 - [MESSAGE][PASSED] - Keys 'DELETE + ' sent to object: 'Object Repository/simulator post/input_merhant code'

2022-05-24 14:52:52 - [TEST_STEP][PASSED] - sendKeys(findTestObject("simulator post/input_merhant code"), Keys.chord(CONTROL, "v")): Keys 'CONTROL + v' sent to object: 'Object Repository/simulator post/input_merhant code'

2022-05-24 14:52:52 - [MESSAGE][PASSED] - Keys 'CONTROL + v' sent to object: 'Object Repository/simulator post/input_merhant code'

2022-05-24 14:52:52 - [TEST_STEP][PASSED] - sendKeys(findTestObject("simulator post/input_merhant code"), Keys.chord(SHIFT, ARROW_LEFT, ARROW_LEFT, ARROW_LEFT, ARROW_LEFT, ARROW_LEFT, ARROW_LEFT, ARROW_LEFT, ARROW_LEFT)): Keys 'SHIFT + LEFT + LEFT + LEFT + LEFT + LEFT + LEFT + LEFT + LEFT + ' sent to object: 'Object Repository/simulator post/input_merhant code'

2022-05-24 14:52:53 - [MESSAGE][PASSED] - Keys 'SHIFT + LEFT + LEFT + LEFT + LEFT + LEFT + LEFT + LEFT + LEFT + ' sent to object: 'Object Repository/simulator post/input_merhant code'

2022-05-24 14:52:53 - [TEST_STEP][PASSED] - sendKeys(findTestObject("simulator post/input_merhant code"), Keys.chord(CONTROL, "x")): Keys 'CONTROL + x' sent to object: 'Object Repository/simulator post/input_merhant code'

2022-05-24 14:52:54 - [MESSAGE][PASSED] - Keys 'CONTROL + x' sent to object: 'Object Repository/simulator post/input_merhant code'

2022-05-24 14:52:54 - [TEST_STEP][PASSED] - click(findTestObject("simulator post/input_paymentID")): Object: 'Object Repository/simulator post/input_paymentID' is clicked on

2022-05-24 14:52:54 - [MESSAGE][PASSED] - Object: 'Object Repository/simulator post/input_paymentID' is clicked on

2022-05-24 14:52:54 - [TEST_STEP][PASSED] - sendKeys(findTestObject("simulator post/input_paymentID"), Keys.chord(CONTROL, "a")): Keys 'CONTROL + a' sent to object: 'Object Repository/simulator post/input_paymentID'

2022-05-24 14:52:55 - [MESSAGE][PASSED] - Keys 'CONTROL + a' sent to object: 'Object Repository/simulator post/input_paymentID'

2022-05-24 14:52:55 - [TEST_STEP][PASSED] - sendKeys(findTestObject("simulator post/input_paymentID"), Keys.chord(DELETE)): Keys 'DELETE + ' sent to object: 'Object Repository/simulator post/input_paymentID'

2022-05-24 14:52:56 - [MESSAGE][PASSED] - Keys 'DELETE + ' sent to object: 'Object Repository/simulator post/input_paymentID'

2022-05-24 14:52:56 - [TEST_STEP][PASSED] - sendKeys(findTestObject("simulator post/input_paymentID"), Keys.chord(CONTROL, "v")): Keys 'CONTROL + v' sent to object: 'Object Repository/simulator post/input_paymentID'

2022-05-24 14:52:57 - [MESSAGE][PASSED] - Keys 'CONTROL + v' sent to object: 'Object Repository/simulator post/input_paymentID'

2022-05-24 14:52:57 - [TEST_STEP][PASSED] - sendKeys(findTestObject("simulator post/input_paymentID"), Keys.chord(SHIFT, ARROW_LEFT, ARROW_LEFT, ARROW_LEFT, ARROW_LEFT, ARROW_LEFT, ARROW_LEFT)): Keys 'SHIFT + LEFT + LEFT + LEFT + LEFT + LEFT + LEFT + ' sent to object: 'Object Repository/simulator post/input_paymentID'

2022-05-24 14:52:58 - [MESSAGE][PASSED] - Keys 'SHIFT + LEFT + LEFT + LEFT + LEFT + LEFT + LEFT + ' sent to object: 'Object Repository/simulator post/input_paymentID'

2022-05-24 14:52:58 - [TEST_STEP][PASSED] - sendKeys(findTestObject("simulator post/input_paymentID"), Keys.chord(CONTROL, "x")): Keys 'CONTROL + x' sent to object: 'Object Repository/simulator post/input_paymentID'

2022-05-24 14:52:59 - [MESSAGE][PASSED] - Keys 'CONTROL + x' sent to object: 'Object Repository/simulator post/input_paymentID'

2022-05-24 14:52:59 - [TEST_STEP][PASSED] - click(findTestObject("simulator post/input_amount")): Object: 'Object Repository/simulator post/input_amount' is clicked on

2022-05-24 14:52:59 - [MESSAGE][PASSED] - Object: 'Object Repository/simulator post/input_amount' is clicked on

2022-05-24 14:52:59 - [TEST_STEP][PASSED] - sendKeys(findTestObject("simulator post/input_amount"), Keys.chord(CONTROL, "a")): Keys 'CONTROL + a' sent to object: 'Object Repository/simulator post/input_amount'

2022-05-24 14:53:00 - [MESSAGE][PASSED] - Keys 'CONTROL + a' sent to object: 'Object Repository/simulator post/input_amount'

2022-05-24 14:53:00 - [TEST_STEP][PASSED] - sendKeys(findTestObject("simulator post/input_amount"), Keys.chord(DELETE)): Keys 'DELETE + ' sent to object: 'Object Repository/simulator post/input_amount'

2022-05-24 14:53:01 - [MESSAGE][PASSED] - Keys 'DELETE + ' sent to object: 'Object Repository/simulator post/input_amount'

2022-05-24 14:53:01 - [TEST_STEP][PASSED] - sendKeys(findTestObject("simulator post/input_amount"), Keys.chord(CONTROL, "v")): Keys 'CONTROL + v' sent to object: 'Object Repository/simulator post/input_amount'

2022-05-24 14:53:01 - [MESSAGE][PASSED] - Keys 'CONTROL + v' sent to object: 'Object Repository/simulator post/input_amount'

2022-05-24 14:53:01 - [TEST_STEP][PASSED] - value_amount = getText(findTestObject("simulator post/input_amount")): Text of object 'Object Repository/simulator post/input_amount' is: 'Amount'

2022-05-24 14:53:02 - [MESSAGE][PASSED] - Text of object 'Object Repository/simulator post/input_amount' is: 'Amount'

2022-05-24 14:53:02 - [TEST_STEP][PASSED] - delay(1): Delayed 1 second(s)

2022-05-24 14:53:03 - [MESSAGE][PASSED] - Delayed 1 second(s)

2022-05-24 14:53:03 - [TEST_STEP][PASSED] - println(value_amount): null

2022-05-24 14:53:03 - [TEST_STEP][PASSED] - takeFullPageScreenshot(): Taking screenshot successfully

2022-05-24 14:53:04 - [MESSAGE][INFO] - 0 hidden object(s)

2022-05-24 14:53:04 - [MESSAGE][PASSED] - Taking screenshot successfully
[[ATTACHMENT|C:\\Users\\E2PAY\\git\\simulatorTestHp\\Reports\\20220524_144749\\Permata VA noPay 2\\20220524_144751\\1653378783516.png]]

2022-05-24 14:53:04 - [TEST_STEP][PASSED] - click(findTestObject("simulator post/btn_proses payment")): Object: 'Object Repository/simulator post/btn_proses payment' is clicked on

2022-05-24 14:53:05 - [MESSAGE][PASSED] - Object: 'Object Repository/simulator post/btn_proses payment' is clicked on

2022-05-24 14:53:05 - [TEST_STEP][PASSED] - delay(1): Delayed 1 second(s)

2022-05-24 14:53:06 - [MESSAGE][PASSED] - Delayed 1 second(s)

2022-05-24 14:53:06 - [TEST_STEP][PASSED] - va = getText(findTestObject("page_tagihan BCA/div_700701701000000319")): Text of object 'Object Repository/page_tagihan BCA/div_700701701000000319' is: '8452170000122626'

2022-05-24 14:53:07 - [MESSAGE][PASSED] - Text of object 'Object Repository/page_tagihan BCA/div_700701701000000319' is: '8452170000122626'

2022-05-24 14:53:07 - [TEST_STEP][PASSED] - value_bayar = getText(findTestObject("page_tagihan BCA/span_Rp 300.000,00")): Text of object 'Object Repository/page_tagihan BCA/span_Rp 300.000,00' is: 'Rp 2.009,00'

2022-05-24 14:53:08 - [MESSAGE][PASSED] - Text of object 'Object Repository/page_tagihan BCA/span_Rp 300.000,00' is: 'Rp 2.009,00'

2022-05-24 14:53:08 - [TEST_STEP][PASSED] - delay(1): Delayed 1 second(s)

2022-05-24 14:53:09 - [MESSAGE][PASSED] - Delayed 1 second(s)

2022-05-24 14:53:09 - [TEST_STEP][PASSED] - takeFullPageScreenshot(): Taking screenshot successfully

2022-05-24 14:53:09 - [MESSAGE][INFO] - 0 hidden object(s)

2022-05-24 14:53:09 - [MESSAGE][PASSED] - Taking screenshot successfully
[[ATTACHMENT|C:\\Users\\E2PAY\\git\\simulatorTestHp\\Reports\\20220524_144749\\Permata VA noPay 2\\20220524_144751\\1653378789213.png]]

2022-05-24 14:53:09 - [TEST_STEP][PASSED] - navigateToUrl("www.google.com"): Navigate to 'http://www.google.com' successfully

2022-05-24 14:53:10 - [MESSAGE][PASSED] - Navigate to 'http://www.google.com' successfully

2022-05-24 14:53:10 - [TEST_STEP][PASSED] - delay(1): Delayed 1 second(s)

2022-05-24 14:53:11 - [MESSAGE][PASSED] - Delayed 1 second(s)

2022-05-24 14:53:11 - [TEST_STEP][PASSED] - temp_amount = amount + i: null

2022-05-24 14:53:11 - [TEST_STEP][PASSED] - temp = all + temp_amount + "00": null

2022-05-24 14:53:11 - [TEST_STEP][PASSED] - setText(findTestObject("Page_Google/search"), temp): Text 'EPT0000222201000' is set on object 'Object Repository/Page_Google/search'

2022-05-24 14:53:12 - [MESSAGE][PASSED] - Text 'EPT0000222201000' is set on object 'Object Repository/Page_Google/search'

2022-05-24 14:53:12 - [TEST_STEP][PASSED] - sendKeys(findTestObject("Page_Google/search"), Keys.chord(CONTROL, "a")): Keys 'CONTROL + a' sent to object: 'Object Repository/Page_Google/search'

2022-05-24 14:53:13 - [MESSAGE][PASSED] - Keys 'CONTROL + a' sent to object: 'Object Repository/Page_Google/search'

2022-05-24 14:53:13 - [TEST_STEP][PASSED] - sendKeys(findTestObject("Page_Google/search"), Keys.chord(CONTROL, "c")): Keys 'CONTROL + c' sent to object: 'Object Repository/Page_Google/search'

2022-05-24 14:53:14 - [MESSAGE][PASSED] - Keys 'CONTROL + c' sent to object: 'Object Repository/Page_Google/search'

2022-05-24 14:53:14 - [TEST_STEP][PASSED] - navigateToUrl("https://simulatortest.e2pay.co.id/simulator/"): Navigate to 'https://simulatortest.e2pay.co.id/simulator/' successfully

2022-05-24 14:53:14 - [MESSAGE][PASSED] - Navigate to 'https://simulatortest.e2pay.co.id/simulator/' successfully

2022-05-24 14:53:14 - [TEST_STEP][PASSED] - delay(2): Delayed 2 second(s)

2022-05-24 14:53:17 - [MESSAGE][PASSED] - Delayed 2 second(s)

2022-05-24 14:53:17 - [TEST_STEP][PASSED] - click(findTestObject("simulator post/input_merhant code")): Object: 'Object Repository/simulator post/input_merhant code' is clicked on

2022-05-24 14:53:18 - [MESSAGE][PASSED] - Object: 'Object Repository/simulator post/input_merhant code' is clicked on

2022-05-24 14:53:18 - [TEST_STEP][PASSED] - sendKeys(findTestObject("simulator post/input_merhant code"), Keys.chord(CONTROL, "a")): Keys 'CONTROL + a' sent to object: 'Object Repository/simulator post/input_merhant code'

2022-05-24 14:53:18 - [MESSAGE][PASSED] - Keys 'CONTROL + a' sent to object: 'Object Repository/simulator post/input_merhant code'

2022-05-24 14:53:18 - [TEST_STEP][PASSED] - sendKeys(findTestObject("simulator post/input_merhant code"), Keys.chord(DELETE)): Keys 'DELETE + ' sent to object: 'Object Repository/simulator post/input_merhant code'

2022-05-24 14:53:20 - [MESSAGE][PASSED] - Keys 'DELETE + ' sent to object: 'Object Repository/simulator post/input_merhant code'

2022-05-24 14:53:20 - [TEST_STEP][PASSED] - sendKeys(findTestObject("simulator post/input_merhant code"), Keys.chord(CONTROL, "v")): Keys 'CONTROL + v' sent to object: 'Object Repository/simulator post/input_merhant code'

2022-05-24 14:53:20 - [MESSAGE][PASSED] - Keys 'CONTROL + v' sent to object: 'Object Repository/simulator post/input_merhant code'

2022-05-24 14:53:20 - [TEST_STEP][PASSED] - sendKeys(findTestObject("simulator post/input_merhant code"), Keys.chord(SHIFT, ARROW_LEFT, ARROW_LEFT, ARROW_LEFT, ARROW_LEFT, ARROW_LEFT, ARROW_LEFT, ARROW_LEFT, ARROW_LEFT)): Keys 'SHIFT + LEFT + LEFT + LEFT + LEFT + LEFT + LEFT + LEFT + LEFT + ' sent to object: 'Object Repository/simulator post/input_merhant code'

2022-05-24 14:53:21 - [MESSAGE][PASSED] - Keys 'SHIFT + LEFT + LEFT + LEFT + LEFT + LEFT + LEFT + LEFT + LEFT + ' sent to object: 'Object Repository/simulator post/input_merhant code'

2022-05-24 14:53:21 - [TEST_STEP][PASSED] - sendKeys(findTestObject("simulator post/input_merhant code"), Keys.chord(CONTROL, "x")): Keys 'CONTROL + x' sent to object: 'Object Repository/simulator post/input_merhant code'

2022-05-24 14:53:21 - [MESSAGE][PASSED] - Keys 'CONTROL + x' sent to object: 'Object Repository/simulator post/input_merhant code'

2022-05-24 14:53:21 - [TEST_STEP][PASSED] - click(findTestObject("simulator post/input_paymentID")): Object: 'Object Repository/simulator post/input_paymentID' is clicked on

2022-05-24 14:53:22 - [MESSAGE][PASSED] - Object: 'Object Repository/simulator post/input_paymentID' is clicked on

2022-05-24 14:53:22 - [TEST_STEP][PASSED] - sendKeys(findTestObject("simulator post/input_paymentID"), Keys.chord(CONTROL, "a")): Keys 'CONTROL + a' sent to object: 'Object Repository/simulator post/input_paymentID'

2022-05-24 14:53:23 - [MESSAGE][PASSED] - Keys 'CONTROL + a' sent to object: 'Object Repository/simulator post/input_paymentID'

2022-05-24 14:53:23 - [TEST_STEP][PASSED] - sendKeys(findTestObject("simulator post/input_paymentID"), Keys.chord(DELETE)): Keys 'DELETE + ' sent to object: 'Object Repository/simulator post/input_paymentID'

2022-05-24 14:53:24 - [MESSAGE][PASSED] - Keys 'DELETE + ' sent to object: 'Object Repository/simulator post/input_paymentID'

2022-05-24 14:53:24 - [TEST_STEP][PASSED] - sendKeys(findTestObject("simulator post/input_paymentID"), Keys.chord(CONTROL, "v")): Keys 'CONTROL + v' sent to object: 'Object Repository/simulator post/input_paymentID'

2022-05-24 14:53:25 - [MESSAGE][PASSED] - Keys 'CONTROL + v' sent to object: 'Object Repository/simulator post/input_paymentID'

2022-05-24 14:53:25 - [TEST_STEP][PASSED] - sendKeys(findTestObject("simulator post/input_paymentID"), Keys.chord(SHIFT, ARROW_LEFT, ARROW_LEFT, ARROW_LEFT, ARROW_LEFT, ARROW_LEFT, ARROW_LEFT)): Keys 'SHIFT + LEFT + LEFT + LEFT + LEFT + LEFT + LEFT + ' sent to object: 'Object Repository/simulator post/input_paymentID'

2022-05-24 14:53:26 - [MESSAGE][PASSED] - Keys 'SHIFT + LEFT + LEFT + LEFT + LEFT + LEFT + LEFT + ' sent to object: 'Object Repository/simulator post/input_paymentID'

2022-05-24 14:53:26 - [TEST_STEP][PASSED] - sendKeys(findTestObject("simulator post/input_paymentID"), Keys.chord(CONTROL, "x")): Keys 'CONTROL + x' sent to object: 'Object Repository/simulator post/input_paymentID'

2022-05-24 14:53:26 - [MESSAGE][PASSED] - Keys 'CONTROL + x' sent to object: 'Object Repository/simulator post/input_paymentID'

2022-05-24 14:53:26 - [TEST_STEP][PASSED] - click(findTestObject("simulator post/input_amount")): Object: 'Object Repository/simulator post/input_amount' is clicked on

2022-05-24 14:53:27 - [MESSAGE][PASSED] - Object: 'Object Repository/simulator post/input_amount' is clicked on

2022-05-24 14:53:27 - [TEST_STEP][PASSED] - sendKeys(findTestObject("simulator post/input_amount"), Keys.chord(CONTROL, "a")): Keys 'CONTROL + a' sent to object: 'Object Repository/simulator post/input_amount'

2022-05-24 14:53:28 - [MESSAGE][PASSED] - Keys 'CONTROL + a' sent to object: 'Object Repository/simulator post/input_amount'

2022-05-24 14:53:28 - [TEST_STEP][PASSED] - sendKeys(findTestObject("simulator post/input_amount"), Keys.chord(DELETE)): Keys 'DELETE + ' sent to object: 'Object Repository/simulator post/input_amount'

2022-05-24 14:53:28 - [MESSAGE][PASSED] - Keys 'DELETE + ' sent to object: 'Object Repository/simulator post/input_amount'

2022-05-24 14:53:28 - [TEST_STEP][PASSED] - sendKeys(findTestObject("simulator post/input_amount"), Keys.chord(CONTROL, "v")): Keys 'CONTROL + v' sent to object: 'Object Repository/simulator post/input_amount'

2022-05-24 14:53:29 - [MESSAGE][PASSED] - Keys 'CONTROL + v' sent to object: 'Object Repository/simulator post/input_amount'

2022-05-24 14:53:29 - [TEST_STEP][PASSED] - value_amount = getText(findTestObject("simulator post/input_amount")): Text of object 'Object Repository/simulator post/input_amount' is: 'Amount'

2022-05-24 14:53:30 - [MESSAGE][PASSED] - Text of object 'Object Repository/simulator post/input_amount' is: 'Amount'

2022-05-24 14:53:30 - [TEST_STEP][PASSED] - delay(1): Delayed 1 second(s)

2022-05-24 14:53:31 - [MESSAGE][PASSED] - Delayed 1 second(s)

2022-05-24 14:53:31 - [TEST_STEP][PASSED] - println(value_amount): null

2022-05-24 14:53:31 - [TEST_STEP][PASSED] - takeFullPageScreenshot(): Taking screenshot successfully

2022-05-24 14:53:31 - [MESSAGE][INFO] - 0 hidden object(s)

2022-05-24 14:53:32 - [MESSAGE][PASSED] - Taking screenshot successfully
[[ATTACHMENT|C:\\Users\\E2PAY\\git\\simulatorTestHp\\Reports\\20220524_144749\\Permata VA noPay 2\\20220524_144751\\1653378811127.png]]

2022-05-24 14:53:32 - [TEST_STEP][PASSED] - click(findTestObject("simulator post/btn_proses payment")): Object: 'Object Repository/simulator post/btn_proses payment' is clicked on

2022-05-24 14:53:32 - [MESSAGE][PASSED] - Object: 'Object Repository/simulator post/btn_proses payment' is clicked on

2022-05-24 14:53:32 - [TEST_STEP][PASSED] - delay(1): Delayed 1 second(s)

2022-05-24 14:53:33 - [MESSAGE][PASSED] - Delayed 1 second(s)

2022-05-24 14:53:33 - [TEST_STEP][PASSED] - va = getText(findTestObject("page_tagihan BCA/div_700701701000000319")): Text of object 'Object Repository/page_tagihan BCA/div_700701701000000319' is: '8452170000122627'

2022-05-24 14:53:35 - [MESSAGE][PASSED] - Text of object 'Object Repository/page_tagihan BCA/div_700701701000000319' is: '8452170000122627'

2022-05-24 14:53:35 - [TEST_STEP][PASSED] - value_bayar = getText(findTestObject("page_tagihan BCA/span_Rp 300.000,00")): Text of object 'Object Repository/page_tagihan BCA/span_Rp 300.000,00' is: 'Rp 2.010,00'

2022-05-24 14:53:36 - [MESSAGE][PASSED] - Text of object 'Object Repository/page_tagihan BCA/span_Rp 300.000,00' is: 'Rp 2.010,00'

2022-05-24 14:53:36 - [TEST_STEP][PASSED] - delay(1): Delayed 1 second(s)

2022-05-24 14:53:37 - [MESSAGE][PASSED] - Delayed 1 second(s)

2022-05-24 14:53:37 - [TEST_STEP][PASSED] - takeFullPageScreenshot(): Taking screenshot successfully

2022-05-24 14:53:38 - [MESSAGE][INFO] - 0 hidden object(s)

2022-05-24 14:53:38 - [MESSAGE][PASSED] - Taking screenshot successfully
[[ATTACHMENT|C:\\Users\\E2PAY\\git\\simulatorTestHp\\Reports\\20220524_144749\\Permata VA noPay 2\\20220524_144751\\1653378817692.png]]]]></system-out>
         <system-err><![CDATA[]]></system-err>
      </testcase>
      <system-out><![CDATA[2022-05-24 14:48:04 - [TEST_SUITE][PASSED] - Permata VA noPay 2: Test Cases/simulator - pass PERMATA noPay - Copy]]></system-out>
      <system-err><![CDATA[]]></system-err>
   </testsuite>
</testsuites>
