<?xml version="1.0" encoding="UTF-8"?>
<testsuites name="Permata VA noPay 2" time="409.791" tests="1" failures="0" errors="0">
   <testsuite name="Permata VA noPay 2" tests="1" failures="0" errors="0" time="409.791" skipped="0" timestamp="2022-05-24 14:54:37" hostname="E2PAY - LAPTOP-9GU3I3BG" id="Test Suites/Permata VA noPay 2">
      <properties>
[...]
</properties>
      <testcase name="Test Cases/simulator - pass PERMATA noPay - Copy" time="409.152" classname="Test Cases/simulator - pass PERMATA noPay - Copy" status="PASSED">
         <system-out><![CDATA[2022-05-24 14:54:38 - [TEST_CASE][PASSED] - Test Cases/simulator - pass PERMATA noPay - Copy: Test Cases/simulator - pass PERMATA noPay - Copy

2022-05-24 14:54:40 - [TEST_STEP][PASSED] - openBrowser(""): Browser is opened with url: ''

2022-05-24 14:54:40 - [MESSAGE][INFO] - Starting 'Edge Chromium' driver

2022-05-24 14:54:42 - [MESSAGE][INFO] - Action delay is set to 0 milliseconds

2022-05-24 14:54:45 - [MESSAGE][PASSED] - Browser is opened with url: ''

2022-05-24 14:54:45 - [TEST_STEP][PASSED] - for ([i = 1, i <= 10, (i++)]): Taking screenshot successfully

2022-05-24 14:54:45 - [TEST_STEP][PASSED] - navigateToUrl("www.google.com"): Navigate to 'http://www.google.com' successfully

2022-05-24 14:54:50 - [MESSAGE][PASSED] - Navigate to 'http://www.google.com' successfully

2022-05-24 14:54:50 - [TEST_STEP][PASSED] - delay(1): Delayed 1 second(s)

2022-05-24 14:54:51 - [MESSAGE][PASSED] - Delayed 1 second(s)

2022-05-24 14:54:51 - [TEST_STEP][PASSED] - temp_amount = amount + i: null

2022-05-24 14:54:51 - [TEST_STEP][PASSED] - temp = all + temp_amount + "00": null

2022-05-24 14:54:51 - [TEST_STEP][PASSED] - setText(findTestObject("Page_Google/search"), temp): Text 'EPT0000222200100' is set on object 'Object Repository/Page_Google/search'

2022-05-24 14:54:53 - [MESSAGE][PASSED] - Text 'EPT0000222200100' is set on object 'Object Repository/Page_Google/search'

2022-05-24 14:54:53 - [TEST_STEP][PASSED] - sendKeys(findTestObject("Page_Google/search"), Keys.chord(CONTROL, "a")): Keys 'CONTROL + a' sent to object: 'Object Repository/Page_Google/search'

2022-05-24 14:54:53 - [MESSAGE][PASSED] - Keys 'CONTROL + a' sent to object: 'Object Repository/Page_Google/search'

2022-05-24 14:54:53 - [TEST_STEP][PASSED] - sendKeys(findTestObject("Page_Google/search"), Keys.chord(CONTROL, "c")): Keys 'CONTROL + c' sent to object: 'Object Repository/Page_Google/search'

2022-05-24 14:54:54 - [MESSAGE][PASSED] - Keys 'CONTROL + c' sent to object: 'Object Repository/Page_Google/search'

2022-05-24 14:54:54 - [TEST_STEP][PASSED] - navigateToUrl("https://simulatortest.e2pay.co.id/simulator/"): Navigate to 'https://simulatortest.e2pay.co.id/simulator/' successfully

2022-05-24 14:55:05 - [MESSAGE][PASSED] - Navigate to 'https://simulatortest.e2pay.co.id/simulator/' successfully

2022-05-24 14:55:05 - [TEST_STEP][PASSED] - delay(2): Delayed 2 second(s)

2022-05-24 14:55:07 - [MESSAGE][PASSED] - Delayed 2 second(s)

2022-05-24 14:55:07 - [TEST_STEP][PASSED] - click(findTestObject("simulator post/input_merhant code")): Object: 'Object Repository/simulator post/input_merhant code' is clicked on

2022-05-24 14:56:00 - [MESSAGE][PASSED] - Object: 'Object Repository/simulator post/input_merhant code' is clicked on

2022-05-24 14:56:00 - [TEST_STEP][PASSED] - sendKeys(findTestObject("simulator post/input_merhant code"), Keys.chord(CONTROL, "a")): Keys 'CONTROL + a' sent to object: 'Object Repository/simulator post/input_merhant code'

2022-05-24 14:56:01 - [MESSAGE][PASSED] - Keys 'CONTROL + a' sent to object: 'Object Repository/simulator post/input_merhant code'

2022-05-24 14:56:01 - [TEST_STEP][PASSED] - sendKeys(findTestObject("simulator post/input_merhant code"), Keys.chord(DELETE)): Keys 'DELETE + ' sent to object: 'Object Repository/simulator post/input_merhant code'

2022-05-24 14:56:02 - [MESSAGE][PASSED] - Keys 'DELETE + ' sent to object: 'Object Repository/simulator post/input_merhant code'

2022-05-24 14:56:02 - [TEST_STEP][PASSED] - sendKeys(findTestObject("simulator post/input_merhant code"), Keys.chord(CONTROL, "v")): Keys 'CONTROL + v' sent to object: 'Object Repository/simulator post/input_merhant code'

2022-05-24 14:56:02 - [MESSAGE][PASSED] - Keys 'CONTROL + v' sent to object: 'Object Repository/simulator post/input_merhant code'

2022-05-24 14:56:02 - [TEST_STEP][PASSED] - sendKeys(findTestObject("simulator post/input_merhant code"), Keys.chord(SHIFT, ARROW_LEFT, ARROW_LEFT, ARROW_LEFT, ARROW_LEFT, ARROW_LEFT, ARROW_LEFT, ARROW_LEFT, ARROW_LEFT)): Keys 'SHIFT + LEFT + LEFT + LEFT + LEFT + LEFT + LEFT + LEFT + LEFT + ' sent to object: 'Object Repository/simulator post/input_merhant code'

2022-05-24 14:56:03 - [MESSAGE][PASSED] - Keys 'SHIFT + LEFT + LEFT + LEFT + LEFT + LEFT + LEFT + LEFT + LEFT + ' sent to object: 'Object Repository/simulator post/input_merhant code'

2022-05-24 14:56:03 - [TEST_STEP][PASSED] - sendKeys(findTestObject("simulator post/input_merhant code"), Keys.chord(CONTROL, "x")): Keys 'CONTROL + x' sent to object: 'Object Repository/simulator post/input_merhant code'

2022-05-24 14:56:04 - [MESSAGE][PASSED] - Keys 'CONTROL + x' sent to object: 'Object Repository/simulator post/input_merhant code'

2022-05-24 14:56:04 - [TEST_STEP][PASSED] - click(findTestObject("simulator post/input_paymentID")): Object: 'Object Repository/simulator post/input_paymentID' is clicked on

2022-05-24 14:56:04 - [MESSAGE][PASSED] - Object: 'Object Repository/simulator post/input_paymentID' is clicked on

2022-05-24 14:56:04 - [TEST_STEP][PASSED] - sendKeys(findTestObject("simulator post/input_paymentID"), Keys.chord(CONTROL, "a")): Keys 'CONTROL + a' sent to object: 'Object Repository/simulator post/input_paymentID'

2022-05-24 14:56:05 - [MESSAGE][PASSED] - Keys 'CONTROL + a' sent to object: 'Object Repository/simulator post/input_paymentID'

2022-05-24 14:56:05 - [TEST_STEP][PASSED] - sendKeys(findTestObject("simulator post/input_paymentID"), Keys.chord(DELETE)): Keys 'DELETE + ' sent to object: 'Object Repository/simulator post/input_paymentID'

2022-05-24 14:56:06 - [MESSAGE][PASSED] - Keys 'DELETE + ' sent to object: 'Object Repository/simulator post/input_paymentID'

2022-05-24 14:56:06 - [TEST_STEP][PASSED] - sendKeys(findTestObject("simulator post/input_paymentID"), Keys.chord(CONTROL, "v")): Keys 'CONTROL + v' sent to object: 'Object Repository/simulator post/input_paymentID'

2022-05-24 14:56:06 - [MESSAGE][PASSED] - Keys 'CONTROL + v' sent to object: 'Object Repository/simulator post/input_paymentID'

2022-05-24 14:56:06 - [TEST_STEP][PASSED] - sendKeys(findTestObject("simulator post/input_paymentID"), Keys.chord(SHIFT, ARROW_LEFT, ARROW_LEFT, ARROW_LEFT, ARROW_LEFT, ARROW_LEFT, ARROW_LEFT)): Keys 'SHIFT + LEFT + LEFT + LEFT + LEFT + LEFT + LEFT + ' sent to object: 'Object Repository/simulator post/input_paymentID'

2022-05-24 14:56:07 - [MESSAGE][PASSED] - Keys 'SHIFT + LEFT + LEFT + LEFT + LEFT + LEFT + LEFT + ' sent to object: 'Object Repository/simulator post/input_paymentID'

2022-05-24 14:56:07 - [TEST_STEP][PASSED] - sendKeys(findTestObject("simulator post/input_paymentID"), Keys.chord(CONTROL, "x")): Keys 'CONTROL + x' sent to object: 'Object Repository/simulator post/input_paymentID'

2022-05-24 14:56:08 - [MESSAGE][PASSED] - Keys 'CONTROL + x' sent to object: 'Object Repository/simulator post/input_paymentID'

2022-05-24 14:56:08 - [TEST_STEP][PASSED] - click(findTestObject("simulator post/input_amount")): Object: 'Object Repository/simulator post/input_amount' is clicked on

2022-05-24 14:56:09 - [MESSAGE][PASSED] - Object: 'Object Repository/simulator post/input_amount' is clicked on

2022-05-24 14:56:09 - [TEST_STEP][PASSED] - sendKeys(findTestObject("simulator post/input_amount"), Keys.chord(CONTROL, "a")): Keys 'CONTROL + a' sent to object: 'Object Repository/simulator post/input_amount'

2022-05-24 14:56:10 - [MESSAGE][PASSED] - Keys 'CONTROL + a' sent to object: 'Object Repository/simulator post/input_amount'

2022-05-24 14:56:10 - [TEST_STEP][PASSED] - sendKeys(findTestObject("simulator post/input_amount"), Keys.chord(DELETE)): Keys 'DELETE + ' sent to object: 'Object Repository/simulator post/input_amount'

2022-05-24 14:56:10 - [MESSAGE][PASSED] - Keys 'DELETE + ' sent to object: 'Object Repository/simulator post/input_amount'

2022-05-24 14:56:10 - [TEST_STEP][PASSED] - sendKeys(findTestObject("simulator post/input_amount"), Keys.chord(CONTROL, "v")): Keys 'CONTROL + v' sent to object: 'Object Repository/simulator post/input_amount'

2022-05-24 14:56:11 - [MESSAGE][PASSED] - Keys 'CONTROL + v' sent to object: 'Object Repository/simulator post/input_amount'

2022-05-24 14:56:11 - [TEST_STEP][PASSED] - value_amount = getText(findTestObject("simulator post/input_amount")): Text of object 'Object Repository/simulator post/input_amount' is: 'Amount'

2022-05-24 14:56:11 - [MESSAGE][PASSED] - Text of object 'Object Repository/simulator post/input_amount' is: 'Amount'

2022-05-24 14:56:11 - [TEST_STEP][PASSED] - delay(1): Delayed 1 second(s)

2022-05-24 14:56:12 - [MESSAGE][PASSED] - Delayed 1 second(s)

2022-05-24 14:56:12 - [TEST_STEP][PASSED] - println(value_amount): null

2022-05-24 14:56:12 - [TEST_STEP][PASSED] - takeFullPageScreenshot(): Taking screenshot successfully

2022-05-24 14:56:22 - [MESSAGE][INFO] - 0 hidden object(s)

2022-05-24 14:56:23 - [MESSAGE][PASSED] - Taking screenshot successfully
[[ATTACHMENT|C:\\Users\\E2PAY\\git\\simulatorTestHp\\Reports\\20220524_145431\\Permata VA noPay 2\\20220524_145431\\1653378972796.png]]

2022-05-24 14:56:23 - [TEST_STEP][PASSED] - click(findTestObject("simulator post/btn_proses payment")): Object: 'Object Repository/simulator post/btn_proses payment' is clicked on

2022-05-24 14:56:23 - [MESSAGE][PASSED] - Object: 'Object Repository/simulator post/btn_proses payment' is clicked on

2022-05-24 14:56:23 - [TEST_STEP][PASSED] - delay(1): Delayed 1 second(s)

2022-05-24 14:56:24 - [MESSAGE][PASSED] - Delayed 1 second(s)

2022-05-24 14:56:24 - [TEST_STEP][PASSED] - va = getText(findTestObject("page_tagihan BCA/div_700701701000000319")): Text of object 'Object Repository/page_tagihan BCA/div_700701701000000319' is: '8452170000122628'

2022-05-24 14:56:28 - [MESSAGE][PASSED] - Text of object 'Object Repository/page_tagihan BCA/div_700701701000000319' is: '8452170000122628'

2022-05-24 14:56:28 - [TEST_STEP][PASSED] - value_bayar = getText(findTestObject("page_tagihan BCA/span_Rp 300.000,00")): Text of object 'Object Repository/page_tagihan BCA/span_Rp 300.000,00' is: 'Rp 2.001,00'

2022-05-24 14:56:29 - [MESSAGE][PASSED] - Text of object 'Object Repository/page_tagihan BCA/span_Rp 300.000,00' is: 'Rp 2.001,00'

2022-05-24 14:56:29 - [TEST_STEP][PASSED] - delay(1): Delayed 1 second(s)

2022-05-24 14:56:30 - [MESSAGE][PASSED] - Delayed 1 second(s)

2022-05-24 14:56:30 - [TEST_STEP][PASSED] - takeFullPageScreenshot(): Taking screenshot successfully

2022-05-24 14:56:34 - [MESSAGE][INFO] - 0 hidden object(s)

2022-05-24 14:56:35 - [MESSAGE][PASSED] - Taking screenshot successfully
[[ATTACHMENT|C:\\Users\\E2PAY\\git\\simulatorTestHp\\Reports\\20220524_145431\\Permata VA noPay 2\\20220524_145431\\1653378990485.png]]

2022-05-24 14:56:35 - [TEST_STEP][PASSED] - navigateToUrl("www.google.com"): Navigate to 'http://www.google.com' successfully

2022-05-24 14:56:36 - [MESSAGE][PASSED] - Navigate to 'http://www.google.com' successfully

2022-05-24 14:56:36 - [TEST_STEP][PASSED] - delay(1): Delayed 1 second(s)

2022-05-24 14:56:37 - [MESSAGE][PASSED] - Delayed 1 second(s)

2022-05-24 14:56:37 - [TEST_STEP][PASSED] - temp_amount = amount + i: null

2022-05-24 14:56:37 - [TEST_STEP][PASSED] - temp = all + temp_amount + "00": null

2022-05-24 14:56:37 - [TEST_STEP][PASSED] - setText(findTestObject("Page_Google/search"), temp): Text 'EPT0000222200200' is set on object 'Object Repository/Page_Google/search'

2022-05-24 14:56:39 - [MESSAGE][PASSED] - Text 'EPT0000222200200' is set on object 'Object Repository/Page_Google/search'

2022-05-24 14:56:39 - [TEST_STEP][PASSED] - sendKeys(findTestObject("Page_Google/search"), Keys.chord(CONTROL, "a")): Keys 'CONTROL + a' sent to object: 'Object Repository/Page_Google/search'

2022-05-24 14:56:39 - [MESSAGE][PASSED] - Keys 'CONTROL + a' sent to object: 'Object Repository/Page_Google/search'

2022-05-24 14:56:39 - [TEST_STEP][PASSED] - sendKeys(findTestObject("Page_Google/search"), Keys.chord(CONTROL, "c")): Keys 'CONTROL + c' sent to object: 'Object Repository/Page_Google/search'

2022-05-24 14:56:40 - [MESSAGE][PASSED] - Keys 'CONTROL + c' sent to object: 'Object Repository/Page_Google/search'

2022-05-24 14:56:40 - [TEST_STEP][PASSED] - navigateToUrl("https://simulatortest.e2pay.co.id/simulator/"): Navigate to 'https://simulatortest.e2pay.co.id/simulator/' successfully

2022-05-24 14:56:41 - [MESSAGE][PASSED] - Navigate to 'https://simulatortest.e2pay.co.id/simulator/' successfully

2022-05-24 14:56:41 - [TEST_STEP][PASSED] - delay(2): Delayed 2 second(s)

2022-05-24 14:56:43 - [MESSAGE][PASSED] - Delayed 2 second(s)

2022-05-24 14:56:43 - [TEST_STEP][PASSED] - click(findTestObject("simulator post/input_merhant code")): Object: 'Object Repository/simulator post/input_merhant code' is clicked on

2022-05-24 14:56:45 - [MESSAGE][PASSED] - Object: 'Object Repository/simulator post/input_merhant code' is clicked on

2022-05-24 14:56:45 - [TEST_STEP][PASSED] - sendKeys(findTestObject("simulator post/input_merhant code"), Keys.chord(CONTROL, "a")): Keys 'CONTROL + a' sent to object: 'Object Repository/simulator post/input_merhant code'

2022-05-24 14:56:46 - [MESSAGE][PASSED] - Keys 'CONTROL + a' sent to object: 'Object Repository/simulator post/input_merhant code'

2022-05-24 14:56:46 - [TEST_STEP][PASSED] - sendKeys(findTestObject("simulator post/input_merhant code"), Keys.chord(DELETE)): Keys 'DELETE + ' sent to object: 'Object Repository/simulator post/input_merhant code'

2022-05-24 14:56:47 - [MESSAGE][PASSED] - Keys 'DELETE + ' sent to object: 'Object Repository/simulator post/input_merhant code'

2022-05-24 14:56:47 - [TEST_STEP][PASSED] - sendKeys(findTestObject("simulator post/input_merhant code"), Keys.chord(CONTROL, "v")): Keys 'CONTROL + v' sent to object: 'Object Repository/simulator post/input_merhant code'

2022-05-24 14:56:48 - [MESSAGE][PASSED] - Keys 'CONTROL + v' sent to object: 'Object Repository/simulator post/input_merhant code'

2022-05-24 14:56:48 - [TEST_STEP][PASSED] - sendKeys(findTestObject("simulator post/input_merhant code"), Keys.chord(SHIFT, ARROW_LEFT, ARROW_LEFT, ARROW_LEFT, ARROW_LEFT, ARROW_LEFT, ARROW_LEFT, ARROW_LEFT, ARROW_LEFT)): Keys 'SHIFT + LEFT + LEFT + LEFT + LEFT + LEFT + LEFT + LEFT + LEFT + ' sent to object: 'Object Repository/simulator post/input_merhant code'

2022-05-24 14:56:48 - [MESSAGE][PASSED] - Keys 'SHIFT + LEFT + LEFT + LEFT + LEFT + LEFT + LEFT + LEFT + LEFT + ' sent to object: 'Object Repository/simulator post/input_merhant code'

2022-05-24 14:56:48 - [TEST_STEP][PASSED] - sendKeys(findTestObject("simulator post/input_merhant code"), Keys.chord(CONTROL, "x")): Keys 'CONTROL + x' sent to object: 'Object Repository/simulator post/input_merhant code'

2022-05-24 14:56:49 - [MESSAGE][PASSED] - Keys 'CONTROL + x' sent to object: 'Object Repository/simulator post/input_merhant code'

2022-05-24 14:56:49 - [TEST_STEP][PASSED] - click(findTestObject("simulator post/input_paymentID")): Object: 'Object Repository/simulator post/input_paymentID' is clicked on

2022-05-24 14:56:50 - [MESSAGE][PASSED] - Object: 'Object Repository/simulator post/input_paymentID' is clicked on

2022-05-24 14:56:50 - [TEST_STEP][PASSED] - sendKeys(findTestObject("simulator post/input_paymentID"), Keys.chord(CONTROL, "a")): Keys 'CONTROL + a' sent to object: 'Object Repository/simulator post/input_paymentID'

2022-05-24 14:56:51 - [MESSAGE][PASSED] - Keys 'CONTROL + a' sent to object: 'Object Repository/simulator post/input_paymentID'

2022-05-24 14:56:51 - [TEST_STEP][PASSED] - sendKeys(findTestObject("simulator post/input_paymentID"), Keys.chord(DELETE)): Keys 'DELETE + ' sent to object: 'Object Repository/simulator post/input_paymentID'

2022-05-24 14:56:51 - [MESSAGE][PASSED] - Keys 'DELETE + ' sent to object: 'Object Repository/simulator post/input_paymentID'

2022-05-24 14:56:51 - [TEST_STEP][PASSED] - sendKeys(findTestObject("simulator post/input_paymentID"), Keys.chord(CONTROL, "v")): Keys 'CONTROL + v' sent to object: 'Object Repository/simulator post/input_paymentID'

2022-05-24 14:56:52 - [MESSAGE][PASSED] - Keys 'CONTROL + v' sent to object: 'Object Repository/simulator post/input_paymentID'

2022-05-24 14:56:52 - [TEST_STEP][PASSED] - sendKeys(findTestObject("simulator post/input_paymentID"), Keys.chord(SHIFT, ARROW_LEFT, ARROW_LEFT, ARROW_LEFT, ARROW_LEFT, ARROW_LEFT, ARROW_LEFT)): Keys 'SHIFT + LEFT + LEFT + LEFT + LEFT + LEFT + LEFT + ' sent to object: 'Object Repository/simulator post/input_paymentID'

2022-05-24 14:56:53 - [MESSAGE][PASSED] - Keys 'SHIFT + LEFT + LEFT + LEFT + LEFT + LEFT + LEFT + ' sent to object: 'Object Repository/simulator post/input_paymentID'

2022-05-24 14:56:53 - [TEST_STEP][PASSED] - sendKeys(findTestObject("simulator post/input_paymentID"), Keys.chord(CONTROL, "x")): Keys 'CONTROL + x' sent to object: 'Object Repository/simulator post/input_paymentID'

2022-05-24 14:56:53 - [MESSAGE][PASSED] - Keys 'CONTROL + x' sent to object: 'Object Repository/simulator post/input_paymentID'

2022-05-24 14:56:53 - [TEST_STEP][PASSED] - click(findTestObject("simulator post/input_amount")): Object: 'Object Repository/simulator post/input_amount' is clicked on

2022-05-24 14:56:54 - [MESSAGE][PASSED] - Object: 'Object Repository/simulator post/input_amount' is clicked on

2022-05-24 14:56:54 - [TEST_STEP][PASSED] - sendKeys(findTestObject("simulator post/input_amount"), Keys.chord(CONTROL, "a")): Keys 'CONTROL + a' sent to object: 'Object Repository/simulator post/input_amount'

2022-05-24 14:56:55 - [MESSAGE][PASSED] - Keys 'CONTROL + a' sent to object: 'Object Repository/simulator post/input_amount'

2022-05-24 14:56:55 - [TEST_STEP][PASSED] - sendKeys(findTestObject("simulator post/input_amount"), Keys.chord(DELETE)): Keys 'DELETE + ' sent to object: 'Object Repository/simulator post/input_amount'

2022-05-24 14:56:55 - [MESSAGE][PASSED] - Keys 'DELETE + ' sent to object: 'Object Repository/simulator post/input_amount'

2022-05-24 14:56:55 - [TEST_STEP][PASSED] - sendKeys(findTestObject("simulator post/input_amount"), Keys.chord(CONTROL, "v")): Keys 'CONTROL + v' sent to object: 'Object Repository/simulator post/input_amount'

2022-05-24 14:56:56 - [MESSAGE][PASSED] - Keys 'CONTROL + v' sent to object: 'Object Repository/simulator post/input_amount'

2022-05-24 14:56:56 - [TEST_STEP][PASSED] - value_amount = getText(findTestObject("simulator post/input_amount")): Text of object 'Object Repository/simulator post/input_amount' is: 'Amount'

2022-05-24 14:56:57 - [MESSAGE][PASSED] - Text of object 'Object Repository/simulator post/input_amount' is: 'Amount'

2022-05-24 14:56:57 - [TEST_STEP][PASSED] - delay(1): Delayed 1 second(s)

2022-05-24 14:56:58 - [MESSAGE][PASSED] - Delayed 1 second(s)

2022-05-24 14:56:58 - [TEST_STEP][PASSED] - println(value_amount): null

2022-05-24 14:56:58 - [TEST_STEP][PASSED] - takeFullPageScreenshot(): Taking screenshot successfully

2022-05-24 14:56:59 - [MESSAGE][INFO] - 0 hidden object(s)

2022-05-24 14:56:59 - [MESSAGE][PASSED] - Taking screenshot successfully
[[ATTACHMENT|C:\\Users\\E2PAY\\git\\simulatorTestHp\\Reports\\20220524_145431\\Permata VA noPay 2\\20220524_145431\\1653379018172.png]]

2022-05-24 14:56:59 - [TEST_STEP][PASSED] - click(findTestObject("simulator post/btn_proses payment")): Object: 'Object Repository/simulator post/btn_proses payment' is clicked on

2022-05-24 14:57:00 - [MESSAGE][PASSED] - Object: 'Object Repository/simulator post/btn_proses payment' is clicked on

2022-05-24 14:57:00 - [TEST_STEP][PASSED] - delay(1): Delayed 1 second(s)

2022-05-24 14:57:01 - [MESSAGE][PASSED] - Delayed 1 second(s)

2022-05-24 14:57:01 - [TEST_STEP][PASSED] - va = getText(findTestObject("page_tagihan BCA/div_700701701000000319")): Text of object 'Object Repository/page_tagihan BCA/div_700701701000000319' is: '8452170000122629'

2022-05-24 14:57:03 - [MESSAGE][PASSED] - Text of object 'Object Repository/page_tagihan BCA/div_700701701000000319' is: '8452170000122629'

2022-05-24 14:57:03 - [TEST_STEP][PASSED] - value_bayar = getText(findTestObject("page_tagihan BCA/span_Rp 300.000,00")): Text of object 'Object Repository/page_tagihan BCA/span_Rp 300.000,00' is: 'Rp 2.002,00'

2022-05-24 14:57:03 - [MESSAGE][PASSED] - Text of object 'Object Repository/page_tagihan BCA/span_Rp 300.000,00' is: 'Rp 2.002,00'

2022-05-24 14:57:03 - [TEST_STEP][PASSED] - delay(1): Delayed 1 second(s)

2022-05-24 14:57:04 - [MESSAGE][PASSED] - Delayed 1 second(s)

2022-05-24 14:57:04 - [TEST_STEP][PASSED] - takeFullPageScreenshot(): Taking screenshot successfully

2022-05-24 14:57:05 - [MESSAGE][INFO] - 0 hidden object(s)

2022-05-24 14:57:05 - [MESSAGE][PASSED] - Taking screenshot successfully
[[ATTACHMENT|C:\\Users\\E2PAY\\git\\simulatorTestHp\\Reports\\20220524_145431\\Permata VA noPay 2\\20220524_145431\\1653379024904.png]]

2022-05-24 14:57:05 - [TEST_STEP][PASSED] - navigateToUrl("www.google.com"): Navigate to 'http://www.google.com' successfully

2022-05-24 14:57:06 - [MESSAGE][PASSED] - Navigate to 'http://www.google.com' successfully

2022-05-24 14:57:06 - [TEST_STEP][PASSED] - delay(1): Delayed 1 second(s)

2022-05-24 14:57:07 - [MESSAGE][PASSED] - Delayed 1 second(s)

2022-05-24 14:57:07 - [TEST_STEP][PASSED] - temp_amount = amount + i: null

2022-05-24 14:57:07 - [TEST_STEP][PASSED] - temp = all + temp_amount + "00": null

2022-05-24 14:57:07 - [TEST_STEP][PASSED] - setText(findTestObject("Page_Google/search"), temp): Text 'EPT0000222200300' is set on object 'Object Repository/Page_Google/search'

2022-05-24 14:57:33 - [MESSAGE][PASSED] - Text 'EPT0000222200300' is set on object 'Object Repository/Page_Google/search'

2022-05-24 14:57:33 - [TEST_STEP][PASSED] - sendKeys(findTestObject("Page_Google/search"), Keys.chord(CONTROL, "a")): Keys 'CONTROL + a' sent to object: 'Object Repository/Page_Google/search'

2022-05-24 14:57:34 - [MESSAGE][PASSED] - Keys 'CONTROL + a' sent to object: 'Object Repository/Page_Google/search'

2022-05-24 14:57:34 - [TEST_STEP][PASSED] - sendKeys(findTestObject("Page_Google/search"), Keys.chord(CONTROL, "c")): Keys 'CONTROL + c' sent to object: 'Object Repository/Page_Google/search'

2022-05-24 14:57:34 - [MESSAGE][PASSED] - Keys 'CONTROL + c' sent to object: 'Object Repository/Page_Google/search'

2022-05-24 14:57:34 - [TEST_STEP][PASSED] - navigateToUrl("https://simulatortest.e2pay.co.id/simulator/"): Navigate to 'https://simulatortest.e2pay.co.id/simulator/' successfully

2022-05-24 14:57:35 - [MESSAGE][PASSED] - Navigate to 'https://simulatortest.e2pay.co.id/simulator/' successfully

2022-05-24 14:57:35 - [TEST_STEP][PASSED] - delay(2): Delayed 2 second(s)

2022-05-24 14:57:37 - [MESSAGE][PASSED] - Delayed 2 second(s)

2022-05-24 14:57:37 - [TEST_STEP][PASSED] - click(findTestObject("simulator post/input_merhant code")): Object: 'Object Repository/simulator post/input_merhant code' is clicked on

2022-05-24 14:57:43 - [MESSAGE][PASSED] - Object: 'Object Repository/simulator post/input_merhant code' is clicked on

2022-05-24 14:57:43 - [TEST_STEP][PASSED] - sendKeys(findTestObject("simulator post/input_merhant code"), Keys.chord(CONTROL, "a")): Keys 'CONTROL + a' sent to object: 'Object Repository/simulator post/input_merhant code'

2022-05-24 14:57:44 - [MESSAGE][PASSED] - Keys 'CONTROL + a' sent to object: 'Object Repository/simulator post/input_merhant code'

2022-05-24 14:57:44 - [TEST_STEP][PASSED] - sendKeys(findTestObject("simulator post/input_merhant code"), Keys.chord(DELETE)): Keys 'DELETE + ' sent to object: 'Object Repository/simulator post/input_merhant code'

2022-05-24 14:57:45 - [MESSAGE][PASSED] - Keys 'DELETE + ' sent to object: 'Object Repository/simulator post/input_merhant code'

2022-05-24 14:57:45 - [TEST_STEP][PASSED] - sendKeys(findTestObject("simulator post/input_merhant code"), Keys.chord(CONTROL, "v")): Keys 'CONTROL + v' sent to object: 'Object Repository/simulator post/input_merhant code'

2022-05-24 14:57:46 - [MESSAGE][PASSED] - Keys 'CONTROL + v' sent to object: 'Object Repository/simulator post/input_merhant code'

2022-05-24 14:57:46 - [TEST_STEP][PASSED] - sendKeys(findTestObject("simulator post/input_merhant code"), Keys.chord(SHIFT, ARROW_LEFT, ARROW_LEFT, ARROW_LEFT, ARROW_LEFT, ARROW_LEFT, ARROW_LEFT, ARROW_LEFT, ARROW_LEFT)): Keys 'SHIFT + LEFT + LEFT + LEFT + LEFT + LEFT + LEFT + LEFT + LEFT + ' sent to object: 'Object Repository/simulator post/input_merhant code'

2022-05-24 14:57:47 - [MESSAGE][PASSED] - Keys 'SHIFT + LEFT + LEFT + LEFT + LEFT + LEFT + LEFT + LEFT + LEFT + ' sent to object: 'Object Repository/simulator post/input_merhant code'

2022-05-24 14:57:47 - [TEST_STEP][PASSED] - sendKeys(findTestObject("simulator post/input_merhant code"), Keys.chord(CONTROL, "x")): Keys 'CONTROL + x' sent to object: 'Object Repository/simulator post/input_merhant code'

2022-05-24 14:57:48 - [MESSAGE][PASSED] - Keys 'CONTROL + x' sent to object: 'Object Repository/simulator post/input_merhant code'

2022-05-24 14:57:48 - [TEST_STEP][PASSED] - click(findTestObject("simulator post/input_paymentID")): Object: 'Object Repository/simulator post/input_paymentID' is clicked on

2022-05-24 14:57:48 - [MESSAGE][PASSED] - Object: 'Object Repository/simulator post/input_paymentID' is clicked on

2022-05-24 14:57:48 - [TEST_STEP][PASSED] - sendKeys(findTestObject("simulator post/input_paymentID"), Keys.chord(CONTROL, "a")): Keys 'CONTROL + a' sent to object: 'Object Repository/simulator post/input_paymentID'

2022-05-24 14:57:49 - [MESSAGE][PASSED] - Keys 'CONTROL + a' sent to object: 'Object Repository/simulator post/input_paymentID'

2022-05-24 14:57:49 - [TEST_STEP][PASSED] - sendKeys(findTestObject("simulator post/input_paymentID"), Keys.chord(DELETE)): Keys 'DELETE + ' sent to object: 'Object Repository/simulator post/input_paymentID'

2022-05-24 14:57:50 - [MESSAGE][PASSED] - Keys 'DELETE + ' sent to object: 'Object Repository/simulator post/input_paymentID'

2022-05-24 14:57:50 - [TEST_STEP][PASSED] - sendKeys(findTestObject("simulator post/input_paymentID"), Keys.chord(CONTROL, "v")): Keys 'CONTROL + v' sent to object: 'Object Repository/simulator post/input_paymentID'

2022-05-24 14:57:51 - [MESSAGE][PASSED] - Keys 'CONTROL + v' sent to object: 'Object Repository/simulator post/input_paymentID'

2022-05-24 14:57:51 - [TEST_STEP][PASSED] - sendKeys(findTestObject("simulator post/input_paymentID"), Keys.chord(SHIFT, ARROW_LEFT, ARROW_LEFT, ARROW_LEFT, ARROW_LEFT, ARROW_LEFT, ARROW_LEFT)): Keys 'SHIFT + LEFT + LEFT + LEFT + LEFT + LEFT + LEFT + ' sent to object: 'Object Repository/simulator post/input_paymentID'

2022-05-24 14:57:52 - [MESSAGE][PASSED] - Keys 'SHIFT + LEFT + LEFT + LEFT + LEFT + LEFT + LEFT + ' sent to object: 'Object Repository/simulator post/input_paymentID'

2022-05-24 14:57:52 - [TEST_STEP][PASSED] - sendKeys(findTestObject("simulator post/input_paymentID"), Keys.chord(CONTROL, "x")): Keys 'CONTROL + x' sent to object: 'Object Repository/simulator post/input_paymentID'

2022-05-24 14:57:53 - [MESSAGE][PASSED] - Keys 'CONTROL + x' sent to object: 'Object Repository/simulator post/input_paymentID'

2022-05-24 14:57:53 - [TEST_STEP][PASSED] - click(findTestObject("simulator post/input_amount")): Object: 'Object Repository/simulator post/input_amount' is clicked on

2022-05-24 14:57:54 - [MESSAGE][PASSED] - Object: 'Object Repository/simulator post/input_amount' is clicked on

2022-05-24 14:57:54 - [TEST_STEP][PASSED] - sendKeys(findTestObject("simulator post/input_amount"), Keys.chord(CONTROL, "a")): Keys 'CONTROL + a' sent to object: 'Object Repository/simulator post/input_amount'

2022-05-24 14:57:54 - [MESSAGE][PASSED] - Keys 'CONTROL + a' sent to object: 'Object Repository/simulator post/input_amount'

2022-05-24 14:57:54 - [TEST_STEP][PASSED] - sendKeys(findTestObject("simulator post/input_amount"), Keys.chord(DELETE)): Keys 'DELETE + ' sent to object: 'Object Repository/simulator post/input_amount'

2022-05-24 14:57:55 - [MESSAGE][PASSED] - Keys 'DELETE + ' sent to object: 'Object Repository/simulator post/input_amount'

2022-05-24 14:57:55 - [TEST_STEP][PASSED] - sendKeys(findTestObject("simulator post/input_amount"), Keys.chord(CONTROL, "v")): Keys 'CONTROL + v' sent to object: 'Object Repository/simulator post/input_amount'

2022-05-24 14:57:56 - [MESSAGE][PASSED] - Keys 'CONTROL + v' sent to object: 'Object Repository/simulator post/input_amount'

2022-05-24 14:57:56 - [TEST_STEP][PASSED] - value_amount = getText(findTestObject("simulator post/input_amount")): Text of object 'Object Repository/simulator post/input_amount' is: 'Amount'

2022-05-24 14:57:56 - [MESSAGE][PASSED] - Text of object 'Object Repository/simulator post/input_amount' is: 'Amount'

2022-05-24 14:57:56 - [TEST_STEP][PASSED] - delay(1): Delayed 1 second(s)

2022-05-24 14:57:57 - [MESSAGE][PASSED] - Delayed 1 second(s)

2022-05-24 14:57:57 - [TEST_STEP][PASSED] - println(value_amount): null

2022-05-24 14:57:57 - [TEST_STEP][PASSED] - takeFullPageScreenshot(): Taking screenshot successfully

2022-05-24 14:57:58 - [MESSAGE][INFO] - 0 hidden object(s)

2022-05-24 14:57:58 - [MESSAGE][PASSED] - Taking screenshot successfully
[[ATTACHMENT|C:\\Users\\E2PAY\\git\\simulatorTestHp\\Reports\\20220524_145431\\Permata VA noPay 2\\20220524_145431\\1653379077783.png]]

2022-05-24 14:57:58 - [TEST_STEP][PASSED] - click(findTestObject("simulator post/btn_proses payment")): Object: 'Object Repository/simulator post/btn_proses payment' is clicked on

2022-05-24 14:57:59 - [MESSAGE][PASSED] - Object: 'Object Repository/simulator post/btn_proses payment' is clicked on

2022-05-24 14:57:59 - [TEST_STEP][PASSED] - delay(1): Delayed 1 second(s)

2022-05-24 14:58:00 - [MESSAGE][PASSED] - Delayed 1 second(s)

2022-05-24 14:58:00 - [TEST_STEP][PASSED] - va = getText(findTestObject("page_tagihan BCA/div_700701701000000319")): Text of object 'Object Repository/page_tagihan BCA/div_700701701000000319' is: '8452170000122630'

2022-05-24 14:58:01 - [MESSAGE][PASSED] - Text of object 'Object Repository/page_tagihan BCA/div_700701701000000319' is: '8452170000122630'

2022-05-24 14:58:01 - [TEST_STEP][PASSED] - value_bayar = getText(findTestObject("page_tagihan BCA/span_Rp 300.000,00")): Text of object 'Object Repository/page_tagihan BCA/span_Rp 300.000,00' is: 'Rp 2.003,00'

2022-05-24 14:58:02 - [MESSAGE][PASSED] - Text of object 'Object Repository/page_tagihan BCA/span_Rp 300.000,00' is: 'Rp 2.003,00'

2022-05-24 14:58:02 - [TEST_STEP][PASSED] - delay(1): Delayed 1 second(s)

2022-05-24 14:58:03 - [MESSAGE][PASSED] - Delayed 1 second(s)

2022-05-24 14:58:03 - [TEST_STEP][PASSED] - takeFullPageScreenshot(): Taking screenshot successfully

2022-05-24 14:58:04 - [MESSAGE][INFO] - 0 hidden object(s)

2022-05-24 14:58:04 - [MESSAGE][PASSED] - Taking screenshot successfully
[[ATTACHMENT|C:\\Users\\E2PAY\\git\\simulatorTestHp\\Reports\\20220524_145431\\Permata VA noPay 2\\20220524_145431\\1653379083639.png]]

2022-05-24 14:58:04 - [TEST_STEP][PASSED] - navigateToUrl("www.google.com"): Navigate to 'http://www.google.com' successfully

2022-05-24 14:58:06 - [MESSAGE][PASSED] - Navigate to 'http://www.google.com' successfully

2022-05-24 14:58:06 - [TEST_STEP][PASSED] - delay(1): Delayed 1 second(s)

2022-05-24 14:58:07 - [MESSAGE][PASSED] - Delayed 1 second(s)

2022-05-24 14:58:07 - [TEST_STEP][PASSED] - temp_amount = amount + i: null

2022-05-24 14:58:07 - [TEST_STEP][PASSED] - temp = all + temp_amount + "00": null

2022-05-24 14:58:07 - [TEST_STEP][PASSED] - setText(findTestObject("Page_Google/search"), temp): Text 'EPT0000222200400' is set on object 'Object Repository/Page_Google/search'

2022-05-24 14:58:08 - [MESSAGE][PASSED] - Text 'EPT0000222200400' is set on object 'Object Repository/Page_Google/search'

2022-05-24 14:58:08 - [TEST_STEP][PASSED] - sendKeys(findTestObject("Page_Google/search"), Keys.chord(CONTROL, "a")): Keys 'CONTROL + a' sent to object: 'Object Repository/Page_Google/search'

2022-05-24 14:58:09 - [MESSAGE][PASSED] - Keys 'CONTROL + a' sent to object: 'Object Repository/Page_Google/search'

2022-05-24 14:58:09 - [TEST_STEP][PASSED] - sendKeys(findTestObject("Page_Google/search"), Keys.chord(CONTROL, "c")): Keys 'CONTROL + c' sent to object: 'Object Repository/Page_Google/search'

2022-05-24 14:58:09 - [MESSAGE][PASSED] - Keys 'CONTROL + c' sent to object: 'Object Repository/Page_Google/search'

2022-05-24 14:58:09 - [TEST_STEP][PASSED] - navigateToUrl("https://simulatortest.e2pay.co.id/simulator/"): Navigate to 'https://simulatortest.e2pay.co.id/simulator/' successfully

2022-05-24 14:58:10 - [MESSAGE][PASSED] - Navigate to 'https://simulatortest.e2pay.co.id/simulator/' successfully

2022-05-24 14:58:10 - [TEST_STEP][PASSED] - delay(2): Delayed 2 second(s)

2022-05-24 14:58:12 - [MESSAGE][PASSED] - Delayed 2 second(s)

2022-05-24 14:58:12 - [TEST_STEP][PASSED] - click(findTestObject("simulator post/input_merhant code")): Object: 'Object Repository/simulator post/input_merhant code' is clicked on

2022-05-24 14:58:13 - [MESSAGE][PASSED] - Object: 'Object Repository/simulator post/input_merhant code' is clicked on

2022-05-24 14:58:13 - [TEST_STEP][PASSED] - sendKeys(findTestObject("simulator post/input_merhant code"), Keys.chord(CONTROL, "a")): Keys 'CONTROL + a' sent to object: 'Object Repository/simulator post/input_merhant code'

2022-05-24 14:58:14 - [MESSAGE][PASSED] - Keys 'CONTROL + a' sent to object: 'Object Repository/simulator post/input_merhant code'

2022-05-24 14:58:14 - [TEST_STEP][PASSED] - sendKeys(findTestObject("simulator post/input_merhant code"), Keys.chord(DELETE)): Keys 'DELETE + ' sent to object: 'Object Repository/simulator post/input_merhant code'

2022-05-24 14:58:15 - [MESSAGE][PASSED] - Keys 'DELETE + ' sent to object: 'Object Repository/simulator post/input_merhant code'

2022-05-24 14:58:15 - [TEST_STEP][PASSED] - sendKeys(findTestObject("simulator post/input_merhant code"), Keys.chord(CONTROL, "v")): Keys 'CONTROL + v' sent to object: 'Object Repository/simulator post/input_merhant code'

2022-05-24 14:58:15 - [MESSAGE][PASSED] - Keys 'CONTROL + v' sent to object: 'Object Repository/simulator post/input_merhant code'

2022-05-24 14:58:15 - [TEST_STEP][PASSED] - sendKeys(findTestObject("simulator post/input_merhant code"), Keys.chord(SHIFT, ARROW_LEFT, ARROW_LEFT, ARROW_LEFT, ARROW_LEFT, ARROW_LEFT, ARROW_LEFT, ARROW_LEFT, ARROW_LEFT)): Keys 'SHIFT + LEFT + LEFT + LEFT + LEFT + LEFT + LEFT + LEFT + LEFT + ' sent to object: 'Object Repository/simulator post/input_merhant code'

2022-05-24 14:58:16 - [MESSAGE][PASSED] - Keys 'SHIFT + LEFT + LEFT + LEFT + LEFT + LEFT + LEFT + LEFT + LEFT + ' sent to object: 'Object Repository/simulator post/input_merhant code'

2022-05-24 14:58:16 - [TEST_STEP][PASSED] - sendKeys(findTestObject("simulator post/input_merhant code"), Keys.chord(CONTROL, "x")): Keys 'CONTROL + x' sent to object: 'Object Repository/simulator post/input_merhant code'

2022-05-24 14:58:16 - [MESSAGE][PASSED] - Keys 'CONTROL + x' sent to object: 'Object Repository/simulator post/input_merhant code'

2022-05-24 14:58:16 - [TEST_STEP][PASSED] - click(findTestObject("simulator post/input_paymentID")): Object: 'Object Repository/simulator post/input_paymentID' is clicked on

2022-05-24 14:58:17 - [MESSAGE][PASSED] - Object: 'Object Repository/simulator post/input_paymentID' is clicked on

2022-05-24 14:58:17 - [TEST_STEP][PASSED] - sendKeys(findTestObject("simulator post/input_paymentID"), Keys.chord(CONTROL, "a")): Keys 'CONTROL + a' sent to object: 'Object Repository/simulator post/input_paymentID'

2022-05-24 14:58:18 - [MESSAGE][PASSED] - Keys 'CONTROL + a' sent to object: 'Object Repository/simulator post/input_paymentID'

2022-05-24 14:58:18 - [TEST_STEP][PASSED] - sendKeys(findTestObject("simulator post/input_paymentID"), Keys.chord(DELETE)): Keys 'DELETE + ' sent to object: 'Object Repository/simulator post/input_paymentID'

2022-05-24 14:58:19 - [MESSAGE][PASSED] - Keys 'DELETE + ' sent to object: 'Object Repository/simulator post/input_paymentID'

2022-05-24 14:58:19 - [TEST_STEP][PASSED] - sendKeys(findTestObject("simulator post/input_paymentID"), Keys.chord(CONTROL, "v")): Keys 'CONTROL + v' sent to object: 'Object Repository/simulator post/input_paymentID'

2022-05-24 14:58:20 - [MESSAGE][PASSED] - Keys 'CONTROL + v' sent to object: 'Object Repository/simulator post/input_paymentID'

2022-05-24 14:58:20 - [TEST_STEP][PASSED] - sendKeys(findTestObject("simulator post/input_paymentID"), Keys.chord(SHIFT, ARROW_LEFT, ARROW_LEFT, ARROW_LEFT, ARROW_LEFT, ARROW_LEFT, ARROW_LEFT)): Keys 'SHIFT + LEFT + LEFT + LEFT + LEFT + LEFT + LEFT + ' sent to object: 'Object Repository/simulator post/input_paymentID'

2022-05-24 14:58:20 - [MESSAGE][PASSED] - Keys 'SHIFT + LEFT + LEFT + LEFT + LEFT + LEFT + LEFT + ' sent to object: 'Object Repository/simulator post/input_paymentID'

2022-05-24 14:58:20 - [TEST_STEP][PASSED] - sendKeys(findTestObject("simulator post/input_paymentID"), Keys.chord(CONTROL, "x")): Keys 'CONTROL + x' sent to object: 'Object Repository/simulator post/input_paymentID'

2022-05-24 14:58:21 - [MESSAGE][PASSED] - Keys 'CONTROL + x' sent to object: 'Object Repository/simulator post/input_paymentID'

2022-05-24 14:58:21 - [TEST_STEP][PASSED] - click(findTestObject("simulator post/input_amount")): Object: 'Object Repository/simulator post/input_amount' is clicked on

2022-05-24 14:58:22 - [MESSAGE][PASSED] - Object: 'Object Repository/simulator post/input_amount' is clicked on

2022-05-24 14:58:22 - [TEST_STEP][PASSED] - sendKeys(findTestObject("simulator post/input_amount"), Keys.chord(CONTROL, "a")): Keys 'CONTROL + a' sent to object: 'Object Repository/simulator post/input_amount'

2022-05-24 14:58:22 - [MESSAGE][PASSED] - Keys 'CONTROL + a' sent to object: 'Object Repository/simulator post/input_amount'

2022-05-24 14:58:22 - [TEST_STEP][PASSED] - sendKeys(findTestObject("simulator post/input_amount"), Keys.chord(DELETE)): Keys 'DELETE + ' sent to object: 'Object Repository/simulator post/input_amount'

2022-05-24 14:58:23 - [MESSAGE][PASSED] - Keys 'DELETE + ' sent to object: 'Object Repository/simulator post/input_amount'

2022-05-24 14:58:23 - [TEST_STEP][PASSED] - sendKeys(findTestObject("simulator post/input_amount"), Keys.chord(CONTROL, "v")): Keys 'CONTROL + v' sent to object: 'Object Repository/simulator post/input_amount'

2022-05-24 14:58:24 - [MESSAGE][PASSED] - Keys 'CONTROL + v' sent to object: 'Object Repository/simulator post/input_amount'

2022-05-24 14:58:24 - [TEST_STEP][PASSED] - value_amount = getText(findTestObject("simulator post/input_amount")): Text of object 'Object Repository/simulator post/input_amount' is: 'Amount'

2022-05-24 14:58:24 - [MESSAGE][PASSED] - Text of object 'Object Repository/simulator post/input_amount' is: 'Amount'

2022-05-24 14:58:24 - [TEST_STEP][PASSED] - delay(1): Delayed 1 second(s)

2022-05-24 14:58:25 - [MESSAGE][PASSED] - Delayed 1 second(s)

2022-05-24 14:58:25 - [TEST_STEP][PASSED] - println(value_amount): null

2022-05-24 14:58:25 - [TEST_STEP][PASSED] - takeFullPageScreenshot(): Taking screenshot successfully

2022-05-24 14:58:26 - [MESSAGE][INFO] - 0 hidden object(s)

2022-05-24 14:58:26 - [MESSAGE][PASSED] - Taking screenshot successfully
[[ATTACHMENT|C:\\Users\\E2PAY\\git\\simulatorTestHp\\Reports\\20220524_145431\\Permata VA noPay 2\\20220524_145431\\1653379105630.png]]

2022-05-24 14:58:26 - [TEST_STEP][PASSED] - click(findTestObject("simulator post/btn_proses payment")): Object: 'Object Repository/simulator post/btn_proses payment' is clicked on

2022-05-24 14:58:27 - [MESSAGE][PASSED] - Object: 'Object Repository/simulator post/btn_proses payment' is clicked on

2022-05-24 14:58:27 - [TEST_STEP][PASSED] - delay(1): Delayed 1 second(s)

2022-05-24 14:58:28 - [MESSAGE][PASSED] - Delayed 1 second(s)

2022-05-24 14:58:28 - [TEST_STEP][PASSED] - va = getText(findTestObject("page_tagihan BCA/div_700701701000000319")): Text of object 'Object Repository/page_tagihan BCA/div_700701701000000319' is: '8452170000122631'

2022-05-24 14:58:30 - [MESSAGE][PASSED] - Text of object 'Object Repository/page_tagihan BCA/div_700701701000000319' is: '8452170000122631'

2022-05-24 14:58:30 - [TEST_STEP][PASSED] - value_bayar = getText(findTestObject("page_tagihan BCA/span_Rp 300.000,00")): Text of object 'Object Repository/page_tagihan BCA/span_Rp 300.000,00' is: 'Rp 2.004,00'

2022-05-24 14:58:30 - [MESSAGE][PASSED] - Text of object 'Object Repository/page_tagihan BCA/span_Rp 300.000,00' is: 'Rp 2.004,00'

2022-05-24 14:58:31 - [TEST_STEP][PASSED] - delay(1): Delayed 1 second(s)

2022-05-24 14:58:32 - [MESSAGE][PASSED] - Delayed 1 second(s)

2022-05-24 14:58:32 - [TEST_STEP][PASSED] - takeFullPageScreenshot(): Taking screenshot successfully

2022-05-24 14:58:32 - [MESSAGE][INFO] - 0 hidden object(s)

2022-05-24 14:58:32 - [MESSAGE][PASSED] - Taking screenshot successfully
[[ATTACHMENT|C:\\Users\\E2PAY\\git\\simulatorTestHp\\Reports\\20220524_145431\\Permata VA noPay 2\\20220524_145431\\1653379112038.png]]

2022-05-24 14:58:32 - [TEST_STEP][PASSED] - navigateToUrl("www.google.com"): Navigate to 'http://www.google.com' successfully

2022-05-24 14:58:33 - [MESSAGE][PASSED] - Navigate to 'http://www.google.com' successfully

2022-05-24 14:58:33 - [TEST_STEP][PASSED] - delay(1): Delayed 1 second(s)

2022-05-24 14:58:34 - [MESSAGE][PASSED] - Delayed 1 second(s)

2022-05-24 14:58:34 - [TEST_STEP][PASSED] - temp_amount = amount + i: null

2022-05-24 14:58:34 - [TEST_STEP][PASSED] - temp = all + temp_amount + "00": null

2022-05-24 14:58:34 - [TEST_STEP][PASSED] - setText(findTestObject("Page_Google/search"), temp): Text 'EPT0000222200500' is set on object 'Object Repository/Page_Google/search'

2022-05-24 14:58:36 - [MESSAGE][PASSED] - Text 'EPT0000222200500' is set on object 'Object Repository/Page_Google/search'

2022-05-24 14:58:36 - [TEST_STEP][PASSED] - sendKeys(findTestObject("Page_Google/search"), Keys.chord(CONTROL, "a")): Keys 'CONTROL + a' sent to object: 'Object Repository/Page_Google/search'

2022-05-24 14:58:36 - [MESSAGE][PASSED] - Keys 'CONTROL + a' sent to object: 'Object Repository/Page_Google/search'

2022-05-24 14:58:36 - [TEST_STEP][PASSED] - sendKeys(findTestObject("Page_Google/search"), Keys.chord(CONTROL, "c")): Keys 'CONTROL + c' sent to object: 'Object Repository/Page_Google/search'

2022-05-24 14:58:37 - [MESSAGE][PASSED] - Keys 'CONTROL + c' sent to object: 'Object Repository/Page_Google/search'

2022-05-24 14:58:37 - [TEST_STEP][PASSED] - navigateToUrl("https://simulatortest.e2pay.co.id/simulator/"): Navigate to 'https://simulatortest.e2pay.co.id/simulator/' successfully

2022-05-24 14:58:38 - [MESSAGE][PASSED] - Navigate to 'https://simulatortest.e2pay.co.id/simulator/' successfully

2022-05-24 14:58:38 - [TEST_STEP][PASSED] - delay(2): Delayed 2 second(s)

2022-05-24 14:58:40 - [MESSAGE][PASSED] - Delayed 2 second(s)

2022-05-24 14:58:40 - [TEST_STEP][PASSED] - click(findTestObject("simulator post/input_merhant code")): Object: 'Object Repository/simulator post/input_merhant code' is clicked on

2022-05-24 14:58:41 - [MESSAGE][PASSED] - Object: 'Object Repository/simulator post/input_merhant code' is clicked on

2022-05-24 14:58:41 - [TEST_STEP][PASSED] - sendKeys(findTestObject("simulator post/input_merhant code"), Keys.chord(CONTROL, "a")): Keys 'CONTROL + a' sent to object: 'Object Repository/simulator post/input_merhant code'

2022-05-24 14:58:42 - [MESSAGE][PASSED] - Keys 'CONTROL + a' sent to object: 'Object Repository/simulator post/input_merhant code'

2022-05-24 14:58:42 - [TEST_STEP][PASSED] - sendKeys(findTestObject("simulator post/input_merhant code"), Keys.chord(DELETE)): Keys 'DELETE + ' sent to object: 'Object Repository/simulator post/input_merhant code'

2022-05-24 14:58:43 - [MESSAGE][PASSED] - Keys 'DELETE + ' sent to object: 'Object Repository/simulator post/input_merhant code'

2022-05-24 14:58:43 - [TEST_STEP][PASSED] - sendKeys(findTestObject("simulator post/input_merhant code"), Keys.chord(CONTROL, "v")): Keys 'CONTROL + v' sent to object: 'Object Repository/simulator post/input_merhant code'

2022-05-24 14:58:44 - [MESSAGE][PASSED] - Keys 'CONTROL + v' sent to object: 'Object Repository/simulator post/input_merhant code'

2022-05-24 14:58:44 - [TEST_STEP][PASSED] - sendKeys(findTestObject("simulator post/input_merhant code"), Keys.chord(SHIFT, ARROW_LEFT, ARROW_LEFT, ARROW_LEFT, ARROW_LEFT, ARROW_LEFT, ARROW_LEFT, ARROW_LEFT, ARROW_LEFT)): Keys 'SHIFT + LEFT + LEFT + LEFT + LEFT + LEFT + LEFT + LEFT + LEFT + ' sent to object: 'Object Repository/simulator post/input_merhant code'

2022-05-24 14:58:44 - [MESSAGE][PASSED] - Keys 'SHIFT + LEFT + LEFT + LEFT + LEFT + LEFT + LEFT + LEFT + LEFT + ' sent to object: 'Object Repository/simulator post/input_merhant code'

2022-05-24 14:58:44 - [TEST_STEP][PASSED] - sendKeys(findTestObject("simulator post/input_merhant code"), Keys.chord(CONTROL, "x")): Keys 'CONTROL + x' sent to object: 'Object Repository/simulator post/input_merhant code'

2022-05-24 14:58:45 - [MESSAGE][PASSED] - Keys 'CONTROL + x' sent to object: 'Object Repository/simulator post/input_merhant code'

2022-05-24 14:58:45 - [TEST_STEP][PASSED] - click(findTestObject("simulator post/input_paymentID")): Object: 'Object Repository/simulator post/input_paymentID' is clicked on

2022-05-24 14:58:46 - [MESSAGE][PASSED] - Object: 'Object Repository/simulator post/input_paymentID' is clicked on

2022-05-24 14:58:46 - [TEST_STEP][PASSED] - sendKeys(findTestObject("simulator post/input_paymentID"), Keys.chord(CONTROL, "a")): Keys 'CONTROL + a' sent to object: 'Object Repository/simulator post/input_paymentID'

2022-05-24 14:58:47 - [MESSAGE][PASSED] - Keys 'CONTROL + a' sent to object: 'Object Repository/simulator post/input_paymentID'

2022-05-24 14:58:47 - [TEST_STEP][PASSED] - sendKeys(findTestObject("simulator post/input_paymentID"), Keys.chord(DELETE)): Keys 'DELETE + ' sent to object: 'Object Repository/simulator post/input_paymentID'

2022-05-24 14:58:48 - [MESSAGE][PASSED] - Keys 'DELETE + ' sent to object: 'Object Repository/simulator post/input_paymentID'

2022-05-24 14:58:48 - [TEST_STEP][PASSED] - sendKeys(findTestObject("simulator post/input_paymentID"), Keys.chord(CONTROL, "v")): Keys 'CONTROL + v' sent to object: 'Object Repository/simulator post/input_paymentID'

2022-05-24 14:58:49 - [MESSAGE][PASSED] - Keys 'CONTROL + v' sent to object: 'Object Repository/simulator post/input_paymentID'

2022-05-24 14:58:49 - [TEST_STEP][PASSED] - sendKeys(findTestObject("simulator post/input_paymentID"), Keys.chord(SHIFT, ARROW_LEFT, ARROW_LEFT, ARROW_LEFT, ARROW_LEFT, ARROW_LEFT, ARROW_LEFT)): Keys 'SHIFT + LEFT + LEFT + LEFT + LEFT + LEFT + LEFT + ' sent to object: 'Object Repository/simulator post/input_paymentID'

2022-05-24 14:58:50 - [MESSAGE][PASSED] - Keys 'SHIFT + LEFT + LEFT + LEFT + LEFT + LEFT + LEFT + ' sent to object: 'Object Repository/simulator post/input_paymentID'

2022-05-24 14:58:50 - [TEST_STEP][PASSED] - sendKeys(findTestObject("simulator post/input_paymentID"), Keys.chord(CONTROL, "x")): Keys 'CONTROL + x' sent to object: 'Object Repository/simulator post/input_paymentID'

2022-05-24 14:58:50 - [MESSAGE][PASSED] - Keys 'CONTROL + x' sent to object: 'Object Repository/simulator post/input_paymentID'

2022-05-24 14:58:50 - [TEST_STEP][PASSED] - click(findTestObject("simulator post/input_amount")): Object: 'Object Repository/simulator post/input_amount' is clicked on

2022-05-24 14:58:51 - [MESSAGE][PASSED] - Object: 'Object Repository/simulator post/input_amount' is clicked on

2022-05-24 14:58:51 - [TEST_STEP][PASSED] - sendKeys(findTestObject("simulator post/input_amount"), Keys.chord(CONTROL, "a")): Keys 'CONTROL + a' sent to object: 'Object Repository/simulator post/input_amount'

2022-05-24 14:58:52 - [MESSAGE][PASSED] - Keys 'CONTROL + a' sent to object: 'Object Repository/simulator post/input_amount'

2022-05-24 14:58:52 - [TEST_STEP][PASSED] - sendKeys(findTestObject("simulator post/input_amount"), Keys.chord(DELETE)): Keys 'DELETE + ' sent to object: 'Object Repository/simulator post/input_amount'

2022-05-24 14:58:52 - [MESSAGE][PASSED] - Keys 'DELETE + ' sent to object: 'Object Repository/simulator post/input_amount'

2022-05-24 14:58:52 - [TEST_STEP][PASSED] - sendKeys(findTestObject("simulator post/input_amount"), Keys.chord(CONTROL, "v")): Keys 'CONTROL + v' sent to object: 'Object Repository/simulator post/input_amount'

2022-05-24 14:58:53 - [MESSAGE][PASSED] - Keys 'CONTROL + v' sent to object: 'Object Repository/simulator post/input_amount'

2022-05-24 14:58:53 - [TEST_STEP][PASSED] - value_amount = getText(findTestObject("simulator post/input_amount")): Text of object 'Object Repository/simulator post/input_amount' is: 'Amount'

2022-05-24 14:58:54 - [MESSAGE][PASSED] - Text of object 'Object Repository/simulator post/input_amount' is: 'Amount'

2022-05-24 14:58:54 - [TEST_STEP][PASSED] - delay(1): Delayed 1 second(s)

2022-05-24 14:58:55 - [MESSAGE][PASSED] - Delayed 1 second(s)

2022-05-24 14:58:55 - [TEST_STEP][PASSED] - println(value_amount): null

2022-05-24 14:58:55 - [TEST_STEP][PASSED] - takeFullPageScreenshot(): Taking screenshot successfully

2022-05-24 14:58:55 - [MESSAGE][INFO] - 0 hidden object(s)

2022-05-24 14:58:56 - [MESSAGE][PASSED] - Taking screenshot successfully
[[ATTACHMENT|C:\\Users\\E2PAY\\git\\simulatorTestHp\\Reports\\20220524_145431\\Permata VA noPay 2\\20220524_145431\\1653379135146.png]]

2022-05-24 14:58:56 - [TEST_STEP][PASSED] - click(findTestObject("simulator post/btn_proses payment")): Object: 'Object Repository/simulator post/btn_proses payment' is clicked on

2022-05-24 14:58:56 - [MESSAGE][PASSED] - Object: 'Object Repository/simulator post/btn_proses payment' is clicked on

2022-05-24 14:58:56 - [TEST_STEP][PASSED] - delay(1): Delayed 1 second(s)

2022-05-24 14:58:57 - [MESSAGE][PASSED] - Delayed 1 second(s)

2022-05-24 14:58:57 - [TEST_STEP][PASSED] - va = getText(findTestObject("page_tagihan BCA/div_700701701000000319")): Text of object 'Object Repository/page_tagihan BCA/div_700701701000000319' is: '8452170000122632'

2022-05-24 14:58:59 - [MESSAGE][PASSED] - Text of object 'Object Repository/page_tagihan BCA/div_700701701000000319' is: '8452170000122632'

2022-05-24 14:58:59 - [TEST_STEP][PASSED] - value_bayar = getText(findTestObject("page_tagihan BCA/span_Rp 300.000,00")): Text of object 'Object Repository/page_tagihan BCA/span_Rp 300.000,00' is: 'Rp 2.005,00'

2022-05-24 14:58:59 - [MESSAGE][PASSED] - Text of object 'Object Repository/page_tagihan BCA/span_Rp 300.000,00' is: 'Rp 2.005,00'

2022-05-24 14:58:59 - [TEST_STEP][PASSED] - delay(1): Delayed 1 second(s)

2022-05-24 14:59:00 - [MESSAGE][PASSED] - Delayed 1 second(s)

2022-05-24 14:59:00 - [TEST_STEP][PASSED] - takeFullPageScreenshot(): Taking screenshot successfully

2022-05-24 14:59:01 - [MESSAGE][INFO] - 0 hidden object(s)

2022-05-24 14:59:01 - [MESSAGE][PASSED] - Taking screenshot successfully
[[ATTACHMENT|C:\\Users\\E2PAY\\git\\simulatorTestHp\\Reports\\20220524_145431\\Permata VA noPay 2\\20220524_145431\\1653379140964.png]]

2022-05-24 14:59:01 - [TEST_STEP][PASSED] - navigateToUrl("www.google.com"): Navigate to 'http://www.google.com' successfully

2022-05-24 14:59:02 - [MESSAGE][PASSED] - Navigate to 'http://www.google.com' successfully

2022-05-24 14:59:02 - [TEST_STEP][PASSED] - delay(1): Delayed 1 second(s)

2022-05-24 14:59:03 - [MESSAGE][PASSED] - Delayed 1 second(s)

2022-05-24 14:59:03 - [TEST_STEP][PASSED] - temp_amount = amount + i: null

2022-05-24 14:59:03 - [TEST_STEP][PASSED] - temp = all + temp_amount + "00": null

2022-05-24 14:59:03 - [TEST_STEP][PASSED] - setText(findTestObject("Page_Google/search"), temp): Text 'EPT0000222200600' is set on object 'Object Repository/Page_Google/search'

2022-05-24 14:59:05 - [MESSAGE][PASSED] - Text 'EPT0000222200600' is set on object 'Object Repository/Page_Google/search'

2022-05-24 14:59:05 - [TEST_STEP][PASSED] - sendKeys(findTestObject("Page_Google/search"), Keys.chord(CONTROL, "a")): Keys 'CONTROL + a' sent to object: 'Object Repository/Page_Google/search'

2022-05-24 14:59:05 - [MESSAGE][PASSED] - Keys 'CONTROL + a' sent to object: 'Object Repository/Page_Google/search'

2022-05-24 14:59:05 - [TEST_STEP][PASSED] - sendKeys(findTestObject("Page_Google/search"), Keys.chord(CONTROL, "c")): Keys 'CONTROL + c' sent to object: 'Object Repository/Page_Google/search'

2022-05-24 14:59:06 - [MESSAGE][PASSED] - Keys 'CONTROL + c' sent to object: 'Object Repository/Page_Google/search'

2022-05-24 14:59:06 - [TEST_STEP][PASSED] - navigateToUrl("https://simulatortest.e2pay.co.id/simulator/"): Navigate to 'https://simulatortest.e2pay.co.id/simulator/' successfully

2022-05-24 14:59:07 - [MESSAGE][PASSED] - Navigate to 'https://simulatortest.e2pay.co.id/simulator/' successfully

2022-05-24 14:59:07 - [TEST_STEP][PASSED] - delay(2): Delayed 2 second(s)

2022-05-24 14:59:09 - [MESSAGE][PASSED] - Delayed 2 second(s)

2022-05-24 14:59:09 - [TEST_STEP][PASSED] - click(findTestObject("simulator post/input_merhant code")): Object: 'Object Repository/simulator post/input_merhant code' is clicked on

2022-05-24 14:59:10 - [MESSAGE][PASSED] - Object: 'Object Repository/simulator post/input_merhant code' is clicked on

2022-05-24 14:59:10 - [TEST_STEP][PASSED] - sendKeys(findTestObject("simulator post/input_merhant code"), Keys.chord(CONTROL, "a")): Keys 'CONTROL + a' sent to object: 'Object Repository/simulator post/input_merhant code'

2022-05-24 14:59:11 - [MESSAGE][PASSED] - Keys 'CONTROL + a' sent to object: 'Object Repository/simulator post/input_merhant code'

2022-05-24 14:59:11 - [TEST_STEP][PASSED] - sendKeys(findTestObject("simulator post/input_merhant code"), Keys.chord(DELETE)): Keys 'DELETE + ' sent to object: 'Object Repository/simulator post/input_merhant code'

2022-05-24 14:59:13 - [MESSAGE][PASSED] - Keys 'DELETE + ' sent to object: 'Object Repository/simulator post/input_merhant code'

2022-05-24 14:59:13 - [TEST_STEP][PASSED] - sendKeys(findTestObject("simulator post/input_merhant code"), Keys.chord(CONTROL, "v")): Keys 'CONTROL + v' sent to object: 'Object Repository/simulator post/input_merhant code'

2022-05-24 14:59:13 - [MESSAGE][PASSED] - Keys 'CONTROL + v' sent to object: 'Object Repository/simulator post/input_merhant code'

2022-05-24 14:59:13 - [TEST_STEP][PASSED] - sendKeys(findTestObject("simulator post/input_merhant code"), Keys.chord(SHIFT, ARROW_LEFT, ARROW_LEFT, ARROW_LEFT, ARROW_LEFT, ARROW_LEFT, ARROW_LEFT, ARROW_LEFT, ARROW_LEFT)): Keys 'SHIFT + LEFT + LEFT + LEFT + LEFT + LEFT + LEFT + LEFT + LEFT + ' sent to object: 'Object Repository/simulator post/input_merhant code'

2022-05-24 14:59:14 - [MESSAGE][PASSED] - Keys 'SHIFT + LEFT + LEFT + LEFT + LEFT + LEFT + LEFT + LEFT + LEFT + ' sent to object: 'Object Repository/simulator post/input_merhant code'

2022-05-24 14:59:14 - [TEST_STEP][PASSED] - sendKeys(findTestObject("simulator post/input_merhant code"), Keys.chord(CONTROL, "x")): Keys 'CONTROL + x' sent to object: 'Object Repository/simulator post/input_merhant code'

2022-05-24 14:59:15 - [MESSAGE][PASSED] - Keys 'CONTROL + x' sent to object: 'Object Repository/simulator post/input_merhant code'

2022-05-24 14:59:15 - [TEST_STEP][PASSED] - click(findTestObject("simulator post/input_paymentID")): Object: 'Object Repository/simulator post/input_paymentID' is clicked on

2022-05-24 14:59:15 - [MESSAGE][PASSED] - Object: 'Object Repository/simulator post/input_paymentID' is clicked on

2022-05-24 14:59:15 - [TEST_STEP][PASSED] - sendKeys(findTestObject("simulator post/input_paymentID"), Keys.chord(CONTROL, "a")): Keys 'CONTROL + a' sent to object: 'Object Repository/simulator post/input_paymentID'

2022-05-24 14:59:16 - [MESSAGE][PASSED] - Keys 'CONTROL + a' sent to object: 'Object Repository/simulator post/input_paymentID'

2022-05-24 14:59:16 - [TEST_STEP][PASSED] - sendKeys(findTestObject("simulator post/input_paymentID"), Keys.chord(DELETE)): Keys 'DELETE + ' sent to object: 'Object Repository/simulator post/input_paymentID'

2022-05-24 14:59:17 - [MESSAGE][PASSED] - Keys 'DELETE + ' sent to object: 'Object Repository/simulator post/input_paymentID'

2022-05-24 14:59:17 - [TEST_STEP][PASSED] - sendKeys(findTestObject("simulator post/input_paymentID"), Keys.chord(CONTROL, "v")): Keys 'CONTROL + v' sent to object: 'Object Repository/simulator post/input_paymentID'

2022-05-24 14:59:18 - [MESSAGE][PASSED] - Keys 'CONTROL + v' sent to object: 'Object Repository/simulator post/input_paymentID'

2022-05-24 14:59:18 - [TEST_STEP][PASSED] - sendKeys(findTestObject("simulator post/input_paymentID"), Keys.chord(SHIFT, ARROW_LEFT, ARROW_LEFT, ARROW_LEFT, ARROW_LEFT, ARROW_LEFT, ARROW_LEFT)): Keys 'SHIFT + LEFT + LEFT + LEFT + LEFT + LEFT + LEFT + ' sent to object: 'Object Repository/simulator post/input_paymentID'

2022-05-24 14:59:18 - [MESSAGE][PASSED] - Keys 'SHIFT + LEFT + LEFT + LEFT + LEFT + LEFT + LEFT + ' sent to object: 'Object Repository/simulator post/input_paymentID'

2022-05-24 14:59:18 - [TEST_STEP][PASSED] - sendKeys(findTestObject("simulator post/input_paymentID"), Keys.chord(CONTROL, "x")): Keys 'CONTROL + x' sent to object: 'Object Repository/simulator post/input_paymentID'

2022-05-24 14:59:19 - [MESSAGE][PASSED] - Keys 'CONTROL + x' sent to object: 'Object Repository/simulator post/input_paymentID'

2022-05-24 14:59:19 - [TEST_STEP][PASSED] - click(findTestObject("simulator post/input_amount")): Object: 'Object Repository/simulator post/input_amount' is clicked on

2022-05-24 14:59:20 - [MESSAGE][PASSED] - Object: 'Object Repository/simulator post/input_amount' is clicked on

2022-05-24 14:59:20 - [TEST_STEP][PASSED] - sendKeys(findTestObject("simulator post/input_amount"), Keys.chord(CONTROL, "a")): Keys 'CONTROL + a' sent to object: 'Object Repository/simulator post/input_amount'

2022-05-24 14:59:20 - [MESSAGE][PASSED] - Keys 'CONTROL + a' sent to object: 'Object Repository/simulator post/input_amount'

2022-05-24 14:59:20 - [TEST_STEP][PASSED] - sendKeys(findTestObject("simulator post/input_amount"), Keys.chord(DELETE)): Keys 'DELETE + ' sent to object: 'Object Repository/simulator post/input_amount'

2022-05-24 14:59:21 - [MESSAGE][PASSED] - Keys 'DELETE + ' sent to object: 'Object Repository/simulator post/input_amount'

2022-05-24 14:59:21 - [TEST_STEP][PASSED] - sendKeys(findTestObject("simulator post/input_amount"), Keys.chord(CONTROL, "v")): Keys 'CONTROL + v' sent to object: 'Object Repository/simulator post/input_amount'

2022-05-24 14:59:22 - [MESSAGE][PASSED] - Keys 'CONTROL + v' sent to object: 'Object Repository/simulator post/input_amount'

2022-05-24 14:59:22 - [TEST_STEP][PASSED] - value_amount = getText(findTestObject("simulator post/input_amount")): Text of object 'Object Repository/simulator post/input_amount' is: 'Amount'

2022-05-24 14:59:22 - [MESSAGE][PASSED] - Text of object 'Object Repository/simulator post/input_amount' is: 'Amount'

2022-05-24 14:59:22 - [TEST_STEP][PASSED] - delay(1): Delayed 1 second(s)

2022-05-24 14:59:23 - [MESSAGE][PASSED] - Delayed 1 second(s)

2022-05-24 14:59:23 - [TEST_STEP][PASSED] - println(value_amount): null

2022-05-24 14:59:23 - [TEST_STEP][PASSED] - takeFullPageScreenshot(): Taking screenshot successfully

2022-05-24 14:59:24 - [MESSAGE][INFO] - 0 hidden object(s)

2022-05-24 14:59:24 - [MESSAGE][PASSED] - Taking screenshot successfully
[[ATTACHMENT|C:\\Users\\E2PAY\\git\\simulatorTestHp\\Reports\\20220524_145431\\Permata VA noPay 2\\20220524_145431\\1653379163658.png]]

2022-05-24 14:59:24 - [TEST_STEP][PASSED] - click(findTestObject("simulator post/btn_proses payment")): Object: 'Object Repository/simulator post/btn_proses payment' is clicked on

2022-05-24 14:59:25 - [MESSAGE][PASSED] - Object: 'Object Repository/simulator post/btn_proses payment' is clicked on

2022-05-24 14:59:25 - [TEST_STEP][PASSED] - delay(1): Delayed 1 second(s)

2022-05-24 14:59:26 - [MESSAGE][PASSED] - Delayed 1 second(s)

2022-05-24 14:59:26 - [TEST_STEP][PASSED] - va = getText(findTestObject("page_tagihan BCA/div_700701701000000319")): Text of object 'Object Repository/page_tagihan BCA/div_700701701000000319' is: '8452170000122633'

2022-05-24 14:59:27 - [MESSAGE][PASSED] - Text of object 'Object Repository/page_tagihan BCA/div_700701701000000319' is: '8452170000122633'

2022-05-24 14:59:27 - [TEST_STEP][PASSED] - value_bayar = getText(findTestObject("page_tagihan BCA/span_Rp 300.000,00")): Text of object 'Object Repository/page_tagihan BCA/span_Rp 300.000,00' is: 'Rp 2.006,00'

2022-05-24 14:59:28 - [MESSAGE][PASSED] - Text of object 'Object Repository/page_tagihan BCA/span_Rp 300.000,00' is: 'Rp 2.006,00'

2022-05-24 14:59:28 - [TEST_STEP][PASSED] - delay(1): Delayed 1 second(s)

2022-05-24 14:59:29 - [MESSAGE][PASSED] - Delayed 1 second(s)

2022-05-24 14:59:29 - [TEST_STEP][PASSED] - takeFullPageScreenshot(): Taking screenshot successfully

2022-05-24 14:59:29 - [MESSAGE][INFO] - 0 hidden object(s)

2022-05-24 14:59:30 - [MESSAGE][PASSED] - Taking screenshot successfully
[[ATTACHMENT|C:\\Users\\E2PAY\\git\\simulatorTestHp\\Reports\\20220524_145431\\Permata VA noPay 2\\20220524_145431\\1653379169437.png]]

2022-05-24 14:59:30 - [TEST_STEP][PASSED] - navigateToUrl("www.google.com"): Navigate to 'http://www.google.com' successfully

2022-05-24 14:59:31 - [MESSAGE][PASSED] - Navigate to 'http://www.google.com' successfully

2022-05-24 14:59:31 - [TEST_STEP][PASSED] - delay(1): Delayed 1 second(s)

2022-05-24 14:59:32 - [MESSAGE][PASSED] - Delayed 1 second(s)

2022-05-24 14:59:32 - [TEST_STEP][PASSED] - temp_amount = amount + i: null

2022-05-24 14:59:32 - [TEST_STEP][PASSED] - temp = all + temp_amount + "00": null

2022-05-24 14:59:32 - [TEST_STEP][PASSED] - setText(findTestObject("Page_Google/search"), temp): Text 'EPT0000222200700' is set on object 'Object Repository/Page_Google/search'

2022-05-24 14:59:33 - [MESSAGE][PASSED] - Text 'EPT0000222200700' is set on object 'Object Repository/Page_Google/search'

2022-05-24 14:59:33 - [TEST_STEP][PASSED] - sendKeys(findTestObject("Page_Google/search"), Keys.chord(CONTROL, "a")): Keys 'CONTROL + a' sent to object: 'Object Repository/Page_Google/search'

2022-05-24 14:59:34 - [MESSAGE][PASSED] - Keys 'CONTROL + a' sent to object: 'Object Repository/Page_Google/search'

2022-05-24 14:59:34 - [TEST_STEP][PASSED] - sendKeys(findTestObject("Page_Google/search"), Keys.chord(CONTROL, "c")): Keys 'CONTROL + c' sent to object: 'Object Repository/Page_Google/search'

2022-05-24 14:59:34 - [MESSAGE][PASSED] - Keys 'CONTROL + c' sent to object: 'Object Repository/Page_Google/search'

2022-05-24 14:59:34 - [TEST_STEP][PASSED] - navigateToUrl("https://simulatortest.e2pay.co.id/simulator/"): Navigate to 'https://simulatortest.e2pay.co.id/simulator/' successfully

2022-05-24 14:59:35 - [MESSAGE][PASSED] - Navigate to 'https://simulatortest.e2pay.co.id/simulator/' successfully

2022-05-24 14:59:35 - [TEST_STEP][PASSED] - delay(2): Delayed 2 second(s)

2022-05-24 14:59:37 - [MESSAGE][PASSED] - Delayed 2 second(s)

2022-05-24 14:59:37 - [TEST_STEP][PASSED] - click(findTestObject("simulator post/input_merhant code")): Object: 'Object Repository/simulator post/input_merhant code' is clicked on

2022-05-24 14:59:38 - [MESSAGE][PASSED] - Object: 'Object Repository/simulator post/input_merhant code' is clicked on

2022-05-24 14:59:38 - [TEST_STEP][PASSED] - sendKeys(findTestObject("simulator post/input_merhant code"), Keys.chord(CONTROL, "a")): Keys 'CONTROL + a' sent to object: 'Object Repository/simulator post/input_merhant code'

2022-05-24 14:59:38 - [MESSAGE][PASSED] - Keys 'CONTROL + a' sent to object: 'Object Repository/simulator post/input_merhant code'

2022-05-24 14:59:38 - [TEST_STEP][PASSED] - sendKeys(findTestObject("simulator post/input_merhant code"), Keys.chord(DELETE)): Keys 'DELETE + ' sent to object: 'Object Repository/simulator post/input_merhant code'

2022-05-24 14:59:39 - [MESSAGE][PASSED] - Keys 'DELETE + ' sent to object: 'Object Repository/simulator post/input_merhant code'

2022-05-24 14:59:39 - [TEST_STEP][PASSED] - sendKeys(findTestObject("simulator post/input_merhant code"), Keys.chord(CONTROL, "v")): Keys 'CONTROL + v' sent to object: 'Object Repository/simulator post/input_merhant code'

2022-05-24 14:59:40 - [MESSAGE][PASSED] - Keys 'CONTROL + v' sent to object: 'Object Repository/simulator post/input_merhant code'

2022-05-24 14:59:40 - [TEST_STEP][PASSED] - sendKeys(findTestObject("simulator post/input_merhant code"), Keys.chord(SHIFT, ARROW_LEFT, ARROW_LEFT, ARROW_LEFT, ARROW_LEFT, ARROW_LEFT, ARROW_LEFT, ARROW_LEFT, ARROW_LEFT)): Keys 'SHIFT + LEFT + LEFT + LEFT + LEFT + LEFT + LEFT + LEFT + LEFT + ' sent to object: 'Object Repository/simulator post/input_merhant code'

2022-05-24 14:59:41 - [MESSAGE][PASSED] - Keys 'SHIFT + LEFT + LEFT + LEFT + LEFT + LEFT + LEFT + LEFT + LEFT + ' sent to object: 'Object Repository/simulator post/input_merhant code'

2022-05-24 14:59:41 - [TEST_STEP][PASSED] - sendKeys(findTestObject("simulator post/input_merhant code"), Keys.chord(CONTROL, "x")): Keys 'CONTROL + x' sent to object: 'Object Repository/simulator post/input_merhant code'

2022-05-24 14:59:41 - [MESSAGE][PASSED] - Keys 'CONTROL + x' sent to object: 'Object Repository/simulator post/input_merhant code'

2022-05-24 14:59:41 - [TEST_STEP][PASSED] - click(findTestObject("simulator post/input_paymentID")): Object: 'Object Repository/simulator post/input_paymentID' is clicked on

2022-05-24 14:59:42 - [MESSAGE][PASSED] - Object: 'Object Repository/simulator post/input_paymentID' is clicked on

2022-05-24 14:59:42 - [TEST_STEP][PASSED] - sendKeys(findTestObject("simulator post/input_paymentID"), Keys.chord(CONTROL, "a")): Keys 'CONTROL + a' sent to object: 'Object Repository/simulator post/input_paymentID'

2022-05-24 14:59:43 - [MESSAGE][PASSED] - Keys 'CONTROL + a' sent to object: 'Object Repository/simulator post/input_paymentID'

2022-05-24 14:59:43 - [TEST_STEP][PASSED] - sendKeys(findTestObject("simulator post/input_paymentID"), Keys.chord(DELETE)): Keys 'DELETE + ' sent to object: 'Object Repository/simulator post/input_paymentID'

2022-05-24 14:59:44 - [MESSAGE][PASSED] - Keys 'DELETE + ' sent to object: 'Object Repository/simulator post/input_paymentID'

2022-05-24 14:59:44 - [TEST_STEP][PASSED] - sendKeys(findTestObject("simulator post/input_paymentID"), Keys.chord(CONTROL, "v")): Keys 'CONTROL + v' sent to object: 'Object Repository/simulator post/input_paymentID'

2022-05-24 14:59:44 - [MESSAGE][PASSED] - Keys 'CONTROL + v' sent to object: 'Object Repository/simulator post/input_paymentID'

2022-05-24 14:59:44 - [TEST_STEP][PASSED] - sendKeys(findTestObject("simulator post/input_paymentID"), Keys.chord(SHIFT, ARROW_LEFT, ARROW_LEFT, ARROW_LEFT, ARROW_LEFT, ARROW_LEFT, ARROW_LEFT)): Keys 'SHIFT + LEFT + LEFT + LEFT + LEFT + LEFT + LEFT + ' sent to object: 'Object Repository/simulator post/input_paymentID'

2022-05-24 14:59:45 - [MESSAGE][PASSED] - Keys 'SHIFT + LEFT + LEFT + LEFT + LEFT + LEFT + LEFT + ' sent to object: 'Object Repository/simulator post/input_paymentID'

2022-05-24 14:59:45 - [TEST_STEP][PASSED] - sendKeys(findTestObject("simulator post/input_paymentID"), Keys.chord(CONTROL, "x")): Keys 'CONTROL + x' sent to object: 'Object Repository/simulator post/input_paymentID'

2022-05-24 14:59:46 - [MESSAGE][PASSED] - Keys 'CONTROL + x' sent to object: 'Object Repository/simulator post/input_paymentID'

2022-05-24 14:59:46 - [TEST_STEP][PASSED] - click(findTestObject("simulator post/input_amount")): Object: 'Object Repository/simulator post/input_amount' is clicked on

2022-05-24 14:59:46 - [MESSAGE][PASSED] - Object: 'Object Repository/simulator post/input_amount' is clicked on

2022-05-24 14:59:46 - [TEST_STEP][PASSED] - sendKeys(findTestObject("simulator post/input_amount"), Keys.chord(CONTROL, "a")): Keys 'CONTROL + a' sent to object: 'Object Repository/simulator post/input_amount'

2022-05-24 14:59:47 - [MESSAGE][PASSED] - Keys 'CONTROL + a' sent to object: 'Object Repository/simulator post/input_amount'

2022-05-24 14:59:47 - [TEST_STEP][PASSED] - sendKeys(findTestObject("simulator post/input_amount"), Keys.chord(DELETE)): Keys 'DELETE + ' sent to object: 'Object Repository/simulator post/input_amount'

2022-05-24 14:59:48 - [MESSAGE][PASSED] - Keys 'DELETE + ' sent to object: 'Object Repository/simulator post/input_amount'

2022-05-24 14:59:48 - [TEST_STEP][PASSED] - sendKeys(findTestObject("simulator post/input_amount"), Keys.chord(CONTROL, "v")): Keys 'CONTROL + v' sent to object: 'Object Repository/simulator post/input_amount'

2022-05-24 14:59:48 - [MESSAGE][PASSED] - Keys 'CONTROL + v' sent to object: 'Object Repository/simulator post/input_amount'

2022-05-24 14:59:48 - [TEST_STEP][PASSED] - value_amount = getText(findTestObject("simulator post/input_amount")): Text of object 'Object Repository/simulator post/input_amount' is: 'Amount'

2022-05-24 14:59:49 - [MESSAGE][PASSED] - Text of object 'Object Repository/simulator post/input_amount' is: 'Amount'

2022-05-24 14:59:49 - [TEST_STEP][PASSED] - delay(1): Delayed 1 second(s)

2022-05-24 14:59:50 - [MESSAGE][PASSED] - Delayed 1 second(s)

2022-05-24 14:59:50 - [TEST_STEP][PASSED] - println(value_amount): null

2022-05-24 14:59:50 - [TEST_STEP][PASSED] - takeFullPageScreenshot(): Taking screenshot successfully

2022-05-24 14:59:51 - [MESSAGE][INFO] - 0 hidden object(s)

2022-05-24 14:59:51 - [MESSAGE][PASSED] - Taking screenshot successfully
[[ATTACHMENT|C:\\Users\\E2PAY\\git\\simulatorTestHp\\Reports\\20220524_145431\\Permata VA noPay 2\\20220524_145431\\1653379190397.png]]

2022-05-24 14:59:51 - [TEST_STEP][PASSED] - click(findTestObject("simulator post/btn_proses payment")): Object: 'Object Repository/simulator post/btn_proses payment' is clicked on

2022-05-24 14:59:51 - [MESSAGE][PASSED] - Object: 'Object Repository/simulator post/btn_proses payment' is clicked on

2022-05-24 14:59:51 - [TEST_STEP][PASSED] - delay(1): Delayed 1 second(s)

2022-05-24 14:59:52 - [MESSAGE][PASSED] - Delayed 1 second(s)

2022-05-24 14:59:52 - [TEST_STEP][PASSED] - va = getText(findTestObject("page_tagihan BCA/div_700701701000000319")): Text of object 'Object Repository/page_tagihan BCA/div_700701701000000319' is: '8452170000122634'

2022-05-24 14:59:54 - [MESSAGE][PASSED] - Text of object 'Object Repository/page_tagihan BCA/div_700701701000000319' is: '8452170000122634'

2022-05-24 14:59:54 - [TEST_STEP][PASSED] - value_bayar = getText(findTestObject("page_tagihan BCA/span_Rp 300.000,00")): Text of object 'Object Repository/page_tagihan BCA/span_Rp 300.000,00' is: 'Rp 2.007,00'

2022-05-24 14:59:55 - [MESSAGE][PASSED] - Text of object 'Object Repository/page_tagihan BCA/span_Rp 300.000,00' is: 'Rp 2.007,00'

2022-05-24 14:59:55 - [TEST_STEP][PASSED] - delay(1): Delayed 1 second(s)

2022-05-24 14:59:56 - [MESSAGE][PASSED] - Delayed 1 second(s)

2022-05-24 14:59:56 - [TEST_STEP][PASSED] - takeFullPageScreenshot(): Taking screenshot successfully

2022-05-24 14:59:56 - [MESSAGE][INFO] - 0 hidden object(s)

2022-05-24 14:59:57 - [MESSAGE][PASSED] - Taking screenshot successfully
[[ATTACHMENT|C:\\Users\\E2PAY\\git\\simulatorTestHp\\Reports\\20220524_145431\\Permata VA noPay 2\\20220524_145431\\1653379196439.png]]

2022-05-24 14:59:57 - [TEST_STEP][PASSED] - navigateToUrl("www.google.com"): Navigate to 'http://www.google.com' successfully

2022-05-24 14:59:58 - [MESSAGE][PASSED] - Navigate to 'http://www.google.com' successfully

2022-05-24 14:59:58 - [TEST_STEP][PASSED] - delay(1): Delayed 1 second(s)

2022-05-24 14:59:59 - [MESSAGE][PASSED] - Delayed 1 second(s)

2022-05-24 14:59:59 - [TEST_STEP][PASSED] - temp_amount = amount + i: null

2022-05-24 14:59:59 - [TEST_STEP][PASSED] - temp = all + temp_amount + "00": null

2022-05-24 14:59:59 - [TEST_STEP][PASSED] - setText(findTestObject("Page_Google/search"), temp): Text 'EPT0000222200800' is set on object 'Object Repository/Page_Google/search'

2022-05-24 15:00:00 - [MESSAGE][PASSED] - Text 'EPT0000222200800' is set on object 'Object Repository/Page_Google/search'

2022-05-24 15:00:00 - [TEST_STEP][PASSED] - sendKeys(findTestObject("Page_Google/search"), Keys.chord(CONTROL, "a")): Keys 'CONTROL + a' sent to object: 'Object Repository/Page_Google/search'

2022-05-24 15:00:01 - [MESSAGE][PASSED] - Keys 'CONTROL + a' sent to object: 'Object Repository/Page_Google/search'

2022-05-24 15:00:01 - [TEST_STEP][PASSED] - sendKeys(findTestObject("Page_Google/search"), Keys.chord(CONTROL, "c")): Keys 'CONTROL + c' sent to object: 'Object Repository/Page_Google/search'

2022-05-24 15:00:01 - [MESSAGE][PASSED] - Keys 'CONTROL + c' sent to object: 'Object Repository/Page_Google/search'

2022-05-24 15:00:01 - [TEST_STEP][PASSED] - navigateToUrl("https://simulatortest.e2pay.co.id/simulator/"): Navigate to 'https://simulatortest.e2pay.co.id/simulator/' successfully

2022-05-24 15:00:07 - [MESSAGE][PASSED] - Navigate to 'https://simulatortest.e2pay.co.id/simulator/' successfully

2022-05-24 15:00:07 - [TEST_STEP][PASSED] - delay(2): Delayed 2 second(s)

2022-05-24 15:00:09 - [MESSAGE][PASSED] - Delayed 2 second(s)

2022-05-24 15:00:09 - [TEST_STEP][PASSED] - click(findTestObject("simulator post/input_merhant code")): Object: 'Object Repository/simulator post/input_merhant code' is clicked on

2022-05-24 15:00:10 - [MESSAGE][PASSED] - Object: 'Object Repository/simulator post/input_merhant code' is clicked on

2022-05-24 15:00:10 - [TEST_STEP][PASSED] - sendKeys(findTestObject("simulator post/input_merhant code"), Keys.chord(CONTROL, "a")): Keys 'CONTROL + a' sent to object: 'Object Repository/simulator post/input_merhant code'

2022-05-24 15:00:11 - [MESSAGE][PASSED] - Keys 'CONTROL + a' sent to object: 'Object Repository/simulator post/input_merhant code'

2022-05-24 15:00:11 - [TEST_STEP][PASSED] - sendKeys(findTestObject("simulator post/input_merhant code"), Keys.chord(DELETE)): Keys 'DELETE + ' sent to object: 'Object Repository/simulator post/input_merhant code'

2022-05-24 15:00:12 - [MESSAGE][PASSED] - Keys 'DELETE + ' sent to object: 'Object Repository/simulator post/input_merhant code'

2022-05-24 15:00:12 - [TEST_STEP][PASSED] - sendKeys(findTestObject("simulator post/input_merhant code"), Keys.chord(CONTROL, "v")): Keys 'CONTROL + v' sent to object: 'Object Repository/simulator post/input_merhant code'

2022-05-24 15:00:12 - [MESSAGE][PASSED] - Keys 'CONTROL + v' sent to object: 'Object Repository/simulator post/input_merhant code'

2022-05-24 15:00:12 - [TEST_STEP][PASSED] - sendKeys(findTestObject("simulator post/input_merhant code"), Keys.chord(SHIFT, ARROW_LEFT, ARROW_LEFT, ARROW_LEFT, ARROW_LEFT, ARROW_LEFT, ARROW_LEFT, ARROW_LEFT, ARROW_LEFT)): Keys 'SHIFT + LEFT + LEFT + LEFT + LEFT + LEFT + LEFT + LEFT + LEFT + ' sent to object: 'Object Repository/simulator post/input_merhant code'

2022-05-24 15:00:13 - [MESSAGE][PASSED] - Keys 'SHIFT + LEFT + LEFT + LEFT + LEFT + LEFT + LEFT + LEFT + LEFT + ' sent to object: 'Object Repository/simulator post/input_merhant code'

2022-05-24 15:00:13 - [TEST_STEP][PASSED] - sendKeys(findTestObject("simulator post/input_merhant code"), Keys.chord(CONTROL, "x")): Keys 'CONTROL + x' sent to object: 'Object Repository/simulator post/input_merhant code'

2022-05-24 15:00:14 - [MESSAGE][PASSED] - Keys 'CONTROL + x' sent to object: 'Object Repository/simulator post/input_merhant code'

2022-05-24 15:00:14 - [TEST_STEP][PASSED] - click(findTestObject("simulator post/input_paymentID")): Object: 'Object Repository/simulator post/input_paymentID' is clicked on

2022-05-24 15:00:14 - [MESSAGE][PASSED] - Object: 'Object Repository/simulator post/input_paymentID' is clicked on

2022-05-24 15:00:14 - [TEST_STEP][PASSED] - sendKeys(findTestObject("simulator post/input_paymentID"), Keys.chord(CONTROL, "a")): Keys 'CONTROL + a' sent to object: 'Object Repository/simulator post/input_paymentID'

2022-05-24 15:00:16 - [MESSAGE][PASSED] - Keys 'CONTROL + a' sent to object: 'Object Repository/simulator post/input_paymentID'

2022-05-24 15:00:16 - [TEST_STEP][PASSED] - sendKeys(findTestObject("simulator post/input_paymentID"), Keys.chord(DELETE)): Keys 'DELETE + ' sent to object: 'Object Repository/simulator post/input_paymentID'

2022-05-24 15:00:16 - [MESSAGE][PASSED] - Keys 'DELETE + ' sent to object: 'Object Repository/simulator post/input_paymentID'

2022-05-24 15:00:16 - [TEST_STEP][PASSED] - sendKeys(findTestObject("simulator post/input_paymentID"), Keys.chord(CONTROL, "v")): Keys 'CONTROL + v' sent to object: 'Object Repository/simulator post/input_paymentID'

2022-05-24 15:00:17 - [MESSAGE][PASSED] - Keys 'CONTROL + v' sent to object: 'Object Repository/simulator post/input_paymentID'

2022-05-24 15:00:17 - [TEST_STEP][PASSED] - sendKeys(findTestObject("simulator post/input_paymentID"), Keys.chord(SHIFT, ARROW_LEFT, ARROW_LEFT, ARROW_LEFT, ARROW_LEFT, ARROW_LEFT, ARROW_LEFT)): Keys 'SHIFT + LEFT + LEFT + LEFT + LEFT + LEFT + LEFT + ' sent to object: 'Object Repository/simulator post/input_paymentID'

2022-05-24 15:00:18 - [MESSAGE][PASSED] - Keys 'SHIFT + LEFT + LEFT + LEFT + LEFT + LEFT + LEFT + ' sent to object: 'Object Repository/simulator post/input_paymentID'

2022-05-24 15:00:18 - [TEST_STEP][PASSED] - sendKeys(findTestObject("simulator post/input_paymentID"), Keys.chord(CONTROL, "x")): Keys 'CONTROL + x' sent to object: 'Object Repository/simulator post/input_paymentID'

2022-05-24 15:00:19 - [MESSAGE][PASSED] - Keys 'CONTROL + x' sent to object: 'Object Repository/simulator post/input_paymentID'

2022-05-24 15:00:19 - [TEST_STEP][PASSED] - click(findTestObject("simulator post/input_amount")): Object: 'Object Repository/simulator post/input_amount' is clicked on

2022-05-24 15:00:19 - [MESSAGE][PASSED] - Object: 'Object Repository/simulator post/input_amount' is clicked on

2022-05-24 15:00:19 - [TEST_STEP][PASSED] - sendKeys(findTestObject("simulator post/input_amount"), Keys.chord(CONTROL, "a")): Keys 'CONTROL + a' sent to object: 'Object Repository/simulator post/input_amount'

2022-05-24 15:00:20 - [MESSAGE][PASSED] - Keys 'CONTROL + a' sent to object: 'Object Repository/simulator post/input_amount'

2022-05-24 15:00:20 - [TEST_STEP][PASSED] - sendKeys(findTestObject("simulator post/input_amount"), Keys.chord(DELETE)): Keys 'DELETE + ' sent to object: 'Object Repository/simulator post/input_amount'

2022-05-24 15:00:21 - [MESSAGE][PASSED] - Keys 'DELETE + ' sent to object: 'Object Repository/simulator post/input_amount'

2022-05-24 15:00:21 - [TEST_STEP][PASSED] - sendKeys(findTestObject("simulator post/input_amount"), Keys.chord(CONTROL, "v")): Keys 'CONTROL + v' sent to object: 'Object Repository/simulator post/input_amount'

2022-05-24 15:00:21 - [MESSAGE][PASSED] - Keys 'CONTROL + v' sent to object: 'Object Repository/simulator post/input_amount'

2022-05-24 15:00:21 - [TEST_STEP][PASSED] - value_amount = getText(findTestObject("simulator post/input_amount")): Text of object 'Object Repository/simulator post/input_amount' is: 'Amount'

2022-05-24 15:00:22 - [MESSAGE][PASSED] - Text of object 'Object Repository/simulator post/input_amount' is: 'Amount'

2022-05-24 15:00:22 - [TEST_STEP][PASSED] - delay(1): Delayed 1 second(s)

2022-05-24 15:00:23 - [MESSAGE][PASSED] - Delayed 1 second(s)

2022-05-24 15:00:23 - [TEST_STEP][PASSED] - println(value_amount): null

[...]

2022-05-24 15:00:34 - [MESSAGE][PASSED] - Text 'EPT0000222200900' is set on object 'Object Repository/Page_Google/search'

2022-05-24 15:00:34 - [TEST_STEP][PASSED] - sendKeys(findTestObject("Page_Google/search"), Keys.chord(CONTROL, "a")): Keys 'CONTROL + a' sent to object: 'Object Repository/Page_Google/search'

2022-05-24 15:00:35 - [MESSAGE][PASSED] - Keys 'CONTROL + a' sent to object: 'Object Repository/Page_Google/search'

2022-05-24 15:00:35 - [TEST_STEP][PASSED] - sendKeys(findTestObject("Page_Google/search"), Keys.chord(CONTROL, "c")): Keys 'CONTROL + c' sent to object: 'Object Repository/Page_Google/search'

2022-05-24 15:00:35 - [MESSAGE][PASSED] - Keys 'CONTROL + c' sent to object: 'Object Repository/Page_Google/search'

2022-05-24 15:00:35 - [TEST_STEP][PASSED] - navigateToUrl("https://simulatortest.e2pay.co.id/simulator/"): Navigate to 'https://simulatortest.e2pay.co.id/simulator/' successfully

2022-05-24 15:00:36 - [MESSAGE][PASSED] - Navigate to 'https://simulatortest.e2pay.co.id/simulator/' successfully

2022-05-24 15:00:36 - [TEST_STEP][PASSED] - delay(2): Delayed 2 second(s)

2022-05-24 15:00:38 - [MESSAGE][PASSED] - Delayed 2 second(s)

2022-05-24 15:00:38 - [TEST_STEP][PASSED] - click(findTestObject("simulator post/input_merhant code")): Object: 'Object Repository/simulator post/input_merhant code' is clicked on

2022-05-24 15:00:39 - [MESSAGE][PASSED] - Object: 'Object Repository/simulator post/input_merhant code' is clicked on

2022-05-24 15:00:39 - [TEST_STEP][PASSED] - sendKeys(findTestObject("simulator post/input_merhant code"), Keys.chord(CONTROL, "a")): Keys 'CONTROL + a' sent to object: 'Object Repository/simulator post/input_merhant code'

2022-05-24 15:00:40 - [MESSAGE][PASSED] - Keys 'CONTROL + a' sent to object: 'Object Repository/simulator post/input_merhant code'

2022-05-24 15:00:40 - [TEST_STEP][PASSED] - sendKeys(findTestObject("simulator post/input_merhant code"), Keys.chord(DELETE)): Keys 'DELETE + ' sent to object: 'Object Repository/simulator post/input_merhant code'

2022-05-24 15:00:41 - [MESSAGE][PASSED] - Keys 'DELETE + ' sent to object: 'Object Repository/simulator post/input_merhant code'

2022-05-24 15:00:41 - [TEST_STEP][PASSED] - sendKeys(findTestObject("simulator post/input_merhant code"), Keys.chord(CONTROL, "v")): Keys 'CONTROL + v' sent to object: 'Object Repository/simulator post/input_merhant code'

2022-05-24 15:00:41 - [MESSAGE][PASSED] - Keys 'CONTROL + v' sent to object: 'Object Repository/simulator post/input_merhant code'

2022-05-24 15:00:41 - [TEST_STEP][PASSED] - sendKeys(findTestObject("simulator post/input_merhant code"), Keys.chord(SHIFT, ARROW_LEFT, ARROW_LEFT, ARROW_LEFT, ARROW_LEFT, ARROW_LEFT, ARROW_LEFT, ARROW_LEFT, ARROW_LEFT)): Keys 'SHIFT + LEFT + LEFT + LEFT + LEFT + LEFT + LEFT + LEFT + LEFT + ' sent to object: 'Object Repository/simulator post/input_merhant code'

2022-05-24 15:00:42 - [MESSAGE][PASSED] - Keys 'SHIFT + LEFT + LEFT + LEFT + LEFT + LEFT + LEFT + LEFT + LEFT + ' sent to object: 'Object Repository/simulator post/input_merhant code'

2022-05-24 15:00:42 - [TEST_STEP][PASSED] - sendKeys(findTestObject("simulator post/input_merhant code"), Keys.chord(CONTROL, "x")): Keys 'CONTROL + x' sent to object: 'Object Repository/simulator post/input_merhant code'

2022-05-24 15:00:43 - [MESSAGE][PASSED] - Keys 'CONTROL + x' sent to object: 'Object Repository/simulator post/input_merhant code'

2022-05-24 15:00:43 - [TEST_STEP][PASSED] - click(findTestObject("simulator post/input_paymentID")): Object: 'Object Repository/simulator post/input_paymentID' is clicked on

2022-05-24 15:00:43 - [MESSAGE][PASSED] - Object: 'Object Repository/simulator post/input_paymentID' is clicked on

2022-05-24 15:00:43 - [TEST_STEP][PASSED] - sendKeys(findTestObject("simulator post/input_paymentID"), Keys.chord(CONTROL, "a")): Keys 'CONTROL + a' sent to object: 'Object Repository/simulator post/input_paymentID'

2022-05-24 15:00:45 - [MESSAGE][PASSED] - Keys 'CONTROL + a' sent to object: 'Object Repository/simulator post/input_paymentID'

2022-05-24 15:00:45 - [TEST_STEP][PASSED] - sendKeys(findTestObject("simulator post/input_paymentID"), Keys.chord(DELETE)): Keys 'DELETE + ' sent to object: 'Object Repository/simulator post/input_paymentID'

2022-05-24 15:00:45 - [MESSAGE][PASSED] - Keys 'DELETE + ' sent to object: 'Object Repository/simulator post/input_paymentID'

2022-05-24 15:00:45 - [TEST_STEP][PASSED] - sendKeys(findTestObject("simulator post/input_paymentID"), Keys.chord(CONTROL, "v")): Keys 'CONTROL + v' sent to object: 'Object Repository/simulator post/input_paymentID'

2022-05-24 15:00:46 - [MESSAGE][PASSED] - Keys 'CONTROL + v' sent to object: 'Object Repository/simulator post/input_paymentID'

2022-05-24 15:00:46 - [TEST_STEP][PASSED] - sendKeys(findTestObject("simulator post/input_paymentID"), Keys.chord(SHIFT, ARROW_LEFT, ARROW_LEFT, ARROW_LEFT, ARROW_LEFT, ARROW_LEFT, ARROW_LEFT)): Keys 'SHIFT + LEFT + LEFT + LEFT + LEFT + LEFT + LEFT + ' sent to object: 'Object Repository/simulator post/input_paymentID'

2022-05-24 15:00:47 - [MESSAGE][PASSED] - Keys 'SHIFT + LEFT + LEFT + LEFT + LEFT + LEFT + LEFT + ' sent to object: 'Object Repository/simulator post/input_paymentID'

2022-05-24 15:00:47 - [TEST_STEP][PASSED] - sendKeys(findTestObject("simulator post/input_paymentID"), Keys.chord(CONTROL, "x")): Keys 'CONTROL + x' sent to object: 'Object Repository/simulator post/input_paymentID'

2022-05-24 15:00:47 - [MESSAGE][PASSED] - Keys 'CONTROL + x' sent to object: 'Object Repository/simulator post/input_paymentID'

2022-05-24 15:00:47 - [TEST_STEP][PASSED] - click(findTestObject("simulator post/input_amount")): Object: 'Object Repository/simulator post/input_amount' is clicked on

2022-05-24 15:00:48 - [MESSAGE][PASSED] - Object: 'Object Repository/simulator post/input_amount' is clicked on

2022-05-24 15:00:48 - [TEST_STEP][PASSED] - sendKeys(findTestObject("simulator post/input_amount"), Keys.chord(CONTROL, "a")): Keys 'CONTROL + a' sent to object: 'Object Repository/simulator post/input_amount'

2022-05-24 15:00:49 - [MESSAGE][PASSED] - Keys 'CONTROL + a' sent to object: 'Object Repository/simulator post/input_amount'

2022-05-24 15:00:49 - [TEST_STEP][PASSED] - sendKeys(findTestObject("simulator post/input_amount"), Keys.chord(DELETE)): Keys 'DELETE + ' sent to object: 'Object Repository/simulator post/input_amount'

2022-05-24 15:00:49 - [MESSAGE][PASSED] - Keys 'DELETE + ' sent to object: 'Object Repository/simulator post/input_amount'

2022-05-24 15:00:49 - [TEST_STEP][PASSED] - sendKeys(findTestObject("simulator post/input_amount"), Keys.chord(CONTROL, "v")): Keys 'CONTROL + v' sent to object: 'Object Repository/simulator post/input_amount'

2022-05-24 15:00:50 - [MESSAGE][PASSED] - Keys 'CONTROL + v' sent to object: 'Object Repository/simulator post/input_amount'

2022-05-24 15:00:50 - [TEST_STEP][PASSED] - value_amount = getText(findTestObject("simulator post/input_amount")): Text of object 'Object Repository/simulator post/input_amount' is: 'Amount'

2022-05-24 15:00:50 - [MESSAGE][PASSED] - Text of object 'Object Repository/simulator post/input_amount' is: 'Amount'

2022-05-24 15:00:50 - [TEST_STEP][PASSED] - delay(1): Delayed 1 second(s)

2022-05-24 15:00:51 - [MESSAGE][PASSED] - Delayed 1 second(s)

2022-05-24 15:00:51 - [TEST_STEP][PASSED] - println(value_amount): null

2022-05-24 15:00:51 - [TEST_STEP][PASSED] - takeFullPageScreenshot(): Taking screenshot successfully

2022-05-24 15:00:52 - [MESSAGE][INFO] - 0 hidden object(s)

2022-05-24 15:00:52 - [MESSAGE][PASSED] - Taking screenshot successfully
[[ATTACHMENT|C:\\Users\\E2PAY\\git\\simulatorTestHp\\Reports\\20220524_145431\\Permata VA noPay 2\\20220524_145431\\1653379251995.png]]

2022-05-24 15:00:52 - [TEST_STEP][PASSED] - click(findTestObject("simulator post/btn_proses payment")): Object: 'Object Repository/simulator post/btn_proses payment' is clicked on

2022-05-24 15:00:53 - [MESSAGE][PASSED] - Object: 'Object Repository/simulator post/btn_proses payment' is clicked on

2022-05-24 15:00:53 - [TEST_STEP][PASSED] - delay(1): Delayed 1 second(s)

2022-05-24 15:00:54 - [MESSAGE][PASSED] - Delayed 1 second(s)

2022-05-24 15:00:54 - [TEST_STEP][PASSED] - va = getText(findTestObject("page_tagihan BCA/div_700701701000000319")): Text of object 'Object Repository/page_tagihan BCA/div_700701701000000319' is: '8452170000122636'

2022-05-24 15:00:56 - [MESSAGE][PASSED] - Text of object 'Object Repository/page_tagihan BCA/div_700701701000000319' is: '8452170000122636'

2022-05-24 15:00:56 - [TEST_STEP][PASSED] - value_bayar = getText(findTestObject("page_tagihan BCA/span_Rp 300.000,00")): Text of object 'Object Repository/page_tagihan BCA/span_Rp 300.000,00' is: 'Rp 2.009,00'

2022-05-24 15:00:56 - [MESSAGE][PASSED] - Text of object 'Object Repository/page_tagihan BCA/span_Rp 300.000,00' is: 'Rp 2.009,00'

2022-05-24 15:00:56 - [TEST_STEP][PASSED] - delay(1): Delayed 1 second(s)

2022-05-24 15:00:57 - [MESSAGE][PASSED] - Delayed 1 second(s)

2022-05-24 15:00:57 - [TEST_STEP][PASSED] - takeFullPageScreenshot(): Taking screenshot successfully

2022-05-24 15:00:58 - [MESSAGE][INFO] - 0 hidden object(s)

2022-05-24 15:00:58 - [MESSAGE][PASSED] - Taking screenshot successfully
[[ATTACHMENT|C:\\Users\\E2PAY\\git\\simulatorTestHp\\Reports\\20220524_145431\\Permata VA noPay 2\\20220524_145431\\1653379258003.png]]

2022-05-24 15:00:58 - [TEST_STEP][PASSED] - navigateToUrl("www.google.com"): Navigate to 'http://www.google.com' successfully

2022-05-24 15:00:59 - [MESSAGE][PASSED] - Navigate to 'http://www.google.com' successfully

2022-05-24 15:00:59 - [TEST_STEP][PASSED] - delay(1): Delayed 1 second(s)

2022-05-24 15:01:00 - [MESSAGE][PASSED] - Delayed 1 second(s)

2022-05-24 15:01:00 - [TEST_STEP][PASSED] - temp_amount = amount + i: null

2022-05-24 15:01:00 - [TEST_STEP][PASSED] - temp = all + temp_amount + "00": null

2022-05-24 15:01:00 - [TEST_STEP][PASSED] - setText(findTestObject("Page_Google/search"), temp): Text 'EPT0000222201000' is set on object 'Object Repository/Page_Google/search'

2022-05-24 15:01:01 - [MESSAGE][PASSED] - Text 'EPT0000222201000' is set on object 'Object Repository/Page_Google/search'

2022-05-24 15:01:01 - [TEST_STEP][PASSED] - sendKeys(findTestObject("Page_Google/search"), Keys.chord(CONTROL, "a")): Keys 'CONTROL + a' sent to object: 'Object Repository/Page_Google/search'

2022-05-24 15:01:02 - [MESSAGE][PASSED] - Keys 'CONTROL + a' sent to object: 'Object Repository/Page_Google/search'

2022-05-24 15:01:02 - [TEST_STEP][PASSED] - sendKeys(findTestObject("Page_Google/search"), Keys.chord(CONTROL, "c")): Keys 'CONTROL + c' sent to object: 'Object Repository/Page_Google/search'

2022-05-24 15:01:03 - [MESSAGE][PASSED] - Keys 'CONTROL + c' sent to object: 'Object Repository/Page_Google/search'

2022-05-24 15:01:03 - [TEST_STEP][PASSED] - navigateToUrl("https://simulatortest.e2pay.co.id/simulator/"): Navigate to 'https://simulatortest.e2pay.co.id/simulator/' successfully

2022-05-24 15:01:04 - [MESSAGE][PASSED] - Navigate to 'https://simulatortest.e2pay.co.id/simulator/' successfully

2022-05-24 15:01:04 - [TEST_STEP][PASSED] - delay(2): Delayed 2 second(s)

2022-05-24 15:01:06 - [MESSAGE][PASSED] - Delayed 2 second(s)

2022-05-24 15:01:06 - [TEST_STEP][PASSED] - click(findTestObject("simulator post/input_merhant code")): Object: 'Object Repository/simulator post/input_merhant code' is clicked on

2022-05-24 15:01:08 - [MESSAGE][PASSED] - Object: 'Object Repository/simulator post/input_merhant code' is clicked on

2022-05-24 15:01:08 - [TEST_STEP][PASSED] - sendKeys(findTestObject("simulator post/input_merhant code"), Keys.chord(CONTROL, "a")): Keys 'CONTROL + a' sent to object: 'Object Repository/simulator post/input_merhant code'

2022-05-24 15:01:08 - [MESSAGE][PASSED] - Keys 'CONTROL + a' sent to object: 'Object Repository/simulator post/input_merhant code'

2022-05-24 15:01:08 - [TEST_STEP][PASSED] - sendKeys(findTestObject("simulator post/input_merhant code"), Keys.chord(DELETE)): Keys 'DELETE + ' sent to object: 'Object Repository/simulator post/input_merhant code'

2022-05-24 15:01:10 - [MESSAGE][PASSED] - Keys 'DELETE + ' sent to object: 'Object Repository/simulator post/input_merhant code'

2022-05-24 15:01:10 - [TEST_STEP][PASSED] - sendKeys(findTestObject("simulator post/input_merhant code"), Keys.chord(CONTROL, "v")): Keys 'CONTROL + v' sent to object: 'Object Repository/simulator post/input_merhant code'

2022-05-24 15:01:10 - [MESSAGE][PASSED] - Keys 'CONTROL + v' sent to object: 'Object Repository/simulator post/input_merhant code'

2022-05-24 15:01:10 - [TEST_STEP][PASSED] - sendKeys(findTestObject("simulator post/input_merhant code"), Keys.chord(SHIFT, ARROW_LEFT, ARROW_LEFT, ARROW_LEFT, ARROW_LEFT, ARROW_LEFT, ARROW_LEFT, ARROW_LEFT, ARROW_LEFT)): Keys 'SHIFT + LEFT + LEFT + LEFT + LEFT + LEFT + LEFT + LEFT + LEFT + ' sent to object: 'Object Repository/simulator post/input_merhant code'

2022-05-24 15:01:11 - [MESSAGE][PASSED] - Keys 'SHIFT + LEFT + LEFT + LEFT + LEFT + LEFT + LEFT + LEFT + LEFT + ' sent to object: 'Object Repository/simulator post/input_merhant code'

2022-05-24 15:01:11 - [TEST_STEP][PASSED] - sendKeys(findTestObject("simulator post/input_merhant code"), Keys.chord(CONTROL, "x")): Keys 'CONTROL + x' sent to object: 'Object Repository/simulator post/input_merhant code'

2022-05-24 15:01:11 - [MESSAGE][PASSED] - Keys 'CONTROL + x' sent to object: 'Object Repository/simulator post/input_merhant code'

2022-05-24 15:01:11 - [TEST_STEP][PASSED] - click(findTestObject("simulator post/input_paymentID")): Object: 'Object Repository/simulator post/input_paymentID' is clicked on

2022-05-24 15:01:12 - [MESSAGE][PASSED] - Object: 'Object Repository/simulator post/input_paymentID' is clicked on

2022-05-24 15:01:12 - [TEST_STEP][PASSED] - sendKeys(findTestObject("simulator post/input_paymentID"), Keys.chord(CONTROL, "a")): Keys 'CONTROL + a' sent to object: 'Object Repository/simulator post/input_paymentID'

2022-05-24 15:01:13 - [MESSAGE][PASSED] - Keys 'CONTROL + a' sent to object: 'Object Repository/simulator post/input_paymentID'

2022-05-24 15:01:13 - [TEST_STEP][PASSED] - sendKeys(findTestObject("simulator post/input_paymentID"), Keys.chord(DELETE)): Keys 'DELETE + ' sent to object: 'Object Repository/simulator post/input_paymentID'

2022-05-24 15:01:14 - [MESSAGE][PASSED] - Keys 'DELETE + ' sent to object: 'Object Repository/simulator post/input_paymentID'

2022-05-24 15:01:14 - [TEST_STEP][PASSED] - sendKeys(findTestObject("simulator post/input_paymentID"), Keys.chord(CONTROL, "v")): Keys 'CONTROL + v' sent to object: 'Object Repository/simulator post/input_paymentID'

2022-05-24 15:01:14 - [MESSAGE][PASSED] - Keys 'CONTROL + v' sent to object: 'Object Repository/simulator post/input_paymentID'

2022-05-24 15:01:14 - [TEST_STEP][PASSED] - sendKeys(findTestObject("simulator post/input_paymentID"), Keys.chord(SHIFT, ARROW_LEFT, ARROW_LEFT, ARROW_LEFT, ARROW_LEFT, ARROW_LEFT, ARROW_LEFT)): Keys 'SHIFT + LEFT + LEFT + LEFT + LEFT + LEFT + LEFT + ' sent to object: 'Object Repository/simulator post/input_paymentID'

2022-05-24 15:01:15 - [MESSAGE][PASSED] - Keys 'SHIFT + LEFT + LEFT + LEFT + LEFT + LEFT + LEFT + ' sent to object: 'Object Repository/simulator post/input_paymentID'

2022-05-24 15:01:15 - [TEST_STEP][PASSED] - sendKeys(findTestObject("simulator post/input_paymentID"), Keys.chord(CONTROL, "x")): Keys 'CONTROL + x' sent to object: 'Object Repository/simulator post/input_paymentID'

2022-05-24 15:01:16 - [MESSAGE][PASSED] - Keys 'CONTROL + x' sent to object: 'Object Repository/simulator post/input_paymentID'

2022-05-24 15:01:16 - [TEST_STEP][PASSED] - click(findTestObject("simulator post/input_amount")): Object: 'Object Repository/simulator post/input_amount' is clicked on

2022-05-24 15:01:16 - [MESSAGE][PASSED] - Object: 'Object Repository/simulator post/input_amount' is clicked on

2022-05-24 15:01:16 - [TEST_STEP][PASSED] - sendKeys(findTestObject("simulator post/input_amount"), Keys.chord(CONTROL, "a")): Keys 'CONTROL + a' sent to object: 'Object Repository/simulator post/input_amount'

2022-05-24 15:01:17 - [MESSAGE][PASSED] - Keys 'CONTROL + a' sent to object: 'Object Repository/simulator post/input_amount'

2022-05-24 15:01:17 - [TEST_STEP][PASSED] - sendKeys(findTestObject("simulator post/input_amount"), Keys.chord(DELETE)): Keys 'DELETE + ' sent to object: 'Object Repository/simulator post/input_amount'

2022-05-24 15:01:18 - [MESSAGE][PASSED] - Keys 'DELETE + ' sent to object: 'Object Repository/simulator post/input_amount'

2022-05-24 15:01:18 - [TEST_STEP][PASSED] - sendKeys(findTestObject("simulator post/input_amount"), Keys.chord(CONTROL, "v")): Keys 'CONTROL + v' sent to object: 'Object Repository/simulator post/input_amount'

2022-05-24 15:01:18 - [MESSAGE][PASSED] - Keys 'CONTROL + v' sent to object: 'Object Repository/simulator post/input_amount'

2022-05-24 15:01:18 - [TEST_STEP][PASSED] - value_amount = getText(findTestObject("simulator post/input_amount")): Text of object 'Object Repository/simulator post/input_amount' is: 'Amount'

2022-05-24 15:01:19 - [MESSAGE][PASSED] - Text of object 'Object Repository/simulator post/input_amount' is: 'Amount'

2022-05-24 15:01:19 - [TEST_STEP][PASSED] - delay(1): Delayed 1 second(s)

2022-05-24 15:01:20 - [MESSAGE][PASSED] - Delayed 1 second(s)

2022-05-24 15:01:20 - [TEST_STEP][PASSED] - println(value_amount): null

2022-05-24 15:01:20 - [TEST_STEP][PASSED] - takeFullPageScreenshot(): Taking screenshot successfully

2022-05-24 15:01:21 - [MESSAGE][INFO] - 0 hidden object(s)

2022-05-24 15:01:21 - [MESSAGE][PASSED] - Taking screenshot successfully
[[ATTACHMENT|C:\\Users\\E2PAY\\git\\simulatorTestHp\\Reports\\20220524_145431\\Permata VA noPay 2\\20220524_145431\\1653379280475.png]]

2022-05-24 15:01:21 - [TEST_STEP][PASSED] - click(findTestObject("simulator post/btn_proses payment")): Object: 'Object Repository/simulator post/btn_proses payment' is clicked on

2022-05-24 15:01:22 - [MESSAGE][PASSED] - Object: 'Object Repository/simulator post/btn_proses payment' is clicked on

2022-05-24 15:01:22 - [TEST_STEP][PASSED] - delay(1): Delayed 1 second(s)

2022-05-24 15:01:23 - [MESSAGE][PASSED] - Delayed 1 second(s)

2022-05-24 15:01:23 - [TEST_STEP][PASSED] - va = getText(findTestObject("page_tagihan BCA/div_700701701000000319")): Text of object 'Object Repository/page_tagihan BCA/div_700701701000000319' is: '8452170000122637'

2022-05-24 15:01:24 - [MESSAGE][PASSED] - Text of object 'Object Repository/page_tagihan BCA/div_700701701000000319' is: '8452170000122637'

2022-05-24 15:01:24 - [TEST_STEP][PASSED] - value_bayar = getText(findTestObject("page_tagihan BCA/span_Rp 300.000,00")): Text of object 'Object Repository/page_tagihan BCA/span_Rp 300.000,00' is: 'Rp 2.010,00'

2022-05-24 15:01:25 - [MESSAGE][PASSED] - Text of object 'Object Repository/page_tagihan BCA/span_Rp 300.000,00' is: 'Rp 2.010,00'

2022-05-24 15:01:25 - [TEST_STEP][PASSED] - delay(1): Delayed 1 second(s)

2022-05-24 15:01:26 - [MESSAGE][PASSED] - Delayed 1 second(s)

2022-05-24 15:01:26 - [TEST_STEP][PASSED] - takeFullPageScreenshot(): Taking screenshot successfully

2022-05-24 15:01:27 - [MESSAGE][INFO] - 0 hidden object(s)

2022-05-24 15:01:27 - [MESSAGE][PASSED] - Taking screenshot successfully
[[ATTACHMENT|C:\\Users\\E2PAY\\git\\simulatorTestHp\\Reports\\20220524_145431\\Permata VA noPay 2\\20220524_145431\\1653379286838.png]]]]></system-out>
         <system-err><![CDATA[]]></system-err>
      </testcase>
      <system-out><![CDATA[2022-05-24 14:54:37 - [TEST_SUITE][PASSED] - Permata VA noPay 2: Test Cases/simulator - pass PERMATA noPay - Copy]]></system-out>
      <system-err><![CDATA[]]></system-err>
   </testsuite>
</testsuites>
